----------------------------
Simulation parameters:
  dim  : 2
  r    : 0.1
  eps  : 0.001
  alpha: 0.75
  gamma: 0.75
  D    : 0.01
  c    : 5.
  IC   : 3
  snum : 1
  x0   : (0.25,0.25)
  scals: (500.,0.,0.,1.)
----------------------------
  ---------- Testing Jacobian -------------
  Run with -snes_test_jacobian_view and optionally -snes_test_jacobian <threshold> to show difference
    of hand-coded and finite difference Jacobian entries greater than <threshold>.
  Testing hand-coded Jacobian, if (for double precision runs) ||J - Jfd||_F/||J||_F is
    O(1.e-8), the hand-coded Jacobian is probably correct.
  ||J - Jfd||_F/||J||_F = 7.63671e-14, ||J - Jfd||_F = 7.42482e-13
   0 TS: time 0., energy 0.796361, intp -2.32934e-21, ell 0.
      ---------- Testing Jacobian -------------
      ||J - Jfd||_F/||J||_F = 0.999818, ||J - Jfd||_F = 7.
      ---------- Testing Jacobian -------------
      ||J - Jfd||_F/||J||_F = 0.998116, ||J - Jfd||_F = 4.
         step 0 stage 0 nonlinear its 0, linear its 0
    ---------- Testing Jacobian -------------
    ||J - Jfd||_F/||J||_F = 4.47415e-07, ||J - Jfd||_F = 4.8234e-06
    ---------- Testing Jacobian -------------
    ||J - Jfd||_F/||J||_F = 1.84533e-07, ||J - Jfd||_F = 1.76378e-06
         step 0 stage 1 nonlinear its 1, linear its 1
    ---------- Testing Jacobian -------------
    ||J - Jfd||_F/||J||_F = 4.55955e-07, ||J - Jfd||_F = 4.70736e-06
    ---------- Testing Jacobian -------------
    ||J - Jfd||_F/||J||_F = 1.81881e-07, ||J - Jfd||_F = 1.72255e-06
         step 0 stage 2 nonlinear its 1, linear its 1
   1 TS: time 0.1, energy 0.727463, intp 2.11758e-22, ell 0.
