----------------------------
Simulation parameters:
  r    : 0.1
  eps  : 0.001
  alpha: 0.75
  gamma: 0.75
  D    : 0.01
  c    : 5.
  IC   : 0
  snum : 1
  x0   : (0.25,0.25)
  scals: (500.,0.,0.,1.)
----------------------------
  ---------- Testing Jacobian -------------
  Run with -snes_test_jacobian_view and optionally -snes_test_jacobian <threshold> to show difference
    of hand-coded and finite difference Jacobian entries greater than <threshold>.
  Testing hand-coded Jacobian, if (for double precision runs) ||J - Jfd||_F/||J||_F is
    O(1.e-8), the hand-coded Jacobian is probably correct.
  ||J - Jfd||_F/||J||_F = 5.39937e-14, ||J - Jfd||_F = 1.00793e-12
   0 TS: time 0., energy 1.29684, intp -1.08526e-21, ell 0.
    ---------- Testing Jacobian -------------
    ||J - Jfd||_F/||J||_F = 3.27707e-07, ||J - Jfd||_F = 6.13689e-06
         step 0 stage 0 nonlinear its 1, linear its 1
   1 TS: time 0.1, energy 1.24867, intp -1.98523e-22, ell 0.
