Timestep: 0000 time = 0        	 L_2 Error: 1.3668e-16
0 TS dt 0.1 time 0.
    0 SNES Function norm 0.38487 
      0 KSP unpreconditioned resid norm 3.848701079585e-01 true resid norm 3.848701079585e-01 ||r(i)||/||b|| 1.000000000000e+00
      1 KSP unpreconditioned resid norm 5.953750497389e-02 true resid norm 5.953750497389e-02 ||r(i)||/||b|| 1.546950613798e-01
      2 KSP unpreconditioned resid norm 3.691128513801e-03 true resid norm 3.691128513801e-03 ||r(i)||/||b|| 9.590582478281e-03
      3 KSP unpreconditioned resid norm 2.954529972164e-04 true resid norm 2.954529972164e-04 ||r(i)||/||b|| 7.676693801542e-04
      4 KSP unpreconditioned resid norm 5.498895904867e-06 true resid norm 5.498895904839e-06 ||r(i)||/||b|| 1.428766690665e-05
      5 KSP unpreconditioned resid norm 8.124860380644e-08 true resid norm 8.124860381626e-08 ||r(i)||/||b|| 2.111065581249e-07
      6 KSP unpreconditioned resid norm 8.450171119796e-10 true resid norm 8.450171299322e-10 ||r(i)||/||b|| 2.195590440667e-09
      7 KSP unpreconditioned resid norm 5.994916229238e-12 true resid norm 5.994900744360e-12 ||r(i)||/||b|| 1.557642596916e-11
    1 SNES Function norm < 1.e-11
  Nonlinear solve converged due to CONVERGED_FNORM_RELATIVE iterations 1
SNES Object: 1 MPI process
  type: newtonls
  maximum iterations=50, maximum function evaluations=10000
  tolerances: relative=1e-08, absolute=1e-50, solution=1e-08
  total number of linear solver iterations=7
  total number of function evaluations=2
  norm schedule ALWAYS
  SNESLineSearch Object: 1 MPI process
    type: bt
      interpolation: cubic
      alpha=1.000000e-04
    maxstep=1.000000e+08, minlambda=1.000000e-12
    tolerances: relative=1.000000e-08, absolute=1.000000e-15, lambda=1.000000e-08
    maximum iterations=40
  KSP Object: 1 MPI process
    type: fgmres
      restart=30, using Classical (unmodified) Gram-Schmidt Orthogonalization with no iterative refinement
      happy breakdown tolerance 1e-30
    maximum iterations=10000, initial guess is zero
    tolerances:  relative=1e-09, absolute=1e-50, divergence=10000.
    right preconditioning
    using UNPRECONDITIONED norm type for convergence test
  PC Object: 1 MPI process
    type: mg
      type is MULTIPLICATIVE, levels=2 cycles=v
        Cycles per PCApply=1
        Not using Galerkin computed coarse grid matrices
    Coarse grid solver -- level 0 -------------------------------
      KSP Object: (mg_coarse_) 1 MPI process
        type: preonly
        maximum iterations=10000, initial guess is zero
        tolerances:  relative=1e-05, absolute=1e-50, divergence=10000.
        left preconditioning
        using NONE norm type for convergence test
      PC Object: (mg_coarse_) 1 MPI process
        type: lu
          out-of-place factorization
          tolerance for zero pivot 2.22045e-14
          using diagonal shift on blocks to prevent zero pivot [INBLOCKS]
          matrix ordering: nd
          factor fill ratio given 1., needed 1.
            Factored matrix follows:
              Mat Object: (mg_coarse_) 1 MPI process
                type: seqaij
                rows=1, cols=1
                package used to perform factorization: petsc
                total: nonzeros=1, allocated nonzeros=1
                  not using I-node routines
        linear system matrix = precond matrix:
        Mat Object: 1 MPI process
          type: seqaij
          rows=1, cols=1
          total: nonzeros=1, allocated nonzeros=1
          total number of mallocs used during MatSetValues calls=0
            not using I-node routines
    Down solver (pre-smoother) on level 1 -------------------------------
      KSP Object: (mg_levels_1_) 1 MPI process
        type: chebyshev
          Chebyshev polynomial of first kind
          eigenvalue targets used: min 0.184671, max 2.03138
          eigenvalues estimated via gmres: min 0.864319, max 1.84671
          eigenvalues estimated using gmres with transform: [0. 0.1; 0. 1.1]
          KSP Object: (mg_levels_1_esteig_) 1 MPI process
            type: gmres
              restart=30, using Classical (unmodified) Gram-Schmidt Orthogonalization with no iterative refinement
              happy breakdown tolerance 1e-30
            maximum iterations=10, initial guess is zero
            tolerances:  relative=1e-12, absolute=1e-50, divergence=10000.
            left preconditioning
            using PRECONDITIONED norm type for convergence test
          estimating eigenvalues using noisy right hand side
        maximum iterations=2, nonzero initial guess
        tolerances:  relative=1e-05, absolute=1e-50, divergence=10000.
        left preconditioning
        using NONE norm type for convergence test
      PC Object: (mg_levels_1_) 1 MPI process
        type: sor
          type = local_symmetric, iterations = 1, local iterations = 1, omega = 1.
        linear system matrix = precond matrix:
        Mat Object: 1 MPI process
          type: seqaij
          rows=9, cols=9
          total: nonzeros=41, allocated nonzeros=41
          total number of mallocs used during MatSetValues calls=0
            not using I-node routines
    Up solver (post-smoother) same as down solver (pre-smoother)
    linear system matrix = precond matrix:
    Mat Object: 1 MPI process
      type: seqaij
      rows=9, cols=9
      total: nonzeros=41, allocated nonzeros=41
      total number of mallocs used during MatSetValues calls=0
        not using I-node routines
Timestep: 0001 time = 0.1      	 L_2 Error: 0.042609
1 TS dt 0.1 time 0.1
    0 SNES Function norm 0.383649 
      0 KSP unpreconditioned resid norm 3.836491353021e-01 true resid norm 3.836491353021e-01 ||r(i)||/||b|| 1.000000000000e+00
      1 KSP unpreconditioned resid norm 5.713173171737e-02 true resid norm 5.713173171737e-02 ||r(i)||/||b|| 1.489166179728e-01
      2 KSP unpreconditioned resid norm 3.701839358915e-03 true resid norm 3.701839358915e-03 ||r(i)||/||b|| 9.649023074168e-03
      3 KSP unpreconditioned resid norm 2.882181038660e-04 true resid norm 2.882181038660e-04 ||r(i)||/||b|| 7.512544075957e-04
      4 KSP unpreconditioned resid norm 5.434065641187e-06 true resid norm 5.434065641207e-06 ||r(i)||/||b|| 1.416415453909e-05
      5 KSP unpreconditioned resid norm 8.099396499552e-08 true resid norm 8.099396499276e-08 ||r(i)||/||b|| 2.111146814627e-07
      6 KSP unpreconditioned resid norm 8.837125912415e-10 true resid norm 8.837125972145e-10 ||r(i)||/||b|| 2.303439564691e-09
      7 KSP unpreconditioned resid norm 6.839051366694e-12 true resid norm 6.839065619237e-12 ||r(i)||/||b|| 1.782635483813e-11
    1 SNES Function norm < 1.e-11
  Nonlinear solve converged due to CONVERGED_FNORM_RELATIVE iterations 1
SNES Object: 1 MPI process
  type: newtonls
  maximum iterations=50, maximum function evaluations=10000
  tolerances: relative=1e-08, absolute=1e-50, solution=1e-08
  total number of linear solver iterations=7
  total number of function evaluations=2
  norm schedule ALWAYS
  SNESLineSearch Object: 1 MPI process
    type: bt
      interpolation: cubic
      alpha=1.000000e-04
    maxstep=1.000000e+08, minlambda=1.000000e-12
    tolerances: relative=1.000000e-08, absolute=1.000000e-15, lambda=1.000000e-08
    maximum iterations=40
  KSP Object: 1 MPI process
    type: fgmres
      restart=30, using Classical (unmodified) Gram-Schmidt Orthogonalization with no iterative refinement
      happy breakdown tolerance 1e-30
    maximum iterations=10000, initial guess is zero
    tolerances:  relative=1e-09, absolute=1e-50, divergence=10000.
    right preconditioning
    using UNPRECONDITIONED norm type for convergence test
  PC Object: 1 MPI process
    type: mg
      type is MULTIPLICATIVE, levels=2 cycles=v
        Cycles per PCApply=1
        Not using Galerkin computed coarse grid matrices
    Coarse grid solver -- level 0 -------------------------------
      KSP Object: (mg_coarse_) 1 MPI process
        type: preonly
        maximum iterations=10000, initial guess is zero
        tolerances:  relative=1e-05, absolute=1e-50, divergence=10000.
        left preconditioning
        using NONE norm type for convergence test
      PC Object: (mg_coarse_) 1 MPI process
        type: lu
          out-of-place factorization
          tolerance for zero pivot 2.22045e-14
          using diagonal shift on blocks to prevent zero pivot [INBLOCKS]
          matrix ordering: nd
          factor fill ratio given 1., needed 1.
            Factored matrix follows:
              Mat Object: (mg_coarse_) 1 MPI process
                type: seqaij
                rows=1, cols=1
                package used to perform factorization: petsc
                total: nonzeros=1, allocated nonzeros=1
                  not using I-node routines
        linear system matrix = precond matrix:
        Mat Object: 1 MPI process
          type: seqaij
          rows=1, cols=1
          total: nonzeros=1, allocated nonzeros=1
          total number of mallocs used during MatSetValues calls=0
            not using I-node routines
    Down solver (pre-smoother) on level 1 -------------------------------
      KSP Object: (mg_levels_1_) 1 MPI process
        type: chebyshev
          Chebyshev polynomial of first kind
          eigenvalue targets used: min 0.184671, max 2.03138
          eigenvalues estimated via gmres: min 0.864319, max 1.84671
          eigenvalues estimated using gmres with transform: [0. 0.1; 0. 1.1]
          KSP Object: (mg_levels_1_esteig_) 1 MPI process
            type: gmres
              restart=30, using Classical (unmodified) Gram-Schmidt Orthogonalization with no iterative refinement
              happy breakdown tolerance 1e-30
            maximum iterations=10, initial guess is zero
            tolerances:  relative=1e-12, absolute=1e-50, divergence=10000.
            left preconditioning
            using PRECONDITIONED norm type for convergence test
          estimating eigenvalues using noisy right hand side
        maximum iterations=2, nonzero initial guess
        tolerances:  relative=1e-05, absolute=1e-50, divergence=10000.
        left preconditioning
        using NONE norm type for convergence test
      PC Object: (mg_levels_1_) 1 MPI process
        type: sor
          type = local_symmetric, iterations = 1, local iterations = 1, omega = 1.
        linear system matrix = precond matrix:
        Mat Object: 1 MPI process
          type: seqaij
          rows=9, cols=9
          total: nonzeros=41, allocated nonzeros=41
          total number of mallocs used during MatSetValues calls=0
            not using I-node routines
    Up solver (post-smoother) same as down solver (pre-smoother)
    linear system matrix = precond matrix:
    Mat Object: 1 MPI process
      type: seqaij
      rows=9, cols=9
      total: nonzeros=41, allocated nonzeros=41
      total number of mallocs used during MatSetValues calls=0
        not using I-node routines
Timestep: 0002 time = 0.2      	 L_2 Error: 0.084372
2 TS dt 0.1 time 0.2
    0 SNES Function norm 0.380922 
      0 KSP unpreconditioned resid norm 3.809222270496e-01 true resid norm 3.809222270496e-01 ||r(i)||/||b|| 1.000000000000e+00
      1 KSP unpreconditioned resid norm 5.529384557740e-02 true resid norm 5.529384557740e-02 ||r(i)||/||b|| 1.451578344631e-01
      2 KSP unpreconditioned resid norm 3.491117066282e-03 true resid norm 3.491117066282e-03 ||r(i)||/||b|| 9.164907738050e-03
      3 KSP unpreconditioned resid norm 2.781243163540e-04 true resid norm 2.781243163540e-04 ||r(i)||/||b|| 7.301341234619e-04
      4 KSP unpreconditioned resid norm 5.390962782024e-06 true resid norm 5.390962782030e-06 ||r(i)||/||b|| 1.415239752163e-05
      5 KSP unpreconditioned resid norm 7.994068269892e-08 true resid norm 7.994068271870e-08 ||r(i)||/||b|| 2.098609034655e-07
      6 KSP unpreconditioned resid norm 9.088144512970e-10 true resid norm 9.088144379240e-10 ||r(i)||/||b|| 2.385826747268e-09
      7 KSP unpreconditioned resid norm 7.238665050589e-12 true resid norm 7.238653364741e-12 ||r(i)||/||b|| 1.900296924337e-11
    1 SNES Function norm < 1.e-11
  Nonlinear solve converged due to CONVERGED_FNORM_RELATIVE iterations 1
SNES Object: 1 MPI process
  type: newtonls
  maximum iterations=50, maximum function evaluations=10000
  tolerances: relative=1e-08, absolute=1e-50, solution=1e-08
  total number of linear solver iterations=7
  total number of function evaluations=2
  norm schedule ALWAYS
  SNESLineSearch Object: 1 MPI process
    type: bt
      interpolation: cubic
      alpha=1.000000e-04
    maxstep=1.000000e+08, minlambda=1.000000e-12
    tolerances: relative=1.000000e-08, absolute=1.000000e-15, lambda=1.000000e-08
    maximum iterations=40
  KSP Object: 1 MPI process
    type: fgmres
      restart=30, using Classical (unmodified) Gram-Schmidt Orthogonalization with no iterative refinement
      happy breakdown tolerance 1e-30
    maximum iterations=10000, initial guess is zero
    tolerances:  relative=1e-09, absolute=1e-50, divergence=10000.
    right preconditioning
    using UNPRECONDITIONED norm type for convergence test
  PC Object: 1 MPI process
    type: mg
      type is MULTIPLICATIVE, levels=2 cycles=v
        Cycles per PCApply=1
        Not using Galerkin computed coarse grid matrices
    Coarse grid solver -- level 0 -------------------------------
      KSP Object: (mg_coarse_) 1 MPI process
        type: preonly
        maximum iterations=10000, initial guess is zero
        tolerances:  relative=1e-05, absolute=1e-50, divergence=10000.
        left preconditioning
        using NONE norm type for convergence test
      PC Object: (mg_coarse_) 1 MPI process
        type: lu
          out-of-place factorization
          tolerance for zero pivot 2.22045e-14
          using diagonal shift on blocks to prevent zero pivot [INBLOCKS]
          matrix ordering: nd
          factor fill ratio given 1., needed 1.
            Factored matrix follows:
              Mat Object: (mg_coarse_) 1 MPI process
                type: seqaij
                rows=1, cols=1
                package used to perform factorization: petsc
                total: nonzeros=1, allocated nonzeros=1
                  not using I-node routines
        linear system matrix = precond matrix:
        Mat Object: 1 MPI process
          type: seqaij
          rows=1, cols=1
          total: nonzeros=1, allocated nonzeros=1
          total number of mallocs used during MatSetValues calls=0
            not using I-node routines
    Down solver (pre-smoother) on level 1 -------------------------------
      KSP Object: (mg_levels_1_) 1 MPI process
        type: chebyshev
          Chebyshev polynomial of first kind
          eigenvalue targets used: min 0.184671, max 2.03138
          eigenvalues estimated via gmres: min 0.864319, max 1.84671
          eigenvalues estimated using gmres with transform: [0. 0.1; 0. 1.1]
          KSP Object: (mg_levels_1_esteig_) 1 MPI process
            type: gmres
              restart=30, using Classical (unmodified) Gram-Schmidt Orthogonalization with no iterative refinement
              happy breakdown tolerance 1e-30
            maximum iterations=10, initial guess is zero
            tolerances:  relative=1e-12, absolute=1e-50, divergence=10000.
            left preconditioning
            using PRECONDITIONED norm type for convergence test
          estimating eigenvalues using noisy right hand side
        maximum iterations=2, nonzero initial guess
        tolerances:  relative=1e-05, absolute=1e-50, divergence=10000.
        left preconditioning
        using NONE norm type for convergence test
      PC Object: (mg_levels_1_) 1 MPI process
        type: sor
          type = local_symmetric, iterations = 1, local iterations = 1, omega = 1.
        linear system matrix = precond matrix:
        Mat Object: 1 MPI process
          type: seqaij
          rows=9, cols=9
          total: nonzeros=41, allocated nonzeros=41
          total number of mallocs used during MatSetValues calls=0
            not using I-node routines
    Up solver (post-smoother) same as down solver (pre-smoother)
    linear system matrix = precond matrix:
    Mat Object: 1 MPI process
      type: seqaij
      rows=9, cols=9
      total: nonzeros=41, allocated nonzeros=41
      total number of mallocs used during MatSetValues calls=0
        not using I-node routines
Timestep: 0003 time = 0.3      	 L_2 Error: 0.12562
3 TS dt 0.1 time 0.3
    0 SNES Function norm 0.377457 
      0 KSP unpreconditioned resid norm 3.774573494085e-01 true resid norm 3.774573494085e-01 ||r(i)||/||b|| 1.000000000000e+00
      1 KSP unpreconditioned resid norm 5.465677204172e-02 true resid norm 5.465677204172e-02 ||r(i)||/||b|| 1.448025111377e-01
      2 KSP unpreconditioned resid norm 3.292550395291e-03 true resid norm 3.292550395291e-03 ||r(i)||/||b|| 8.722973338446e-03
      3 KSP unpreconditioned resid norm 2.718944326801e-04 true resid norm 2.718944326802e-04 ||r(i)||/||b|| 7.203315370762e-04
      4 KSP unpreconditioned resid norm 5.382608259994e-06 true resid norm 5.382608259977e-06 ||r(i)||/||b|| 1.426017606602e-05
      5 KSP unpreconditioned resid norm 7.915591498261e-08 true resid norm 7.915591499997e-08 ||r(i)||/||b|| 2.097082362392e-07
      6 KSP unpreconditioned resid norm 9.169332355354e-10 true resid norm 9.169332237342e-10 ||r(i)||/||b|| 2.429236641361e-09
      7 KSP unpreconditioned resid norm 7.298902402227e-12 true resid norm 7.298882583921e-12 ||r(i)||/||b|| 1.933697302585e-11
    1 SNES Function norm < 1.e-11
  Nonlinear solve converged due to CONVERGED_FNORM_RELATIVE iterations 1
SNES Object: 1 MPI process
  type: newtonls
  maximum iterations=50, maximum function evaluations=10000
  tolerances: relative=1e-08, absolute=1e-50, solution=1e-08
  total number of linear solver iterations=7
  total number of function evaluations=2
  norm schedule ALWAYS
  SNESLineSearch Object: 1 MPI process
    type: bt
      interpolation: cubic
      alpha=1.000000e-04
    maxstep=1.000000e+08, minlambda=1.000000e-12
    tolerances: relative=1.000000e-08, absolute=1.000000e-15, lambda=1.000000e-08
    maximum iterations=40
  KSP Object: 1 MPI process
    type: fgmres
      restart=30, using Classical (unmodified) Gram-Schmidt Orthogonalization with no iterative refinement
      happy breakdown tolerance 1e-30
    maximum iterations=10000, initial guess is zero
    tolerances:  relative=1e-09, absolute=1e-50, divergence=10000.
    right preconditioning
    using UNPRECONDITIONED norm type for convergence test
  PC Object: 1 MPI process
    type: mg
      type is MULTIPLICATIVE, levels=2 cycles=v
        Cycles per PCApply=1
        Not using Galerkin computed coarse grid matrices
    Coarse grid solver -- level 0 -------------------------------
      KSP Object: (mg_coarse_) 1 MPI process
        type: preonly
        maximum iterations=10000, initial guess is zero
        tolerances:  relative=1e-05, absolute=1e-50, divergence=10000.
        left preconditioning
        using NONE norm type for convergence test
      PC Object: (mg_coarse_) 1 MPI process
        type: lu
          out-of-place factorization
          tolerance for zero pivot 2.22045e-14
          using diagonal shift on blocks to prevent zero pivot [INBLOCKS]
          matrix ordering: nd
          factor fill ratio given 1., needed 1.
            Factored matrix follows:
              Mat Object: (mg_coarse_) 1 MPI process
                type: seqaij
                rows=1, cols=1
                package used to perform factorization: petsc
                total: nonzeros=1, allocated nonzeros=1
                  not using I-node routines
        linear system matrix = precond matrix:
        Mat Object: 1 MPI process
          type: seqaij
          rows=1, cols=1
          total: nonzeros=1, allocated nonzeros=1
          total number of mallocs used during MatSetValues calls=0
            not using I-node routines
    Down solver (pre-smoother) on level 1 -------------------------------
      KSP Object: (mg_levels_1_) 1 MPI process
        type: chebyshev
          Chebyshev polynomial of first kind
          eigenvalue targets used: min 0.184671, max 2.03138
          eigenvalues estimated via gmres: min 0.864319, max 1.84671
          eigenvalues estimated using gmres with transform: [0. 0.1; 0. 1.1]
          KSP Object: (mg_levels_1_esteig_) 1 MPI process
            type: gmres
              restart=30, using Classical (unmodified) Gram-Schmidt Orthogonalization with no iterative refinement
              happy breakdown tolerance 1e-30
            maximum iterations=10, initial guess is zero
            tolerances:  relative=1e-12, absolute=1e-50, divergence=10000.
            left preconditioning
            using PRECONDITIONED norm type for convergence test
          estimating eigenvalues using noisy right hand side
        maximum iterations=2, nonzero initial guess
        tolerances:  relative=1e-05, absolute=1e-50, divergence=10000.
        left preconditioning
        using NONE norm type for convergence test
      PC Object: (mg_levels_1_) 1 MPI process
        type: sor
          type = local_symmetric, iterations = 1, local iterations = 1, omega = 1.
        linear system matrix = precond matrix:
        Mat Object: 1 MPI process
          type: seqaij
          rows=9, cols=9
          total: nonzeros=41, allocated nonzeros=41
          total number of mallocs used during MatSetValues calls=0
            not using I-node routines
    Up solver (post-smoother) same as down solver (pre-smoother)
    linear system matrix = precond matrix:
    Mat Object: 1 MPI process
      type: seqaij
      rows=9, cols=9
      total: nonzeros=41, allocated nonzeros=41
      total number of mallocs used during MatSetValues calls=0
        not using I-node routines
Timestep: 0004 time = 0.4      	 L_2 Error: 0.16664
4 TS dt 0.1 time 0.4
    0 SNES Function norm 0.37449 
      0 KSP unpreconditioned resid norm 3.744902213601e-01 true resid norm 3.744902213601e-01 ||r(i)||/||b|| 1.000000000000e+00
      1 KSP unpreconditioned resid norm 5.475194702308e-02 true resid norm 5.475194702308e-02 ||r(i)||/||b|| 1.462039431209e-01
      2 KSP unpreconditioned resid norm 3.201795132248e-03 true resid norm 3.201795132248e-03 ||r(i)||/||b|| 8.549742956223e-03
      3 KSP unpreconditioned resid norm 2.703239064010e-04 true resid norm 2.703239064010e-04 ||r(i)||/||b|| 7.218450335477e-04
      4 KSP unpreconditioned resid norm 5.381619009704e-06 true resid norm 5.381619009733e-06 ||r(i)||/||b|| 1.437051944958e-05
      5 KSP unpreconditioned resid norm 7.866750146107e-08 true resid norm 7.866750145191e-08 ||r(i)||/||b|| 2.100655690453e-07
      6 KSP unpreconditioned resid norm 9.111518231767e-10 true resid norm 9.111518449012e-10 ||r(i)||/||b|| 2.433045759091e-09
      7 KSP unpreconditioned resid norm 7.185517447183e-12 true resid norm 7.185510657701e-12 ||r(i)||/||b|| 1.918744535332e-11
    1 SNES Function norm < 1.e-11
  Nonlinear solve converged due to CONVERGED_FNORM_RELATIVE iterations 1
SNES Object: 1 MPI process
  type: newtonls
  maximum iterations=50, maximum function evaluations=10000
  tolerances: relative=1e-08, absolute=1e-50, solution=1e-08
  total number of linear solver iterations=7
  total number of function evaluations=2
  norm schedule ALWAYS
  SNESLineSearch Object: 1 MPI process
    type: bt
      interpolation: cubic
      alpha=1.000000e-04
    maxstep=1.000000e+08, minlambda=1.000000e-12
    tolerances: relative=1.000000e-08, absolute=1.000000e-15, lambda=1.000000e-08
    maximum iterations=40
  KSP Object: 1 MPI process
    type: fgmres
      restart=30, using Classical (unmodified) Gram-Schmidt Orthogonalization with no iterative refinement
      happy breakdown tolerance 1e-30
    maximum iterations=10000, initial guess is zero
    tolerances:  relative=1e-09, absolute=1e-50, divergence=10000.
    right preconditioning
    using UNPRECONDITIONED norm type for convergence test
  PC Object: 1 MPI process
    type: mg
      type is MULTIPLICATIVE, levels=2 cycles=v
        Cycles per PCApply=1
        Not using Galerkin computed coarse grid matrices
    Coarse grid solver -- level 0 -------------------------------
      KSP Object: (mg_coarse_) 1 MPI process
        type: preonly
        maximum iterations=10000, initial guess is zero
        tolerances:  relative=1e-05, absolute=1e-50, divergence=10000.
        left preconditioning
        using NONE norm type for convergence test
      PC Object: (mg_coarse_) 1 MPI process
        type: lu
          out-of-place factorization
          tolerance for zero pivot 2.22045e-14
          using diagonal shift on blocks to prevent zero pivot [INBLOCKS]
          matrix ordering: nd
          factor fill ratio given 1., needed 1.
            Factored matrix follows:
              Mat Object: (mg_coarse_) 1 MPI process
                type: seqaij
                rows=1, cols=1
                package used to perform factorization: petsc
                total: nonzeros=1, allocated nonzeros=1
                  not using I-node routines
        linear system matrix = precond matrix:
        Mat Object: 1 MPI process
          type: seqaij
          rows=1, cols=1
          total: nonzeros=1, allocated nonzeros=1
          total number of mallocs used during MatSetValues calls=0
            not using I-node routines
    Down solver (pre-smoother) on level 1 -------------------------------
      KSP Object: (mg_levels_1_) 1 MPI process
        type: chebyshev
          Chebyshev polynomial of first kind
          eigenvalue targets used: min 0.184671, max 2.03138
          eigenvalues estimated via gmres: min 0.864319, max 1.84671
          eigenvalues estimated using gmres with transform: [0. 0.1; 0. 1.1]
          KSP Object: (mg_levels_1_esteig_) 1 MPI process
            type: gmres
              restart=30, using Classical (unmodified) Gram-Schmidt Orthogonalization with no iterative refinement
              happy breakdown tolerance 1e-30
            maximum iterations=10, initial guess is zero
            tolerances:  relative=1e-12, absolute=1e-50, divergence=10000.
            left preconditioning
            using PRECONDITIONED norm type for convergence test
          estimating eigenvalues using noisy right hand side
        maximum iterations=2, nonzero initial guess
        tolerances:  relative=1e-05, absolute=1e-50, divergence=10000.
        left preconditioning
        using NONE norm type for convergence test
      PC Object: (mg_levels_1_) 1 MPI process
        type: sor
          type = local_symmetric, iterations = 1, local iterations = 1, omega = 1.
        linear system matrix = precond matrix:
        Mat Object: 1 MPI process
          type: seqaij
          rows=9, cols=9
          total: nonzeros=41, allocated nonzeros=41
          total number of mallocs used during MatSetValues calls=0
            not using I-node routines
    Up solver (post-smoother) same as down solver (pre-smoother)
    linear system matrix = precond matrix:
    Mat Object: 1 MPI process
      type: seqaij
      rows=9, cols=9
      total: nonzeros=41, allocated nonzeros=41
      total number of mallocs used during MatSetValues calls=0
        not using I-node routines
Timestep: 0005 time = 0.5      	 L_2 Error: 0.2076
5 TS dt 0.1 time 0.5
    0 SNES Function norm 0.372928 
      0 KSP unpreconditioned resid norm 3.729281667971e-01 true resid norm 3.729281667971e-01 ||r(i)||/||b|| 1.000000000000e+00
      1 KSP unpreconditioned resid norm 5.494230207913e-02 true resid norm 5.494230207913e-02 ||r(i)||/||b|| 1.473267695251e-01
      2 KSP unpreconditioned resid norm 3.201063282524e-03 true resid norm 3.201063282524e-03 ||r(i)||/||b|| 8.583592143270e-03
      3 KSP unpreconditioned resid norm 2.713623625511e-04 true resid norm 2.713623625511e-04 ||r(i)||/||b|| 7.276531694607e-04
      4 KSP unpreconditioned resid norm 5.363838126041e-06 true resid norm 5.363838126027e-06 ||r(i)||/||b|| 1.438303299022e-05
      5 KSP unpreconditioned resid norm 7.815986796527e-08 true resid norm 7.815986798030e-08 ||r(i)||/||b|| 2.095842442033e-07
      6 KSP unpreconditioned resid norm 8.968791808228e-10 true resid norm 8.968791516642e-10 ||r(i)||/||b|| 2.404964900793e-09
      7 KSP unpreconditioned resid norm 7.005675998905e-12 true resid norm 7.005687664503e-12 ||r(i)||/||b|| 1.878562224106e-11
    1 SNES Function norm < 1.e-11
  Nonlinear solve converged due to CONVERGED_FNORM_RELATIVE iterations 1
SNES Object: 1 MPI process
  type: newtonls
  maximum iterations=50, maximum function evaluations=10000
  tolerances: relative=1e-08, absolute=1e-50, solution=1e-08
  total number of linear solver iterations=7
  total number of function evaluations=2
  norm schedule ALWAYS
  SNESLineSearch Object: 1 MPI process
    type: bt
      interpolation: cubic
      alpha=1.000000e-04
    maxstep=1.000000e+08, minlambda=1.000000e-12
    tolerances: relative=1.000000e-08, absolute=1.000000e-15, lambda=1.000000e-08
    maximum iterations=40
  KSP Object: 1 MPI process
    type: fgmres
      restart=30, using Classical (unmodified) Gram-Schmidt Orthogonalization with no iterative refinement
      happy breakdown tolerance 1e-30
    maximum iterations=10000, initial guess is zero
    tolerances:  relative=1e-09, absolute=1e-50, divergence=10000.
    right preconditioning
    using UNPRECONDITIONED norm type for convergence test
  PC Object: 1 MPI process
    type: mg
      type is MULTIPLICATIVE, levels=2 cycles=v
        Cycles per PCApply=1
        Not using Galerkin computed coarse grid matrices
    Coarse grid solver -- level 0 -------------------------------
      KSP Object: (mg_coarse_) 1 MPI process
        type: preonly
        maximum iterations=10000, initial guess is zero
        tolerances:  relative=1e-05, absolute=1e-50, divergence=10000.
        left preconditioning
        using NONE norm type for convergence test
      PC Object: (mg_coarse_) 1 MPI process
        type: lu
          out-of-place factorization
          tolerance for zero pivot 2.22045e-14
          using diagonal shift on blocks to prevent zero pivot [INBLOCKS]
          matrix ordering: nd
          factor fill ratio given 1., needed 1.
            Factored matrix follows:
              Mat Object: (mg_coarse_) 1 MPI process
                type: seqaij
                rows=1, cols=1
                package used to perform factorization: petsc
                total: nonzeros=1, allocated nonzeros=1
                  not using I-node routines
        linear system matrix = precond matrix:
        Mat Object: 1 MPI process
          type: seqaij
          rows=1, cols=1
          total: nonzeros=1, allocated nonzeros=1
          total number of mallocs used during MatSetValues calls=0
            not using I-node routines
    Down solver (pre-smoother) on level 1 -------------------------------
      KSP Object: (mg_levels_1_) 1 MPI process
        type: chebyshev
          Chebyshev polynomial of first kind
          eigenvalue targets used: min 0.184671, max 2.03138
          eigenvalues estimated via gmres: min 0.864319, max 1.84671
          eigenvalues estimated using gmres with transform: [0. 0.1; 0. 1.1]
          KSP Object: (mg_levels_1_esteig_) 1 MPI process
            type: gmres
              restart=30, using Classical (unmodified) Gram-Schmidt Orthogonalization with no iterative refinement
              happy breakdown tolerance 1e-30
            maximum iterations=10, initial guess is zero
            tolerances:  relative=1e-12, absolute=1e-50, divergence=10000.
            left preconditioning
            using PRECONDITIONED norm type for convergence test
          estimating eigenvalues using noisy right hand side
        maximum iterations=2, nonzero initial guess
        tolerances:  relative=1e-05, absolute=1e-50, divergence=10000.
        left preconditioning
        using NONE norm type for convergence test
      PC Object: (mg_levels_1_) 1 MPI process
        type: sor
          type = local_symmetric, iterations = 1, local iterations = 1, omega = 1.
        linear system matrix = precond matrix:
        Mat Object: 1 MPI process
          type: seqaij
          rows=9, cols=9
          total: nonzeros=41, allocated nonzeros=41
          total number of mallocs used during MatSetValues calls=0
            not using I-node routines
    Up solver (post-smoother) same as down solver (pre-smoother)
    linear system matrix = precond matrix:
    Mat Object: 1 MPI process
      type: seqaij
      rows=9, cols=9
      total: nonzeros=41, allocated nonzeros=41
      total number of mallocs used during MatSetValues calls=0
        not using I-node routines
Timestep: 0006 time = 0.6      	 L_2 Error: 0.24859
6 TS dt 0.1 time 0.6
    0 SNES Function norm 0.372986 
      0 KSP unpreconditioned resid norm 3.729860798760e-01 true resid norm 3.729860798760e-01 ||r(i)||/||b|| 1.000000000000e+00
      1 KSP unpreconditioned resid norm 5.488777292575e-02 true resid norm 5.488777292575e-02 ||r(i)||/||b|| 1.471576980675e-01
      2 KSP unpreconditioned resid norm 3.233970434071e-03 true resid norm 3.233970434071e-03 ||r(i)||/||b|| 8.670485598674e-03
      3 KSP unpreconditioned resid norm 2.723969349830e-04 true resid norm 2.723969349830e-04 ||r(i)||/||b|| 7.303139438167e-04
      4 KSP unpreconditioned resid norm 5.325831327428e-06 true resid norm 5.325831327454e-06 ||r(i)||/||b|| 1.427890104967e-05
      5 KSP unpreconditioned resid norm 7.746383659593e-08 true resid norm 7.746383660710e-08 ||r(i)||/||b|| 2.076855968267e-07
      6 KSP unpreconditioned resid norm 8.792549266261e-10 true resid norm 8.792549518471e-10 ||r(i)||/||b|| 2.357339856060e-09
      7 KSP unpreconditioned resid norm 6.808401324675e-12 true resid norm 6.808411108652e-12 ||r(i)||/||b|| 1.825379411188e-11
    1 SNES Function norm < 1.e-11
  Nonlinear solve converged due to CONVERGED_FNORM_RELATIVE iterations 1
SNES Object: 1 MPI process
  type: newtonls
  maximum iterations=50, maximum function evaluations=10000
  tolerances: relative=1e-08, absolute=1e-50, solution=1e-08
  total number of linear solver iterations=7
  total number of function evaluations=2
  norm schedule ALWAYS
  SNESLineSearch Object: 1 MPI process
    type: bt
      interpolation: cubic
      alpha=1.000000e-04
    maxstep=1.000000e+08, minlambda=1.000000e-12
    tolerances: relative=1.000000e-08, absolute=1.000000e-15, lambda=1.000000e-08
    maximum iterations=40
  KSP Object: 1 MPI process
    type: fgmres
      restart=30, using Classical (unmodified) Gram-Schmidt Orthogonalization with no iterative refinement
      happy breakdown tolerance 1e-30
    maximum iterations=10000, initial guess is zero
    tolerances:  relative=1e-09, absolute=1e-50, divergence=10000.
    right preconditioning
    using UNPRECONDITIONED norm type for convergence test
  PC Object: 1 MPI process
    type: mg
      type is MULTIPLICATIVE, levels=2 cycles=v
        Cycles per PCApply=1
        Not using Galerkin computed coarse grid matrices
    Coarse grid solver -- level 0 -------------------------------
      KSP Object: (mg_coarse_) 1 MPI process
        type: preonly
        maximum iterations=10000, initial guess is zero
        tolerances:  relative=1e-05, absolute=1e-50, divergence=10000.
        left preconditioning
        using NONE norm type for convergence test
      PC Object: (mg_coarse_) 1 MPI process
        type: lu
          out-of-place factorization
          tolerance for zero pivot 2.22045e-14
          using diagonal shift on blocks to prevent zero pivot [INBLOCKS]
          matrix ordering: nd
          factor fill ratio given 1., needed 1.
            Factored matrix follows:
              Mat Object: (mg_coarse_) 1 MPI process
                type: seqaij
                rows=1, cols=1
                package used to perform factorization: petsc
                total: nonzeros=1, allocated nonzeros=1
                  not using I-node routines
        linear system matrix = precond matrix:
        Mat Object: 1 MPI process
          type: seqaij
          rows=1, cols=1
          total: nonzeros=1, allocated nonzeros=1
          total number of mallocs used during MatSetValues calls=0
            not using I-node routines
    Down solver (pre-smoother) on level 1 -------------------------------
      KSP Object: (mg_levels_1_) 1 MPI process
        type: chebyshev
          Chebyshev polynomial of first kind
          eigenvalue targets used: min 0.184671, max 2.03138
          eigenvalues estimated via gmres: min 0.864319, max 1.84671
          eigenvalues estimated using gmres with transform: [0. 0.1; 0. 1.1]
          KSP Object: (mg_levels_1_esteig_) 1 MPI process
            type: gmres
              restart=30, using Classical (unmodified) Gram-Schmidt Orthogonalization with no iterative refinement
              happy breakdown tolerance 1e-30
            maximum iterations=10, initial guess is zero
            tolerances:  relative=1e-12, absolute=1e-50, divergence=10000.
            left preconditioning
            using PRECONDITIONED norm type for convergence test
          estimating eigenvalues using noisy right hand side
        maximum iterations=2, nonzero initial guess
        tolerances:  relative=1e-05, absolute=1e-50, divergence=10000.
        left preconditioning
        using NONE norm type for convergence test
      PC Object: (mg_levels_1_) 1 MPI process
        type: sor
          type = local_symmetric, iterations = 1, local iterations = 1, omega = 1.
        linear system matrix = precond matrix:
        Mat Object: 1 MPI process
          type: seqaij
          rows=9, cols=9
          total: nonzeros=41, allocated nonzeros=41
          total number of mallocs used during MatSetValues calls=0
            not using I-node routines
    Up solver (post-smoother) same as down solver (pre-smoother)
    linear system matrix = precond matrix:
    Mat Object: 1 MPI process
      type: seqaij
      rows=9, cols=9
      total: nonzeros=41, allocated nonzeros=41
      total number of mallocs used during MatSetValues calls=0
        not using I-node routines
Timestep: 0007 time = 0.7      	 L_2 Error: 0.28962
7 TS dt 0.1 time 0.7
    0 SNES Function norm 0.374276 
      0 KSP unpreconditioned resid norm 3.742759385338e-01 true resid norm 3.742759385338e-01 ||r(i)||/||b|| 1.000000000000e+00
      1 KSP unpreconditioned resid norm 5.459401546575e-02 true resid norm 5.459401546575e-02 ||r(i)||/||b|| 1.458656831631e-01
      2 KSP unpreconditioned resid norm 3.257995007009e-03 true resid norm 3.257995007009e-03 ||r(i)||/||b|| 8.704794168101e-03
      3 KSP unpreconditioned resid norm 2.721574377520e-04 true resid norm 2.721574377520e-04 ||r(i)||/||b|| 7.271571846647e-04
      4 KSP unpreconditioned resid norm 5.280623060185e-06 true resid norm 5.280623060177e-06 ||r(i)||/||b|| 1.410890339588e-05
      5 KSP unpreconditioned resid norm 7.667489456097e-08 true resid norm 7.667489454868e-08 ||r(i)||/||b|| 2.048619391593e-07
      6 KSP unpreconditioned resid norm 8.625545361106e-10 true resid norm 8.625545498600e-10 ||r(i)||/||b|| 2.304595249267e-09
      7 KSP unpreconditioned resid norm 6.617103494896e-12 true resid norm 6.617098102299e-12 ||r(i)||/||b|| 1.767973150564e-11
    1 SNES Function norm < 1.e-11
  Nonlinear solve converged due to CONVERGED_FNORM_RELATIVE iterations 1
SNES Object: 1 MPI process
  type: newtonls
  maximum iterations=50, maximum function evaluations=10000
  tolerances: relative=1e-08, absolute=1e-50, solution=1e-08
  total number of linear solver iterations=7
  total number of function evaluations=2
  norm schedule ALWAYS
  SNESLineSearch Object: 1 MPI process
    type: bt
      interpolation: cubic
      alpha=1.000000e-04
    maxstep=1.000000e+08, minlambda=1.000000e-12
    tolerances: relative=1.000000e-08, absolute=1.000000e-15, lambda=1.000000e-08
    maximum iterations=40
  KSP Object: 1 MPI process
    type: fgmres
      restart=30, using Classical (unmodified) Gram-Schmidt Orthogonalization with no iterative refinement
      happy breakdown tolerance 1e-30
    maximum iterations=10000, initial guess is zero
    tolerances:  relative=1e-09, absolute=1e-50, divergence=10000.
    right preconditioning
    using UNPRECONDITIONED norm type for convergence test
  PC Object: 1 MPI process
    type: mg
      type is MULTIPLICATIVE, levels=2 cycles=v
        Cycles per PCApply=1
        Not using Galerkin computed coarse grid matrices
    Coarse grid solver -- level 0 -------------------------------
      KSP Object: (mg_coarse_) 1 MPI process
        type: preonly
        maximum iterations=10000, initial guess is zero
        tolerances:  relative=1e-05, absolute=1e-50, divergence=10000.
        left preconditioning
        using NONE norm type for convergence test
      PC Object: (mg_coarse_) 1 MPI process
        type: lu
          out-of-place factorization
          tolerance for zero pivot 2.22045e-14
          using diagonal shift on blocks to prevent zero pivot [INBLOCKS]
          matrix ordering: nd
          factor fill ratio given 1., needed 1.
            Factored matrix follows:
              Mat Object: (mg_coarse_) 1 MPI process
                type: seqaij
                rows=1, cols=1
                package used to perform factorization: petsc
                total: nonzeros=1, allocated nonzeros=1
                  not using I-node routines
        linear system matrix = precond matrix:
        Mat Object: 1 MPI process
          type: seqaij
          rows=1, cols=1
          total: nonzeros=1, allocated nonzeros=1
          total number of mallocs used during MatSetValues calls=0
            not using I-node routines
    Down solver (pre-smoother) on level 1 -------------------------------
      KSP Object: (mg_levels_1_) 1 MPI process
        type: chebyshev
          Chebyshev polynomial of first kind
          eigenvalue targets used: min 0.184671, max 2.03138
          eigenvalues estimated via gmres: min 0.864319, max 1.84671
          eigenvalues estimated using gmres with transform: [0. 0.1; 0. 1.1]
          KSP Object: (mg_levels_1_esteig_) 1 MPI process
            type: gmres
              restart=30, using Classical (unmodified) Gram-Schmidt Orthogonalization with no iterative refinement
              happy breakdown tolerance 1e-30
            maximum iterations=10, initial guess is zero
            tolerances:  relative=1e-12, absolute=1e-50, divergence=10000.
            left preconditioning
            using PRECONDITIONED norm type for convergence test
          estimating eigenvalues using noisy right hand side
        maximum iterations=2, nonzero initial guess
        tolerances:  relative=1e-05, absolute=1e-50, divergence=10000.
        left preconditioning
        using NONE norm type for convergence test
      PC Object: (mg_levels_1_) 1 MPI process
        type: sor
          type = local_symmetric, iterations = 1, local iterations = 1, omega = 1.
        linear system matrix = precond matrix:
        Mat Object: 1 MPI process
          type: seqaij
          rows=9, cols=9
          total: nonzeros=41, allocated nonzeros=41
          total number of mallocs used during MatSetValues calls=0
            not using I-node routines
    Up solver (post-smoother) same as down solver (pre-smoother)
    linear system matrix = precond matrix:
    Mat Object: 1 MPI process
      type: seqaij
      rows=9, cols=9
      total: nonzeros=41, allocated nonzeros=41
      total number of mallocs used during MatSetValues calls=0
        not using I-node routines
Timestep: 0008 time = 0.8      	 L_2 Error: 0.33068
8 TS dt 0.1 time 0.8
    0 SNES Function norm 0.376133 
      0 KSP unpreconditioned resid norm 3.761327824930e-01 true resid norm 3.761327824930e-01 ||r(i)||/||b|| 1.000000000000e+00
      1 KSP unpreconditioned resid norm 5.425175107937e-02 true resid norm 5.425175107937e-02 ||r(i)||/||b|| 1.442356359363e-01
      2 KSP unpreconditioned resid norm 3.260536952577e-03 true resid norm 3.260536952577e-03 ||r(i)||/||b|| 8.668579566412e-03
      3 KSP unpreconditioned resid norm 2.709535554172e-04 true resid norm 2.709535554172e-04 ||r(i)||/||b|| 7.203667641552e-04
      4 KSP unpreconditioned resid norm 5.245083821653e-06 true resid norm 5.245083821672e-06 ||r(i)||/||b|| 1.394476649152e-05
      5 KSP unpreconditioned resid norm 7.602832576280e-08 true resid norm 7.602832578326e-08 ||r(i)||/||b|| 2.021316123507e-07
      6 KSP unpreconditioned resid norm 8.499334058664e-10 true resid norm 8.499333921659e-10 ||r(i)||/||b|| 2.259663160793e-09
      7 KSP unpreconditioned resid norm 6.452708617620e-12 true resid norm 6.452710479358e-12 ||r(i)||/||b|| 1.715540569633e-11
    1 SNES Function norm < 1.e-11
  Nonlinear solve converged due to CONVERGED_FNORM_RELATIVE iterations 1
SNES Object: 1 MPI process
  type: newtonls
  maximum iterations=50, maximum function evaluations=10000
  tolerances: relative=1e-08, absolute=1e-50, solution=1e-08
  total number of linear solver iterations=7
  total number of function evaluations=2
  norm schedule ALWAYS
  SNESLineSearch Object: 1 MPI process
    type: bt
      interpolation: cubic
      alpha=1.000000e-04
    maxstep=1.000000e+08, minlambda=1.000000e-12
    tolerances: relative=1.000000e-08, absolute=1.000000e-15, lambda=1.000000e-08
    maximum iterations=40
  KSP Object: 1 MPI process
    type: fgmres
      restart=30, using Classical (unmodified) Gram-Schmidt Orthogonalization with no iterative refinement
      happy breakdown tolerance 1e-30
    maximum iterations=10000, initial guess is zero
    tolerances:  relative=1e-09, absolute=1e-50, divergence=10000.
    right preconditioning
    using UNPRECONDITIONED norm type for convergence test
  PC Object: 1 MPI process
    type: mg
      type is MULTIPLICATIVE, levels=2 cycles=v
        Cycles per PCApply=1
        Not using Galerkin computed coarse grid matrices
    Coarse grid solver -- level 0 -------------------------------
      KSP Object: (mg_coarse_) 1 MPI process
        type: preonly
        maximum iterations=10000, initial guess is zero
        tolerances:  relative=1e-05, absolute=1e-50, divergence=10000.
        left preconditioning
        using NONE norm type for convergence test
      PC Object: (mg_coarse_) 1 MPI process
        type: lu
          out-of-place factorization
          tolerance for zero pivot 2.22045e-14
          using diagonal shift on blocks to prevent zero pivot [INBLOCKS]
          matrix ordering: nd
          factor fill ratio given 1., needed 1.
            Factored matrix follows:
              Mat Object: (mg_coarse_) 1 MPI process
                type: seqaij
                rows=1, cols=1
                package used to perform factorization: petsc
                total: nonzeros=1, allocated nonzeros=1
                  not using I-node routines
        linear system matrix = precond matrix:
        Mat Object: 1 MPI process
          type: seqaij
          rows=1, cols=1
          total: nonzeros=1, allocated nonzeros=1
          total number of mallocs used during MatSetValues calls=0
            not using I-node routines
    Down solver (pre-smoother) on level 1 -------------------------------
      KSP Object: (mg_levels_1_) 1 MPI process
        type: chebyshev
          Chebyshev polynomial of first kind
          eigenvalue targets used: min 0.184671, max 2.03138
          eigenvalues estimated via gmres: min 0.864319, max 1.84671
          eigenvalues estimated using gmres with transform: [0. 0.1; 0. 1.1]
          KSP Object: (mg_levels_1_esteig_) 1 MPI process
            type: gmres
              restart=30, using Classical (unmodified) Gram-Schmidt Orthogonalization with no iterative refinement
              happy breakdown tolerance 1e-30
            maximum iterations=10, initial guess is zero
            tolerances:  relative=1e-12, absolute=1e-50, divergence=10000.
            left preconditioning
            using PRECONDITIONED norm type for convergence test
          estimating eigenvalues using noisy right hand side
        maximum iterations=2, nonzero initial guess
        tolerances:  relative=1e-05, absolute=1e-50, divergence=10000.
        left preconditioning
        using NONE norm type for convergence test
      PC Object: (mg_levels_1_) 1 MPI process
        type: sor
          type = local_symmetric, iterations = 1, local iterations = 1, omega = 1.
        linear system matrix = precond matrix:
        Mat Object: 1 MPI process
          type: seqaij
          rows=9, cols=9
          total: nonzeros=41, allocated nonzeros=41
          total number of mallocs used during MatSetValues calls=0
            not using I-node routines
    Up solver (post-smoother) same as down solver (pre-smoother)
    linear system matrix = precond matrix:
    Mat Object: 1 MPI process
      type: seqaij
      rows=9, cols=9
      total: nonzeros=41, allocated nonzeros=41
      total number of mallocs used during MatSetValues calls=0
        not using I-node routines
Timestep: 0009 time = 0.9      	 L_2 Error: 0.37179
9 TS dt 0.1 time 0.9
    0 SNES Function norm 0.377927 
      0 KSP unpreconditioned resid norm 3.779274613514e-01 true resid norm 3.779274613514e-01 ||r(i)||/||b|| 1.000000000000e+00
      1 KSP unpreconditioned resid norm 5.404774916156e-02 true resid norm 5.404774916156e-02 ||r(i)||/||b|| 1.430109073532e-01
      2 KSP unpreconditioned resid norm 3.250182495360e-03 true resid norm 3.250182495360e-03 ||r(i)||/||b|| 8.600016743259e-03
      3 KSP unpreconditioned resid norm 2.697279783887e-04 true resid norm 2.697279783887e-04 ||r(i)||/||b|| 7.137030408539e-04
      4 KSP unpreconditioned resid norm 5.229856118040e-06 true resid norm 5.229856118037e-06 ||r(i)||/||b|| 1.383825377319e-05
      5 KSP unpreconditioned resid norm 7.572079232419e-08 true resid norm 7.572079228185e-08 ||r(i)||/||b|| 2.003580052402e-07
      6 KSP unpreconditioned resid norm 8.431279047805e-10 true resid norm 8.431278916198e-10 ||r(i)||/||b|| 2.230925184968e-09
      7 KSP unpreconditioned resid norm 6.337983710831e-12 true resid norm 6.337962013048e-12 ||r(i)||/||b|| 1.677031351568e-11
    1 SNES Function norm < 1.e-11
  Nonlinear solve converged due to CONVERGED_FNORM_RELATIVE iterations 1
SNES Object: 1 MPI process
  type: newtonls
  maximum iterations=50, maximum function evaluations=10000
  tolerances: relative=1e-08, absolute=1e-50, solution=1e-08
  total number of linear solver iterations=7
  total number of function evaluations=2
  norm schedule ALWAYS
  SNESLineSearch Object: 1 MPI process
    type: bt
      interpolation: cubic
      alpha=1.000000e-04
    maxstep=1.000000e+08, minlambda=1.000000e-12
    tolerances: relative=1.000000e-08, absolute=1.000000e-15, lambda=1.000000e-08
    maximum iterations=40
  KSP Object: 1 MPI process
    type: fgmres
      restart=30, using Classical (unmodified) Gram-Schmidt Orthogonalization with no iterative refinement
      happy breakdown tolerance 1e-30
    maximum iterations=10000, initial guess is zero
    tolerances:  relative=1e-09, absolute=1e-50, divergence=10000.
    right preconditioning
    using UNPRECONDITIONED norm type for convergence test
  PC Object: 1 MPI process
    type: mg
      type is MULTIPLICATIVE, levels=2 cycles=v
        Cycles per PCApply=1
        Not using Galerkin computed coarse grid matrices
    Coarse grid solver -- level 0 -------------------------------
      KSP Object: (mg_coarse_) 1 MPI process
        type: preonly
        maximum iterations=10000, initial guess is zero
        tolerances:  relative=1e-05, absolute=1e-50, divergence=10000.
        left preconditioning
        using NONE norm type for convergence test
      PC Object: (mg_coarse_) 1 MPI process
        type: lu
          out-of-place factorization
          tolerance for zero pivot 2.22045e-14
          using diagonal shift on blocks to prevent zero pivot [INBLOCKS]
          matrix ordering: nd
          factor fill ratio given 1., needed 1.
            Factored matrix follows:
              Mat Object: (mg_coarse_) 1 MPI process
                type: seqaij
                rows=1, cols=1
                package used to perform factorization: petsc
                total: nonzeros=1, allocated nonzeros=1
                  not using I-node routines
        linear system matrix = precond matrix:
        Mat Object: 1 MPI process
          type: seqaij
          rows=1, cols=1
          total: nonzeros=1, allocated nonzeros=1
          total number of mallocs used during MatSetValues calls=0
            not using I-node routines
    Down solver (pre-smoother) on level 1 -------------------------------
      KSP Object: (mg_levels_1_) 1 MPI process
        type: chebyshev
          Chebyshev polynomial of first kind
          eigenvalue targets used: min 0.184671, max 2.03138
          eigenvalues estimated via gmres: min 0.864319, max 1.84671
          eigenvalues estimated using gmres with transform: [0. 0.1; 0. 1.1]
          KSP Object: (mg_levels_1_esteig_) 1 MPI process
            type: gmres
              restart=30, using Classical (unmodified) Gram-Schmidt Orthogonalization with no iterative refinement
              happy breakdown tolerance 1e-30
            maximum iterations=10, initial guess is zero
            tolerances:  relative=1e-12, absolute=1e-50, divergence=10000.
            left preconditioning
            using PRECONDITIONED norm type for convergence test
          estimating eigenvalues using noisy right hand side
        maximum iterations=2, nonzero initial guess
        tolerances:  relative=1e-05, absolute=1e-50, divergence=10000.
        left preconditioning
        using NONE norm type for convergence test
      PC Object: (mg_levels_1_) 1 MPI process
        type: sor
          type = local_symmetric, iterations = 1, local iterations = 1, omega = 1.
        linear system matrix = precond matrix:
        Mat Object: 1 MPI process
          type: seqaij
          rows=9, cols=9
          total: nonzeros=41, allocated nonzeros=41
          total number of mallocs used during MatSetValues calls=0
            not using I-node routines
    Up solver (post-smoother) same as down solver (pre-smoother)
    linear system matrix = precond matrix:
    Mat Object: 1 MPI process
      type: seqaij
      rows=9, cols=9
      total: nonzeros=41, allocated nonzeros=41
      total number of mallocs used during MatSetValues calls=0
        not using I-node routines
Timestep: 0010 time = 1        	 L_2 Error: 0.41293
10 TS dt 0.1 time 1.
