[0] ProcessOptions(): num_species set to number of thermal temps provided (3)
masses:        e= 9.109e-31; ions in proton mass units:    2.000e+00  4.000e+01 ...
charges:       e=-1.602e-19; charges in elementary units:  1.000e+00  1.800e+01
thermal T (K): e= 5.802e+07 i= 5.802e+07 imp= 5.802e+04. v_0= 2.965e+07 n_0= 1.000e+20 t_0= 6.469e-05 domain= 5.000e+00
  0) species-0: charge density= -1.6024250714143e+01 z-momentum=  2.2556094790062e-20 energy=  1.2018267949397e+05
  0) species-1: charge density=  1.6021676664193e+01 z-momentum=  1.2622477594652e-17 energy=  1.2017223194844e+05
  0) species-2: charge density=  1.0662337956126e-15 z-momentum= -5.2297370338012e-18 energy=  1.5084398140866e-12
	  0) Total: charge density= -2.5740499501683e-03, momentum=  7.4152966556412e-18, energy=  2.4035491144241e+05 (m_i[0]/m_e = 3670.94, 56 cells)
[0] DMGetDMSNES(): Creating new DMSNES
[0] DMGetDMTS(): Creating new DMTS
[0] DMGetDMSNESWrite(): Copying DMSNES due to write
0 TS dt 1e-06 time 0.
[0] DMGetDMKSP(): Creating new DMKSP
[0]FormLandau: 1400 IPs, 56 cells, TENSOR elements, totDim=75, Nb=25, Nq=25, elemMatSize=5625, dim=2, Tab: Nb=25 Nf=3 Np=25 cdim=2 N=3339 CUDA=0
    0 SNES Function norm 1.735693528022e-02 
    1 SNES Function norm 3.495249691631e-07 
    2 SNES Function norm 1.033739764573e-11 
  Nonlinear land_ solve converged due to CONVERGED_FNORM_RELATIVE iterations 2
    0 SNES Function norm 1.735744098682e-02 
    1 SNES Function norm 1.747002719819e-07 
    2 SNES Function norm 1.888198884720e-11 
  Nonlinear land_ solve converged due to CONVERGED_FNORM_RELATIVE iterations 2
    0 SNES Function norm 1.735718267577e-02 
    1 SNES Function norm 1.747135690877e-07 
    2 SNES Function norm 1.797106636551e-11 
  Nonlinear land_ solve converged due to CONVERGED_FNORM_RELATIVE iterations 2
[0] TSAdaptChoose_Basic(): Estimated scaled local truncation error 0.00220786, accepting step of size 1e-06
1 TS dt 1.25e-06 time 1e-06
  1) species-0: charge density= -1.6024250714143e+01 z-momentum=  2.8121884413584e-20 energy=  1.2018267949398e+05
  1) species-1: charge density=  1.6021676664193e+01 z-momentum= -4.4634628995004e-18 energy=  1.2017223195003e+05
  1) species-2: charge density=  1.1720180510712e-15 z-momentum= -5.1981729912582e-18 energy= -1.5946250176420e-06
	  1) Total: charge density= -2.5740499501753e-03, momentum= -9.6335140063451e-18, energy=  2.4035491144241e+05 (m_i[0]/m_e = 3670.94, 56 cells)
