MPI Rank 000 of 001 on HWThread -01 of Node g05n10, OMP_threadID 0 of 1
[0] ProcessOptions(): num_species set to number of thermal temps provided (3)
masses:        e= 9.109e-31; ions in proton mass units:    2.000e+00  4.000e+00 ...
charges:       e=-1.602e-19; charges in elementary units:  1.000e+00  1.800e+01
thermal T (K): e= 5.802e+07 i= 5.802e+07 imp= 5.802e+06. v_0= 2.965e+07 n_0= 1.000e+20 t_0= 6.469e-05 domain= 5.000e+00
[0] DMGetDMSNES(): Creating new DMSNES
[0] DMGetDMTS(): Creating new DMTS
[0] DMGetDMSNESWrite(): Copying DMSNES due to write
[0]FormLandau: 1250 IPs, 50 cells, TENSOR elements, totDim=75, Nb=25, Nq=25, elemMatSize=5625, dim=2, Tab: Nb=25 Nf=3 Np=25 cdim=2 N=2979
  0) species-0: charge density= -1.6024250714143e+01 z-momentum=  3.1080541002930e-19 energy=  1.2018267949397e+05
  0) species-1: charge density=  1.6021686040927e+01 z-momentum=  1.9575376133773e-17 energy=  1.2017210252813e+05
  0) species-2: charge density=  2.9752601245451e-03 z-momentum=  1.0575868062054e-21 energy=  1.1120928885517e-01
	  0) Total: charge density=  4.1058690823977e-04, momentum=  1.9887239130609e-17, energy=  2.4035489323140e+05 (m_i[0]/m_e = 3670.94, 50 cells), 1 sub threads
0 TS dt 1e-06 time 0.
[0] DMGetDMKSP(): Creating new DMKSP
    0 SNES Function norm 1.074074124933e-03 
    1 SNES Function norm 6.722056213743e-10 
  Nonlinear solve converged due to CONVERGED_FNORM_RELATIVE iterations 1
    0 SNES Function norm 1.074002590188e-03 
    1 SNES Function norm 3.389328281321e-10 
  Nonlinear solve converged due to CONVERGED_FNORM_RELATIVE iterations 1
    0 SNES Function norm 1.074038100938e-03 
    1 SNES Function norm 3.347300229632e-10 
  Nonlinear solve converged due to CONVERGED_FNORM_RELATIVE iterations 1
[0] TSAdaptChoose_Basic(): Estimated scaled local truncation error 5.37599e-06, accepting step of size 1e-06
1 TS dt 1.25e-06 time 1e-06
  1) species-0: charge density= -1.6024250714143e+01 z-momentum=  4.3354571804275e-19 energy=  1.2018267949392e+05
  1) species-1: charge density=  1.6021686040927e+01 z-momentum=  1.6821778351158e-17 energy=  1.2017210252521e+05
  1) species-2: charge density=  2.9752601245452e-03 z-momentum=  1.2483347846639e-21 energy=  1.1121226340760e-01
	  1) Total: charge density=  4.1058690823622e-04, momentum=  1.7256572403986e-17, energy=  2.4035489323140e+05 (m_i[0]/m_e = 3670.94, 50 cells), 1 sub threads
