Warning: ************** Emacs has a changes in the source file that have not been saved to the disk
/usr/local/opt/python@3.9/bin/python3.9 /Users/barrysmith/Src/petsc/config/gmakegentest.py --petsc-dir=/Users/barrysmith/Src/petsc --petsc-arch=arch-dmnetwork-rebalance-vertices --testdir=./arch-dmnetwork-rebalance-vertices/tests
Vec Object: 2 MPI processes
  type: mpi
Process [0]
  Edge 0:
    0.
  Edge 1:
    12.
  Edge 2:
    0.
  Vertex 1:
    4.
Process [1]
  Edge 3:
    0.
  Edge 4:
    0.
  Edge 5:
    0.
  Vertex 0:
    -4.
  Vertex 2:
    0.
  Vertex 3:
    0.
Linear solve converged due to CONVERGED_RTOL iterations 7
Vec Object: 2 MPI processes
  type: mpi
Process [0]
  Edge 0:
    -1.
  Edge 1:
    7.
  Edge 2:
    -4.
  Vertex 1:
    -1.
Process [1]
  Edge 3:
    -2.
  Edge 4:
    -1.
  Edge 5:
    3.
  Vertex 0:
    -2.
  Vertex 2:
    3.
  Vertex 3:
    0.
