Warning: ************** Emacs has a changes in the source file that have not been saved to the disk
Vec Object: 1 MPI processes
  type: seq
  Edge 0:
    0.
  Edge 1:
    12.
  Edge 2:
    0.
  Edge 3:
    0.
  Edge 4:
    0.
  Edge 5:
    0.
  Vertex 0:
    -4.
  Vertex 1:
    4.
  Vertex 2:
    0.
  Vertex 3:
    0.
  0 KSP Residual norm 9.69536 
  1 KSP Residual norm < 1.e-11
Vec Object: 1 MPI processes
  type: seq
  Edge 0:
    -1.
  Edge 1:
    7.
  Edge 2:
    -4.
  Edge 3:
    -2.
  Edge 4:
    -1.
  Edge 5:
    3.
  Vertex 0:
    -2.
  Vertex 1:
    -1.
  Vertex 2:
    3.
  Vertex 3:
    0.
