PetscSection Object: Global edge dof section 1 MPI processes
  type not yet set
Process 0:
  (   0) count  1 offset   0
  (   1) count  1 offset   1
  (   2) count  1 offset   2
  (   3) count  1 offset   3
  (   4) count  1 offset   4
  (   5) count  1 offset   5
  (   6) count  1 offset   6
  (   7) count  1 offset   7
  (   8) count  1 offset   8
  (   9) count  1 offset   9
  (  10) count  1 offset  10
  (  11) count  1 offset  11
  (  12) count  1 offset  12
  (  13) count  1 offset  13
  (  14) count  1 offset  14
  (  15) count  1 offset  15
  (  16) count  1 offset  16
  (  17) count  1 offset  17
  (  18) count  1 offset  18
  (  19) count  1 offset  19
  (  20) count  1 offset  20
  (  21) count  1 offset  21
  (  22) count  1 offset  22
  (  23) count  1 offset  23
  (  24) count  1 offset  24
  (  25) count  1 offset  25
  (  26) count  1 offset  26
  (  27) count  1 offset  27
  (  28) count  1 offset  28
  (  29) count  1 offset  29
  (  30) count  1 offset  30
  (  31) count  1 offset  31
  (  32) count  1 offset  32
  (  33) count  1 offset  33
  (  34) count  1 offset  34
  (  35) count  1 offset  35
  (  36) count  1 offset  36
  (  37) count  1 offset  37
  (  38) count  1 offset  38
  (  39) count  1 offset  39
PetscSection Object: Global vertex dof section 1 MPI processes
  type not yet set
Process 0:
  (   0) count  1 offset   0
  (   1) count  1 offset   1
  (   2) count  1 offset   2
  (   3) count  1 offset   3
  (   4) count  1 offset   4
  (   5) count  1 offset   5
  (   6) count  1 offset   6
  (   7) count  1 offset   7
  (   8) count  1 offset   8
  (   9) count  1 offset   9
  (  10) count  1 offset  10
  (  11) count  1 offset  11
  (  12) count  1 offset  12
  (  13) count  1 offset  13
  (  14) count  1 offset  14
  (  15) count  1 offset  15
  (  16) count  1 offset  16
  (  17) count  1 offset  17
  (  18) count  1 offset  18
  (  19) count  1 offset  19
