PetscSection Object: Global edge dof section 2 MPI processes
  type not yet set
Process 0:
  (   0) count  1 offset   0
  (   1) count  1 offset   1
  (   2) count  1 offset   2
  (   3) count  1 offset   3
  (   4) count  1 offset   4
  (   5) count  1 offset   5
  (   6) count  1 offset   6
  (   7) count  1 offset   7
  (   8) count  1 offset   8
  (   9) count  1 offset   9
  (  10) count  1 offset  10
  (  11) count  1 offset  11
  (  12) count  1 offset  12
  (  13) count  1 offset  13
  (  14) count  1 offset  14
  (  15) count  1 offset  15
  (  16) count  1 offset  16
  (  17) count  1 offset  17
  (  18) count  1 offset  18
  (  19) count  1 offset  19
Process 1:
  (   0) count  1 offset  20
  (   1) count  1 offset  21
  (   2) count  1 offset  22
  (   3) count  1 offset  23
  (   4) count  1 offset  24
  (   5) count  1 offset  25
  (   6) count  1 offset  26
  (   7) count  1 offset  27
  (   8) count  1 offset  28
  (   9) count  1 offset  29
  (  10) count  1 offset  30
  (  11) count  1 offset  31
  (  12) count  1 offset  32
  (  13) count  1 offset  33
  (  14) count  1 offset  34
  (  15) count  1 offset  35
  (  16) count  1 offset  36
  (  17) count  1 offset  37
  (  18) count  1 offset  38
  (  19) count  1 offset  39
PetscSection Object: Global vertex dof section 2 MPI processes
  type not yet set
Process 0:
  (   0) count -2 offset  -6
  (   1) count  1 offset   0
  (   2) count -2 offset  -7
  (   3) count -2 offset  -8
  (   4) count -2 offset  -9
  (   5) count -2 offset -10
  (   6) count -2 offset -11
  (   7) count  1 offset   1
  (   8) count  1 offset   2
  (   9) count  1 offset   3
  (  10) count -2 offset -12
  (  11) count  1 offset   4
  (  12) count -2 offset -14
  (  13) count -2 offset -15
  (  14) count -2 offset -16
  (  15) count -2 offset -17
  (  16) count -2 offset -18
  (  17) count -2 offset -19
  (  18) count -2 offset -20
Process 1:
  (   0) count  1 offset   5
  (   1) count  1 offset   6
  (   2) count  1 offset   7
  (   3) count  1 offset   8
  (   4) count  1 offset   9
  (   5) count  1 offset  10
  (   6) count  1 offset  11
  (   7) count  1 offset  12
  (   8) count  1 offset  13
  (   9) count  1 offset  14
  (  10) count  1 offset  15
  (  11) count  1 offset  16
  (  12) count  1 offset  17
  (  13) count  1 offset  18
  (  14) count  1 offset  19
