  ---------- Testing Gradient -------------
  Run with -tao_test_gradient_view and optionally -tao_test_gradient <threshold> to show difference
    of hand-coded and finite difference gradient entries greater than <threshold>.
  Testing hand-coded Gradient, if (for double precision runs) ||G - Gfd||_F/||G||_F is
    O(1.e-8), the hand-coded Gradient is probably correct.
  ||Gfd|| 2.64593, ||G|| = 2.64593, angle cosine = (Gfd'G)/||Gfd||||G|| = 1.
  2-norm ||G - Gfd||/||G|| = 5.03781e-06, ||G - Gfd|| = 1.33297e-05
  max-norm ||G - Gfd||/||G|| = 2.63864e-06, ||G - Gfd|| = 2.5099e-06
  0 TAO,  Function value: 1.27822,  Residual: 2.64593 
  ---------- Testing Gradient -------------
  ||Gfd|| 1.47778, ||G|| = 1.47778, angle cosine = (Gfd'G)/||Gfd||||G|| = 1.
  2-norm ||G - Gfd||/||G|| = 3.13248e-06, ||G - Gfd|| = 4.62912e-06
  max-norm ||G - Gfd||/||G|| = 1.29732e-06, ||G - Gfd|| = 8.94245e-07
  1 TAO,  Function value: 0.331028,  Residual: 1.47778 
  ---------- Testing Gradient -------------
  ||Gfd|| 0.408385, ||G|| = 0.408385, angle cosine = (Gfd'G)/||Gfd||||G|| = 1.
  2-norm ||G - Gfd||/||G|| = 6.15066e-06, ||G - Gfd|| = 2.51184e-06
  max-norm ||G - Gfd||/||G|| = 6.83282e-06, ||G - Gfd|| = 6.59802e-07
  2 TAO,  Function value: 0.0694196,  Residual: 0.408385 
  ---------- Testing Gradient -------------
  ||Gfd|| 0.219221, ||G|| = 0.219221, angle cosine = (Gfd'G)/||Gfd||||G|| = 1.
  2-norm ||G - Gfd||/||G|| = 7.97352e-06, ||G - Gfd|| = 1.74796e-06
  max-norm ||G - Gfd||/||G|| = 6.74063e-06, ||G - Gfd|| = 4.03568e-07
  3 TAO,  Function value: 0.0236602,  Residual: 0.219221 
Tao Object: 1 MPI processes
  type: blmvm
  Gradient steps: 0
  Mat Object: (tao_blmvm_) 1 MPI processes
    type: lmvmbfgs
    rows=192, cols=192
      Scale type: diagonal
      Scale history: 1
      Scale params: alpha=1., beta=0.5, rho=1.
      Convex factors: phi=0., theta=0.125
      Max. storage: 5
      Used storage: 2
      Number of updates: 2
      Number of rejects: 0
      Number of resets: 1
      Mat Object: (J0_) 1 MPI processes
        type: lmvmdiagbrdn
        rows=192, cols=192
          Scale history: 1
          Scale params: alpha=1., beta=0.5, rho=1.
          Convex factor: theta=0.125
          Max. storage: 1
          Used storage: 1
          Number of updates: 2
          Number of rejects: 0
          Number of resets: 1
  TaoLineSearch Object: 1 MPI processes
    type: more-thuente
    maximum function evaluations=30
    tolerances: ftol=0.0001, rtol=1e-10, gtol=0.9
    total number of function evaluations=0
    total number of gradient evaluations=0
    total number of function/gradient evaluations=1
    using variable bounds
    Termination reason: 1
  Active Set subset type: subvec
  convergence tolerances: gatol=1e-08,   steptol=0.,   gttol=0.1
  Residual in Function/Gradient:=0.219221
  Objective value=0.0236602
  total number of iterations=3,                          (max: 30)
  total number of function/gradient evaluations=1540,      (max: 4000)
  Solution converged:    ||g(X)||/||g(X0)|| <= gttol
TS Object: 1 MPI processes
  type: cn
  maximum time=0.1
  total number of nonlinear solver iterations=0
  total number of linear solver iterations=0
  total number of nonlinear solve failures=0
  total number of rejected steps=0
  using relative error tolerance of 1e-07,   using absolute error tolerance of 1e-07
  TSAdapt Object: 1 MPI processes
    type: none
  TSTrajectory Object: 1 MPI processes
    type: memory
    total number of recomputations for adjoint calculation = 0
    disk checkpoint reads = 0
    disk checkpoint writes = 0
    Memory trajectory
      SchedulerType type none
      Use online false
      Store stride 0
      Recompute false
      Skip trajectory false
      Save stack true
      Maximum checkpoints in RAM -1
      Maximum checkpoints on disk -1
      Stride 0
      Total steps 20
  SNES Object: 1 MPI processes
    type: newtonls
    maximum iterations=50, maximum function evaluations=10000
    tolerances: relative=1e-08, absolute=1e-50, solution=1e-08
    total number of linear solver iterations=4
    total number of function evaluations=3
    norm schedule ALWAYS
    SNESLineSearch Object: 1 MPI processes
      type: bt
        interpolation: cubic
        alpha=1.000000e-04
      maxstep=1.000000e+08, minlambda=1.000000e-12
      tolerances: relative=1.000000e-08, absolute=1.000000e-15, lambda=1.000000e-08
      maximum iterations=40
    KSP Object: 1 MPI processes
      type: gmres
        restart=30, using Classical (unmodified) Gram-Schmidt Orthogonalization with no iterative refinement
        happy breakdown tolerance 1e-30
      maximum iterations=10000, initial guess is zero
      tolerances:  relative=1e-05, absolute=1e-50, divergence=10000.
      left preconditioning
      using PRECONDITIONED norm type for convergence test
    PC Object: 1 MPI processes
      type: none
      linear system matrix = precond matrix:
      Mat Object: 1 MPI processes
        type: shell
        rows=192, cols=192
TAO solve converged due to CONVERGED_GTTOL iterations 3
