  0 TAO,  Function value: 1.29055,  Residual: 1.88628 
  1 TAO,  Function value: 0.328453,  Residual: 1.01081 
  2 TAO,  Function value: 0.0788377,  Residual: 0.318356 
  3 TAO,  Function value: 0.0286868,  Residual: 0.163536 
  4 TAO,  Function value: 0.0086327,  Residual: 0.112045 
  5 TAO,  Function value: 0.006686,  Residual: 0.165067 
  6 TAO,  Function value: 0.00115118,  Residual: 0.0293063 
  7 TAO,  Function value: 0.000710023,  Residual: 0.020235 
  8 TAO,  Function value: 0.000130942,  Residual: 0.0175043 
  9 TAO,  Function value: 4.42997e-05,  Residual: 0.00922928 
 10 TAO,  Function value: 1.8355e-05,  Residual: 0.00416687 
 11 TAO,  Function value: 7.27445e-06,  Residual: 0.00257071 
 12 TAO,  Function value: 2.89493e-06,  Residual: 0.00200713 
 13 TAO,  Function value: 6.0011e-07,  Residual: 0.000843798 
Tao Object: 1 MPI processes
  type: blmvm
  Gradient steps: 0
  Mat Object: (tao_blmvm_) 1 MPI processes
    type: lmvmbfgs
    rows=384, cols=384
      Scale type: diagonal
      Scale history: 1
      Scale params: alpha=1., beta=0.5, rho=1.
      Convex factors: phi=0., theta=0.125
      Max. storage: 5
      Used storage: 5
      Number of updates: 12
      Number of rejects: 0
      Number of resets: 1
      Mat Object: (J0_) 1 MPI processes
        type: lmvmdiagbrdn
        rows=384, cols=384
          Scale history: 1
          Scale params: alpha=1., beta=0.5, rho=1.
          Convex factor: theta=0.125
          Max. storage: 1
          Used storage: 1
          Number of updates: 12
          Number of rejects: 0
          Number of resets: 1
  TaoLineSearch Object: 1 MPI processes
    type: more-thuente
    maximum function evaluations=30
    tolerances: ftol=0.0001, rtol=1e-10, gtol=0.9
    total number of function evaluations=0
    total number of gradient evaluations=0
    total number of function/gradient evaluations=1
    using variable bounds
    Termination reason: 1
  Active Set subset type: subvec
  convergence tolerances: gatol=1e-08,   steptol=0.,   gttol=0.001
  Residual in Function/Gradient:=0.000843798
  Objective value=6.0011e-07
  total number of iterations=13,                          (max: 30)
  total number of function/gradient evaluations=15,      (max: 4000)
  Solution converged:    ||g(X)||/||g(X0)|| <= gttol
TAO solve converged due to CONVERGED_GTTOL iterations 13
