  ---------- Testing Gradient -------------
  Run with -tao_test_gradient_view and optionally -tao_test_gradient <threshold> to show difference
    of hand-coded and finite difference gradient entries greater than <threshold>.
  Testing hand-coded Gradient, if (for double precision runs) ||G - Gfd||_F/||G||_F is
    O(1.e-8), the hand-coded Gradient is probably correct.
  ||Gfd|| 1.8689, ||G|| = 1.8689, angle cosine = (Gfd'G)/||Gfd||||G|| = 1.
  2-norm ||G - Gfd||/||G|| = 1.11088e-07, ||G - Gfd|| = 2.07613e-07
  max-norm ||G - Gfd||/||G|| = 6.26674e-08, ||G - Gfd|| = 3.00851e-08
  0 TAO,  Function value: 1.2772,  Residual: 1.8689 
  ---------- Testing Gradient -------------
  ||Gfd|| 1.01074, ||G|| = 1.01074, angle cosine = (Gfd'G)/||Gfd||||G|| = 1.
  2-norm ||G - Gfd||/||G|| = 9.71213e-08, ||G - Gfd|| = 9.81639e-08
  max-norm ||G - Gfd||/||G|| = 5.48881e-08, ||G - Gfd|| = 1.82819e-08
  1 TAO,  Function value: 0.3229,  Residual: 1.01074 
  ---------- Testing Gradient -------------
  ||Gfd|| 0.301808, ||G|| = 0.301808, angle cosine = (Gfd'G)/||Gfd||||G|| = 1.
  2-norm ||G - Gfd||/||G|| = 7.20482e-08, ||G - Gfd|| = 2.17447e-08
  max-norm ||G - Gfd||/||G|| = 5.58403e-08, ||G - Gfd|| = 3.12304e-09
  2 TAO,  Function value: 0.0737084,  Residual: 0.301808 
  ---------- Testing Gradient -------------
  ||Gfd|| 0.160032, ||G|| = 0.160032, angle cosine = (Gfd'G)/||Gfd||||G|| = 1.
  2-norm ||G - Gfd||/||G|| = 5.93063e-08, ||G - Gfd|| = 9.49093e-09
  max-norm ||G - Gfd||/||G|| = 4.48198e-08, ||G - Gfd|| = 1.34907e-09
  3 TAO,  Function value: 0.0262896,  Residual: 0.160032 
Tao Object: 1 MPI processes
  type: blmvm
  Gradient steps: 0
  Mat Object: (tao_blmvm_) 1 MPI processes
    type: lmvmbfgs
    rows=384, cols=384
      Scale type: diagonal
      Scale history: 1
      Scale params: alpha=1., beta=0.5, rho=1.
      Convex factors: phi=0., theta=0.125
      Max. storage: 5
      Used storage: 2
      Number of updates: 2
      Number of rejects: 0
      Number of resets: 1
      Mat Object: (J0_) 1 MPI processes
        type: lmvmdiagbrdn
        rows=384, cols=384
          Scale history: 1
          Scale params: alpha=1., beta=0.5, rho=1.
          Convex factor: theta=0.125
          Max. storage: 1
          Used storage: 1
          Number of updates: 2
          Number of rejects: 0
          Number of resets: 1
  TaoLineSearch Object: 1 MPI processes
    type: more-thuente
    maximum function evaluations=30
    tolerances: ftol=0.0001, rtol=1e-10, gtol=0.9
    total number of function evaluations=0
    total number of gradient evaluations=0
    total number of function/gradient evaluations=1
    using variable bounds
    Termination reason: 1
  Active Set subset type: subvec
  convergence tolerances: gatol=1e-08,   steptol=0.,   gttol=0.1
  Residual in Function/Gradient:=0.160032
  Objective value=0.0262896
  total number of iterations=3,                          (max: 30)
  total number of function/gradient evaluations=3076,      (max: 4000)
  Solution converged:    ||g(X)||/||g(X0)|| <= gttol
TAO solve converged due to CONVERGED_GTTOL iterations 3
