[0] ProcessOptions(): Warning: num_species = 3 != number of thermal temps provided (2)
masses:        e= 9.109e-31; ions in proton mass units:  2.000e+00  0.000e+00 ...
charges:       e=-1.602e-19; charges in elementary units:  1.000e+00  0.000e+00
thermal T (K): e= 5.802e+07 i= 5.802e+07 imp= 0.000e+00. v_0= 2.965e+07 n_0= 1.000e+20 t_0= 6.470e-05
[0] ProcessREOptions(): Num electrons from ions=2, T_cold= 5.800e+04, ion potential= 1.500e+01, E_z= 0.000e+00 v_0= 2.965e+07
[0] DMGetDMSNES(): Creating new DMSNES
[0] DMGetDMTS(): Creating new DMTS
[0] DMGetDMSNESWrite(): Copying DMSNES due to write
  0) species-0: charge density= -1.6022410962637e+01 z-momentum=  4.7447139462819e-20 energy=  1.1960549034835e+05
  0) species-1: charge density=  1.6020046245284e+01 z-momentum=  6.4575369114609e-18 energy=  1.1967503195186e+05
	  0) Total: charge density= -2.3647173530179e-03, momentum=  6.5049840509237e-18, energy=  2.3928052230021e+05 (m_i[0]/m_e = 3670.94, 68 cells)
0 TS dt 0.0001 time 0.
[0] DMGetDMKSP(): Creating new DMKSP
    0 SNES Function norm 2.083795367552e-03 
    1 SNES Function norm 1.006105583355e-07 
    2 SNES Function norm 2.258164897352e-11 
  Nonlinear solve converged due to CONVERGED_SNORM_RELATIVE iterations 2
    0 SNES Function norm 2.070260967262e-03 
    1 SNES Function norm 4.863782056055e-08 
    2 SNES Function norm 5.648302287170e-12 
  Nonlinear solve converged due to CONVERGED_SNORM_RELATIVE iterations 2
    0 SNES Function norm 2.076856422087e-03 
    1 SNES Function norm 5.020659494732e-08 
    2 SNES Function norm 5.885640021433e-12 
  Nonlinear solve converged due to CONVERGED_SNORM_RELATIVE iterations 2
[0] TSAdaptChoose_Basic(): Estimated scaled local truncation error 8.85877e-06, accepting step of size 0.0001
1 TS dt 0.000125 time 0.0001
    0 SNES Function norm 2.070144960867e-03 
    1 SNES Function norm 1.161122989991e-07 
    2 SNES Function norm 2.983267578739e-11 
  Nonlinear solve converged due to CONVERGED_SNORM_RELATIVE iterations 2
    0 SNES Function norm 2.054416157787e-03 
    1 SNES Function norm 5.593702109364e-08 
    2 SNES Function norm 7.309943180906e-12 
  Nonlinear solve converged due to CONVERGED_SNORM_RELATIVE iterations 2
    0 SNES Function norm 2.062062471475e-03 
    1 SNES Function norm 5.791358998946e-08 
    2 SNES Function norm 7.878001891743e-12 
  Nonlinear solve converged due to CONVERGED_SNORM_RELATIVE iterations 2
[0] TSAdaptChoose_Basic(): Estimated scaled local truncation error 1.37511e-05, accepting step of size 0.000125
  2) species-0: charge density= -1.6022410962637e+01 z-momentum= -1.6518633738907e-19 energy=  1.1960549031627e+05
  2) species-1: charge density=  1.6020046245284e+01 z-momentum= -8.1859473840428e-18 energy=  1.1967503198394e+05
	  2) Total: charge density= -2.3647173530179e-03, momentum= -8.3511337214318e-18, energy=  2.3928052230021e+05 (m_i[0]/m_e = 3670.94, 68 cells)
[0] parallel consistency check OK
2 TS dt 0.00015625 time 0.000225
