[0] 27 global equations, 9 vertices
[0] 27 equations in vector, 9 vertices
    0 KSP Residual norm 151.618 
    1 KSP Residual norm < 1.e-11
  Linear solve converged due to CONVERGED_RTOL iterations 1
[0] 441 global equations, 147 vertices
[0] 441 equations in vector, 147 vertices
    0 KSP Residual norm 447.029 
    1 KSP Residual norm 28.5728 
    2 KSP Residual norm 2.72827 
    3 KSP Residual norm 0.512264 
    4 KSP Residual norm 0.123927 
    5 KSP Residual norm 0.0206113 
    6 KSP Residual norm 0.00266897 
    7 KSP Residual norm 0.000360507 
    8 KSP Residual norm 4.64167e-05 
    9 KSP Residual norm 6.53582e-06 
   10 KSP Residual norm 7.20736e-07 
  Linear solve converged due to CONVERGED_RTOL iterations 10
[0] 1) N=         441, max displ=5.5560415e+01, disp diff= 1.19e+01, error=4.415e+00, rate=1.9
