[0] 27 global equations, 9 vertices
[0] 27 equations in vector, 9 vertices
    0 KSP Residual norm 151.618 
    1 KSP Residual norm < 1.e-11
  Linear solve converged due to CONVERGED_RTOL iterations 1
[0] 441 global equations, 147 vertices
[0] 441 equations in vector, 147 vertices
    0 KSP Residual norm 442.812 
    1 KSP Residual norm 29.5772 
    2 KSP Residual norm 2.98399 
    3 KSP Residual norm 0.553222 
    4 KSP Residual norm 0.134367 
    5 KSP Residual norm 0.0212837 
    6 KSP Residual norm 0.002875 
    7 KSP Residual norm 0.000401772 
    8 KSP Residual norm 5.42515e-05 
    9 KSP Residual norm 7.24446e-06 
   10 KSP Residual norm 8.28684e-07 
  Linear solve converged due to CONVERGED_RTOL iterations 10
[0] 1) N=         441, max displ=5.5560415e+01, disp diff= 1.19e+01, error=4.415e+00, rate=1.9
