    0 SNES Function norm 2.000000000000e+00, Update norm 0.000000000000e+00, Objective 1.000000000000e+00
    1 SNES Function norm 8.073724295516e+00, Update norm 2.000000000000e-01, Objective 7.984000000000e-01
    Linear solve converged due to CONVERGED_RTOL iterations 2
    2 SNES Function norm 1.668646866705e+00, Update norm 1.174756436695e-01, Objective 5.109510831338e-01
    Linear solve converged due to CONVERGED_ATOL iterations 1
    3 SNES Function norm 1.804260212136e+00, Update norm 1.374391450735e-02, Objective 4.994484710372e-01
    Linear solve converged due to CONVERGED_STEP_LENGTH iterations 2
    Linear solve converged due to CONVERGED_STEP_LENGTH iterations 2
    4 SNES Function norm 9.687282367859e+00, Update norm 2.000000000000e-01, Objective 4.249878095085e-01
    Linear solve converged due to CONVERGED_RTOL iterations 2
    5 SNES Function norm 7.686404009655e-01, Update norm 1.145270916934e-01, Objective 2.203087685263e-01
    Linear solve converged due to CONVERGED_ATOL iterations 1
    6 SNES Function norm 1.156833788316e+00, Update norm 5.957787032218e-03, Objective 2.180181164342e-01
    Linear solve converged due to CONVERGED_STEP_LENGTH iterations 2
    Linear solve converged due to CONVERGED_STEP_LENGTH iterations 2
    7 SNES Function norm 6.830213914039e+00, Update norm 2.000000000000e-01, Objective 1.562013517681e-01
    Linear solve converged due to CONVERGED_RTOL iterations 2
    8 SNES Function norm 9.137029031254e-01, Update norm 1.205484275307e-01, Objective 7.274063169858e-02
    Linear solve converged due to CONVERGED_RTOL iterations 2
    9 SNES Function norm 9.363404466049e+00, Update norm 2.763001362830e-01, Objective 6.847579639600e-02
    Linear solve converged due to CONVERGED_RTOL iterations 2
   10 SNES Function norm 9.012257663576e-02, Update norm 6.221791425245e-02, Objective 8.720760731916e-03
    Linear solve converged due to CONVERGED_ATOL iterations 1
   11 SNES Function norm 3.324423724899e+00, Update norm 1.179990816148e-01, Objective 7.321928265348e-03
    Linear solve converged due to CONVERGED_RTOL iterations 2
   12 SNES Function norm 4.640869635266e-02, Update norm 3.660526229990e-02, Objective 4.479167273999e-04
    Linear solve converged due to CONVERGED_RTOL iterations 2
   13 SNES Function norm 1.818592440086e-01, Update norm 4.489390600615e-02, Objective 1.751248558884e-05
    Linear solve converged due to CONVERGED_RTOL iterations 2
   14 SNES Function norm 1.174510380531e-04, Update norm 1.904963039497e-03, Objective 3.153236555606e-09
    Linear solve converged due to CONVERGED_RTOL iterations 2
   15 SNES Function norm 1.377059567358e-06, Update norm 1.255344078512e-04, Objective 9.972750962966e-16
