  0 KSP Residual norm 1.889463191267e+02 % max 1.000000000000e+00 min 1.000000000000e+00 max/min 1.000000000000e+00
  1 KSP Residual norm 4.718622545711e+01 % max 3.564446669682e-01 min 3.564446669682e-01 max/min 1.000000000000e+00
  2 KSP Residual norm 1.835899103306e+01 % max 8.864497068172e-01 min 1.949092693101e-01 max/min 4.548012056865e+00
  3 KSP Residual norm 1.221846624773e+01 % max 9.263312882714e-01 min 1.840995695127e-01 max/min 5.031686335408e+00
  4 KSP Residual norm 3.175462051597e+00 % max 9.695490265647e-01 min 1.731472349820e-01 max/min 5.599564016519e+00
  5 KSP Residual norm 1.002541102691e+00 % max 9.867004928799e-01 min 1.705109067897e-01 max/min 5.786729491134e+00
  6 KSP Residual norm 4.678729239995e-01 % max 9.922561647625e-01 min 1.700490089088e-01 max/min 5.835118776227e+00
  7 KSP Residual norm 2.126183506475e-01 % max 9.950731755551e-01 min 1.697390308466e-01 max/min 5.862371020925e+00
  8 KSP Residual norm 1.106903332336e-01 % max 9.961927812640e-01 min 1.694999284158e-01 max/min 5.877246029393e+00
  9 KSP Residual norm 5.231678577210e-02 % max 9.968698698142e-01 min 1.690476324162e-01 max/min 5.896976228331e+00
 10 KSP Residual norm 1.334895171284e-02 % max 9.975366356134e-01 min 1.634373105041e-01 max/min 6.103481711347e+00
 11 KSP Residual norm 3.560871352570e-03 % max 9.980586232922e-01 min 1.593267426642e-01 max/min 6.264225368590e+00
 12 KSP Residual norm 1.422689556403e-03 % max 9.983574664066e-01 min 1.589865641383e-01 max/min 6.279508408887e+00
KSP Object: 8 MPI processes
  type: cg
  maximum iterations=10000, initial guess is zero
  tolerances:  relative=1e-05, absolute=1e-50, divergence=10000.
  left preconditioning
  using PRECONDITIONED norm type for convergence test
PC Object: 8 MPI processes
  type: mg
    type is MULTIPLICATIVE, levels=2 cycles=v
      Cycles per PCApply=1
      Using Galerkin computed coarse grid matrices
  Coarse grid solver -- level 0 -------------------------------
    KSP Object: (mg_coarse_) 8 MPI processes
      type: preonly
      maximum iterations=10000, initial guess is zero
      tolerances:  relative=1e-05, absolute=1e-50, divergence=10000.
      left preconditioning
      using NONE norm type for convergence test
    PC Object: (mg_coarse_) 8 MPI processes
      type: redundant
        First (color=0) of 8 PCs follows
        KSP Object: (mg_coarse_redundant_) 1 MPI process
          type: preonly
          maximum iterations=10000, initial guess is zero
          tolerances:  relative=1e-05, absolute=1e-50, divergence=10000.
          left preconditioning
          using NONE norm type for convergence test
        PC Object: (mg_coarse_redundant_) 1 MPI process
          type: cholesky
            out-of-place factorization
            tolerance for zero pivot 2.22045e-14
            matrix ordering: nd
            factor fill ratio given 5., needed 1.07895
              Factored matrix follows:
                Mat Object: (mg_coarse_redundant_) 1 MPI process
                  type: seqsbaij
                  rows=32, cols=32
                  package used to perform factorization: petsc
                  total: nonzeros=492, allocated nonzeros=492
                      block size is 1
          linear system matrix = precond matrix:
          Mat Object: 1 MPI process
            type: seqaij
            rows=32, cols=32
            total: nonzeros=880, allocated nonzeros=880
            total number of mallocs used during MatSetValues calls=0
              using I-node routines: found 10 nodes, limit used is 5
      linear system matrix = precond matrix:
      Mat Object: 8 MPI processes
        type: is
        rows=32, cols=32
        total: nonzeros=1636, allocated nonzeros=1636
        total number of mallocs used during MatSetValues calls=0
  Down solver (pre-smoother) on level 1 -------------------------------
    KSP Object: (mg_levels_1_) 8 MPI processes
      type: chebyshev
        Chebyshev polynomial of first kind
        eigenvalue targets used: min 0.805341, max 8.85875
        eigenvalues estimated via cg: min 0.109167, max 8.05341
        eigenvalues estimated using cg with transform: [0. 0.1; 0. 1.1]
        KSP Object: (mg_levels_1_esteig_) 8 MPI processes
          type: cg
          maximum iterations=10, initial guess is zero
          tolerances:  relative=1e-12, absolute=1e-50, divergence=10000.
          left preconditioning
          using PRECONDITIONED norm type for convergence test
        PC Object: 8 MPI processes
          type not yet set
          PC has not been set up so information may be incomplete
        estimating eigenvalues using noisy right hand side
      maximum iterations=2, nonzero initial guess
      tolerances:  relative=1e-05, absolute=1e-50, divergence=10000.
      left preconditioning
      using NONE norm type for convergence test
    PC Object: (mg_levels_1_) 8 MPI processes
      type: asm
        total subdomain blocks = 8, amount of overlap = 1
        restriction/interpolation type - BASIC
        Local solver information for first block is in the following KSP and PC objects on rank 0:
        Use -mg_levels_1_ksp_view ::ascii_info_detail to display information for all blocks
      KSP Object: (mg_levels_1_sub_) 1 MPI process
        type: preonly
        maximum iterations=10000, initial guess is zero
        tolerances:  relative=1e-05, absolute=1e-50, divergence=10000.
        left preconditioning
        using NONE norm type for convergence test
      PC Object: (mg_levels_1_sub_) 1 MPI process
        type: icc
          out-of-place factorization
          0 levels of fill
          tolerance for zero pivot 2.22045e-14
          using Manteuffel shift [POSITIVE_DEFINITE]
          matrix ordering: natural
          factor fill ratio given 1., needed 1.00057
            Factored matrix follows:
              Mat Object: (mg_levels_1_sub_) 1 MPI process
                type: seqsbaij
                rows=540, cols=540, bs=3
                package used to perform factorization: petsc
                total: nonzeros=15795, allocated nonzeros=15795
                    block size is 3
        linear system matrix = precond matrix:
        Mat Object: (mg_levels_1_sub_) 1 MPI process
          type: seqbaij
          rows=540, cols=540, bs=3
          total: nonzeros=29952, allocated nonzeros=29952
          total number of mallocs used during MatSetValues calls=0
              block size is 3
      linear system matrix = precond matrix:
      Mat Object: 8 MPI processes
        type: is
        rows=2160, cols=2160, bs=3
        total: nonzeros=156078, allocated nonzeros=156078
        total number of mallocs used during MatSetValues calls=0
          has attached near null space
  Up solver (post-smoother) same as down solver (pre-smoother)
  linear system matrix = precond matrix:
  Mat Object: 8 MPI processes
    type: is
    rows=2160, cols=2160, bs=3
    total: nonzeros=156078, allocated nonzeros=156078
    total number of mallocs used during MatSetValues calls=0
      has attached near null space
