  0 KSP Residual norm 8.639819370353e+01 % max 1.000000000000e+00 min 1.000000000000e+00 max/min 1.000000000000e+00
  1 KSP Residual norm 2.045641761237e+01 % max 3.627986269595e-01 min 3.627986269595e-01 max/min 1.000000000000e+00
  2 KSP Residual norm 3.322350802078e+00 % max 9.259370639236e-01 min 2.314929812342e-01 max/min 3.999849407904e+00
  3 KSP Residual norm 5.988168501644e-01 % max 9.728378572366e-01 min 2.296224182594e-01 max/min 4.236685009291e+00
  4 KSP Residual norm 1.857962892602e-01 % max 9.841295091757e-01 min 2.295479550803e-01 max/min 4.287250168845e+00
  5 KSP Residual norm 1.724306663022e-02 % max 9.949298655897e-01 min 2.295252604239e-01 max/min 4.334729274470e+00
  6 KSP Residual norm 2.878165879308e-03 % max 9.972171887569e-01 min 2.295244323632e-01 max/min 4.344710401806e+00
  7 KSP Residual norm 6.582202162463e-04 % max 9.977592079277e-01 min 2.295244052660e-01 max/min 4.347072402916e+00
KSP Object: 8 MPI processes
  type: cg
  maximum iterations=10000, initial guess is zero
  tolerances:  relative=1e-05, absolute=1e-50, divergence=10000.
  left preconditioning
  using PRECONDITIONED norm type for convergence test
PC Object: 8 MPI processes
  type: mg
    type is MULTIPLICATIVE, levels=2 cycles=v
      Cycles per PCApply=1
      Using Galerkin computed coarse grid matrices
  Coarse grid solver -- level 0 -------------------------------
    KSP Object: (mg_coarse_) 8 MPI processes
      type: preonly
      maximum iterations=10000, initial guess is zero
      tolerances:  relative=1e-05, absolute=1e-50, divergence=10000.
      left preconditioning
      using NONE norm type for convergence test
    PC Object: (mg_coarse_) 8 MPI processes
      type: redundant
        First (color=0) of 8 PCs follows
        KSP Object: (mg_coarse_redundant_) 1 MPI process
          type: preonly
          maximum iterations=10000, initial guess is zero
          tolerances:  relative=1e-05, absolute=1e-50, divergence=10000.
          left preconditioning
          using NONE norm type for convergence test
        PC Object: (mg_coarse_redundant_) 1 MPI process
          type: cholesky
            out-of-place factorization
            tolerance for zero pivot 2.22045e-14
            matrix ordering: nd
            factor fill ratio given 5., needed 1.05263
              Factored matrix follows:
                Mat Object: (mg_coarse_redundant_) 1 MPI process
                  type: seqsbaij
                  rows=6, cols=6
                  package used to perform factorization: petsc
                  total: nonzeros=20, allocated nonzeros=20
                      block size is 1
          linear system matrix = precond matrix:
          Mat Object: 1 MPI process
            type: seqaij
            rows=6, cols=6
            total: nonzeros=32, allocated nonzeros=32
            total number of mallocs used during MatSetValues calls=0
              not using I-node routines
      linear system matrix = precond matrix:
      Mat Object: 8 MPI processes
        type: is
        rows=6, cols=6
        total: nonzeros=68, allocated nonzeros=68
        total number of mallocs used during MatSetValues calls=0
  Down solver (pre-smoother) on level 1 -------------------------------
    KSP Object: (mg_levels_1_) 8 MPI processes
      type: chebyshev
        Chebyshev polynomial of first kind
        eigenvalue targets used: min 0.8026, max 8.8286
        eigenvalues estimated via cg: min 0.120311, max 8.026
        eigenvalues estimated using cg with transform: [0. 0.1; 0. 1.1]
        KSP Object: (mg_levels_1_esteig_) 8 MPI processes
          type: cg
          maximum iterations=10, initial guess is zero
          tolerances:  relative=1e-12, absolute=1e-50, divergence=10000.
          left preconditioning
          using PRECONDITIONED norm type for convergence test
        PC Object: 8 MPI processes
          type not yet set
          PC has not been set up so information may be incomplete
        estimating eigenvalues using noisy right hand side
      maximum iterations=2, nonzero initial guess
      tolerances:  relative=1e-05, absolute=1e-50, divergence=10000.
      left preconditioning
      using NONE norm type for convergence test
    PC Object: (mg_levels_1_) 8 MPI processes
      type: asm
        total subdomain blocks = 8, amount of overlap = 1
        restriction/interpolation type - BASIC
        Local solver information for first block is in the following KSP and PC objects on rank 0:
        Use -mg_levels_1_ksp_view ::ascii_info_detail to display information for all blocks
      KSP Object: (mg_levels_1_sub_) 1 MPI process
        type: preonly
        maximum iterations=10000, initial guess is zero
        tolerances:  relative=1e-05, absolute=1e-50, divergence=10000.
        left preconditioning
        using NONE norm type for convergence test
      PC Object: (mg_levels_1_sub_) 1 MPI process
        type: icc
          out-of-place factorization
          0 levels of fill
          tolerance for zero pivot 2.22045e-14
          using Manteuffel shift [POSITIVE_DEFINITE]
          matrix ordering: natural
          factor fill ratio given 1., needed 1.
            Factored matrix follows:
              Mat Object: (mg_levels_1_sub_) 1 MPI process
                type: seqsbaij
                rows=180, cols=180
                package used to perform factorization: petsc
                total: nonzeros=1754, allocated nonzeros=1754
                    block size is 1
        linear system matrix = precond matrix:
        Mat Object: (mg_levels_1_sub_) 1 MPI process
          type: seqaij
          rows=180, cols=180
          total: nonzeros=3328, allocated nonzeros=3328
          total number of mallocs used during MatSetValues calls=0
            not using I-node routines
      linear system matrix = precond matrix:
      Mat Object: 8 MPI processes
        type: is
        rows=720, cols=720
        total: nonzeros=17342, allocated nonzeros=17342
        total number of mallocs used during MatSetValues calls=0
  Up solver (post-smoother) same as down solver (pre-smoother)
  linear system matrix = precond matrix:
  Mat Object: 8 MPI processes
    type: is
    rows=720, cols=720
    total: nonzeros=17342, allocated nonzeros=17342
    total number of mallocs used during MatSetValues calls=0
