  0 KSP Residual norm 2.392461404077e+02 % max 1.000000000000e+00 min 1.000000000000e+00 max/min 1.000000000000e+00
  1 KSP Residual norm 7.743986139177e+00 % max 7.563927763909e-01 min 7.563927763909e-01 max/min 1.000000000000e+00
  2 KSP Residual norm 1.342514198419e+00 % max 9.101773601760e-01 min 6.381921172765e-01 max/min 1.426180824765e+00
  3 KSP Residual norm 2.068271184182e-01 % max 9.529919584391e-01 min 6.221158316614e-01 max/min 1.531856143082e+00
  4 KSP Residual norm 3.582677940506e-02 % max 9.728180029598e-01 min 6.152664131801e-01 max/min 1.581132956587e+00
  5 KSP Residual norm 4.339305964542e-03 % max 9.861331561579e-01 min 5.934156263084e-01 max/min 1.661791689398e+00
  6 KSP Residual norm 4.806900589085e-04 % max 9.925777378051e-01 min 5.727092329572e-01 max/min 1.733126830661e+00
KSP Object: 8 MPI processes
  type: cg
  maximum iterations=10000, initial guess is zero
  tolerances:  relative=1e-05, absolute=1e-50, divergence=10000.
  left preconditioning
  using PRECONDITIONED norm type for convergence test
PC Object: 8 MPI processes
  type: mg
    type is MULTIPLICATIVE, levels=2 cycles=v
      Cycles per PCApply=1
      Using Galerkin computed coarse grid matrices
  Coarse grid solver -- level 0 -------------------------------
    KSP Object: (mg_coarse_) 8 MPI processes
      type: preonly
      maximum iterations=10000, initial guess is zero
      tolerances:  relative=1e-05, absolute=1e-50, divergence=10000.
      left preconditioning
      using NONE norm type for convergence test
    PC Object: (mg_coarse_) 8 MPI processes
      type: redundant
        First (color=0) of 8 PCs follows
        KSP Object: (mg_coarse_redundant_) 1 MPI process
          type: preonly
          maximum iterations=10000, initial guess is zero
          tolerances:  relative=1e-05, absolute=1e-50, divergence=10000.
          left preconditioning
          using NONE norm type for convergence test
        PC Object: (mg_coarse_redundant_) 1 MPI process
          type: cholesky
            out-of-place factorization
            tolerance for zero pivot 2.22045e-14
            matrix ordering: nd
            factor fill ratio given 5., needed 1.24793
              Factored matrix follows:
                Mat Object: (mg_coarse_redundant_) 1 MPI process
                  type: seqsbaij
                  rows=19, cols=19
                  package used to perform factorization: petsc
                  total: nonzeros=151, allocated nonzeros=151
                      block size is 1
          linear system matrix = precond matrix:
          Mat Object: 1 MPI process
            type: seqaij
            rows=19, cols=19
            total: nonzeros=223, allocated nonzeros=223
            total number of mallocs used during MatSetValues calls=0
              not using I-node routines
      linear system matrix = precond matrix:
      Mat Object: 8 MPI processes
        type: is
        rows=19, cols=19
        total: nonzeros=392, allocated nonzeros=392
        total number of mallocs used during MatSetValues calls=0
  Down solver (pre-smoother) on level 1 -------------------------------
    KSP Object: (mg_levels_1_) 8 MPI processes
      type: chebyshev
        Chebyshev polynomial of first kind
        eigenvalue targets used: min 0.8026, max 8.8286
        eigenvalues estimated via cg: min 0.120311, max 8.026
        eigenvalues estimated using cg with transform: [0. 0.1; 0. 1.1]
        KSP Object: (mg_levels_1_esteig_) 8 MPI processes
          type: cg
          maximum iterations=10, initial guess is zero
          tolerances:  relative=1e-12, absolute=1e-50, divergence=10000.
          left preconditioning
          using PRECONDITIONED norm type for convergence test
        PC Object: 8 MPI processes
          type not yet set
          PC has not been set up so information may be incomplete
        estimating eigenvalues using noisy right hand side
      maximum iterations=2, nonzero initial guess
      tolerances:  relative=1e-05, absolute=1e-50, divergence=10000.
      left preconditioning
      using NONE norm type for convergence test
    PC Object: (mg_levels_1_) 8 MPI processes
      type: asm
        total subdomain blocks = 8, amount of overlap = 1
        restriction/interpolation type - BASIC
        Local solver information for first block is in the following KSP and PC objects on rank 0:
        Use -mg_levels_1_ksp_view ::ascii_info_detail to display information for all blocks
      KSP Object: (mg_levels_1_sub_) 1 MPI process
        type: preonly
        maximum iterations=10000, initial guess is zero
        tolerances:  relative=1e-05, absolute=1e-50, divergence=10000.
        left preconditioning
        using NONE norm type for convergence test
      PC Object: (mg_levels_1_sub_) 1 MPI process
        type: icc
          out-of-place factorization
          0 levels of fill
          tolerance for zero pivot 2.22045e-14
          using Manteuffel shift [POSITIVE_DEFINITE]
          matrix ordering: natural
          factor fill ratio given 1., needed 1.
            Factored matrix follows:
              Mat Object: (mg_levels_1_sub_) 1 MPI process
                type: seqsbaij
                rows=180, cols=180
                package used to perform factorization: petsc
                total: nonzeros=1754, allocated nonzeros=1754
                    block size is 1
        linear system matrix = precond matrix:
        Mat Object: (mg_levels_1_sub_) 1 MPI process
          type: seqaij
          rows=180, cols=180
          total: nonzeros=3328, allocated nonzeros=3328
          total number of mallocs used during MatSetValues calls=0
            not using I-node routines
      linear system matrix = precond matrix:
      Mat Object: 8 MPI processes
        type: is
        rows=720, cols=720
        total: nonzeros=17342, allocated nonzeros=17342
        total number of mallocs used during MatSetValues calls=0
  Up solver (post-smoother) same as down solver (pre-smoother)
  linear system matrix = precond matrix:
  Mat Object: 8 MPI processes
    type: is
    rows=720, cols=720
    total: nonzeros=17342, allocated nonzeros=17342
    total number of mallocs used during MatSetValues calls=0
