  0 SNES Function norm 6.859681763265e-01 
            0 SNES Function norm 8.636957404136e+00 
            1 SNES Function norm 1.748642668974e-10 
          0 SNES Function norm 5.541436587521e+00 
          1 SNES Function norm 1.407902828993e-05 
            0 SNES Function norm 7.085754281908e-06 
            1 SNES Function norm 6.662498152558e-11 
            2 SNES Function norm 1.184656661889e-13 
          0 SNES Function norm 1.323315388502e-05 
          1 SNES Function norm 4.763265937132e-11 
        0 SNES Function norm 3.291293752234e+00 
        1 SNES Function norm 1.183020767173e-05 
          0 SNES Function norm 8.334410365842e-06 
          1 SNES Function norm 2.570695800111e-11 
            0 SNES Function norm 2.513646461008e-11 
            1 SNES Function norm 1.582487201889e-13 
          0 SNES Function norm 2.597452826311e-11 
          1 SNES Function norm 7.173698463180e-14 
        0 SNES Function norm 1.190521407603e-05 
        1 SNES Function norm 4.970420087882e-11 
      0 SNES Function norm 1.752974610596e+00 
      1 SNES Function norm 3.861107154924e-06 
        0 SNES Function norm 3.946104136767e-06 
        1 SNES Function norm 5.496630222730e-11 
          0 SNES Function norm 4.006327094965e-11 
          1 SNES Function norm 1.962578451350e-13 
            0 SNES Function norm 1.071092845805e-13 
          0 SNES Function norm 1.962578451350e-13 
        0 SNES Function norm 5.368882365456e-11 
        1 SNES Function norm 1.520169274019e-13 
      0 SNES Function norm 3.990037911733e-06 
      1 SNES Function norm 1.366023018348e-11 
    0 SNES Function norm 8.979228277873e-01 
    1 SNES Function norm 2.275617142430e-06 
      0 SNES Function norm 2.765171964245e-06 
      1 SNES Function norm 3.144539644925e-11 
        0 SNES Function norm 3.192385667523e-11 
        1 SNES Function norm 1.264981224706e-13 
          0 SNES Function norm 1.572143503614e-13 
          1 SNES Function norm 1.200484896090e-13 
            0 SNES Function norm 1.848007289439e-13 
            1 SNES Function norm 4.632448730259e-14 
          0 SNES Function norm 1.410886557797e-13 
        0 SNES Function norm 1.757740866503e-13 
      0 SNES Function norm 3.226584059557e-11 
      1 SNES Function norm 1.604956804653e-13 
    0 SNES Function norm 2.932447222973e-06 
    1 SNES Function norm 8.388455042398e-12 
  1 SNES Function norm 8.388455042398e-12 
