  0 SNES Function norm 1.143850417324e+01 
            0 SNES Function norm 8.043885214005e+00 
            1 SNES Function norm 2.221668687676e-11 
          0 SNES Function norm 7.983789113785e+00 
          1 SNES Function norm 6.310839424649e-05 
            0 SNES Function norm 4.427917581347e-05 
            1 SNES Function norm 1.104194170157e-15 
          0 SNES Function norm 6.072778611458e-05 
          1 SNES Function norm 1.904310627461e-10 
        0 SNES Function norm 8.058897401436e+00 
        1 SNES Function norm 2.879006848800e-05 
          0 SNES Function norm 2.929575589503e-05 
          1 SNES Function norm 9.005530265622e-11 
            0 SNES Function norm 5.764406327558e-11 
            1 SNES Function norm 4.570386705969e-14 
          0 SNES Function norm 8.375709365388e-11 
          1 SNES Function norm 2.586970783340e-13 
        0 SNES Function norm 2.909940500610e-05 
        1 SNES Function norm 1.169607511832e-10 
      0 SNES Function norm 9.523450561506e+00 
      1 SNES Function norm 5.113923604377e-05 
        0 SNES Function norm 6.160030604241e-05 
        1 SNES Function norm 5.940903476724e-10 
          0 SNES Function norm 4.225101760361e-10 
          1 SNES Function norm 1.043223695793e-13 
            0 SNES Function norm 5.676595896608e-14 
          0 SNES Function norm 1.043223695793e-13 
        0 SNES Function norm 6.105906974772e-10 
        1 SNES Function norm 1.263241477973e-13 
      0 SNES Function norm 5.868888012099e-05 
      1 SNES Function norm 1.347421894554e-10 
    0 SNES Function norm 1.282542311638e+01 
    1 SNES Function norm 6.484425069391e-05 
      0 SNES Function norm 7.644369242987e-05 
      1 SNES Function norm 1.379958983123e-09 
        0 SNES Function norm 1.351283126126e-09 
        1 SNES Function norm 1.392506422176e-13 
          0 SNES Function norm 1.061564405733e-13 
            0 SNES Function norm 1.201993467643e-13 
          0 SNES Function norm 1.061564398531e-13 
        0 SNES Function norm 1.392506422176e-13 
      0 SNES Function norm 1.361537292404e-09 
      1 SNES Function norm 1.671307510622e-13 
    0 SNES Function norm 7.311945226671e-05 
    1 SNES Function norm 1.986358469796e-10 
  1 SNES Function norm 1.986358469796e-10 
