lid velocity = 0.000106281, prandtl # = 1., grashof # = 1.
  0 SNES Function norm 1.036007954337e-02 
    0 KSP Residual norm 9.144944502871e-02 
    1 KSP Residual norm 2.593759906204e-02 
    2 KSP Residual norm 1.669815200495e-02 
    3 KSP Residual norm 1.510777951698e-02 
    4 KSP Residual norm 1.458401237884e-02 
    5 KSP Residual norm 1.418635322926e-02 
    6 KSP Residual norm 1.377436725003e-02 
    7 KSP Residual norm 1.332236907186e-02 
    8 KSP Residual norm 1.288602527920e-02 
    9 KSP Residual norm 1.240018288138e-02 
   10 KSP Residual norm 1.186798872492e-02 
   11 KSP Residual norm 1.126565820237e-02 
   12 KSP Residual norm 1.063916289485e-02 
   13 KSP Residual norm 9.975377414549e-03 
   14 KSP Residual norm 9.354874256052e-03 
   15 KSP Residual norm 8.779095086507e-03 
   16 KSP Residual norm 8.257220099778e-03 
   17 KSP Residual norm 7.721504294489e-03 
   18 KSP Residual norm 7.165931362294e-03 
   19 KSP Residual norm 6.614579158468e-03 
   20 KSP Residual norm 6.069852590203e-03 
   21 KSP Residual norm 5.532583715677e-03 
   22 KSP Residual norm 5.012542062574e-03 
   23 KSP Residual norm 4.469698743551e-03 
   24 KSP Residual norm 3.946112491958e-03 
   25 KSP Residual norm 3.431223373793e-03 
   26 KSP Residual norm 2.968213186086e-03 
   27 KSP Residual norm 2.622089571760e-03 
   28 KSP Residual norm 2.418543969984e-03 
   29 KSP Residual norm 2.310824403853e-03 
   30 KSP Residual norm 2.236309852146e-03 
   31 KSP Residual norm 2.197075836614e-03 
   32 KSP Residual norm 2.184744877441e-03 
   33 KSP Residual norm 2.184139801212e-03 
   34 KSP Residual norm 2.177357542486e-03 
   35 KSP Residual norm 2.165221418018e-03 
   36 KSP Residual norm 2.150741735308e-03 
   37 KSP Residual norm 2.135576712445e-03 
   38 KSP Residual norm 2.119308727352e-03 
   39 KSP Residual norm 2.106838711740e-03 
   40 KSP Residual norm 2.095968914022e-03 
   41 KSP Residual norm 2.087204866777e-03 
   42 KSP Residual norm 2.075535849832e-03 
   43 KSP Residual norm 2.056901852426e-03 
   44 KSP Residual norm 2.026534413197e-03 
   45 KSP Residual norm 1.986848633314e-03 
   46 KSP Residual norm 1.940721994941e-03 
   47 KSP Residual norm 1.883144499411e-03 
   48 KSP Residual norm 1.803002891048e-03 
   49 KSP Residual norm 1.710431551201e-03 
   50 KSP Residual norm 1.590925854814e-03 
   51 KSP Residual norm 1.451082323211e-03 
   52 KSP Residual norm 1.301330299614e-03 
   53 KSP Residual norm 1.182230084682e-03 
   54 KSP Residual norm 1.107680018678e-03 
   55 KSP Residual norm 1.066507531911e-03 
   56 KSP Residual norm 1.042227387049e-03 
   57 KSP Residual norm 1.018322560203e-03 
   58 KSP Residual norm 9.885570705394e-04 
   59 KSP Residual norm 9.548240372248e-04 
   60 KSP Residual norm 9.201938192905e-04 
   61 KSP Residual norm 9.067345082392e-04 
   62 KSP Residual norm 9.048664588410e-04 
   63 KSP Residual norm 9.048625048106e-04 
   64 KSP Residual norm 9.045786478382e-04 
   65 KSP Residual norm 9.025111529622e-04 
   66 KSP Residual norm 8.966677177120e-04 
   67 KSP Residual norm 8.874037824397e-04 
   68 KSP Residual norm 8.789188093431e-04 
   69 KSP Residual norm 8.717007141538e-04 
   70 KSP Residual norm 8.635394193758e-04 
   71 KSP Residual norm 8.549188412545e-04 
   72 KSP Residual norm 8.449007643804e-04 
   73 KSP Residual norm 8.306833639558e-04 
   74 KSP Residual norm 8.180866477840e-04 
   75 KSP Residual norm 8.062571853625e-04 
   76 KSP Residual norm 7.936883824220e-04 
   77 KSP Residual norm 7.780490917916e-04 
   78 KSP Residual norm 7.615878046974e-04 
   79 KSP Residual norm 7.442269316420e-04 
   80 KSP Residual norm 7.232115811674e-04 
   81 KSP Residual norm 6.988082322433e-04 
   82 KSP Residual norm 6.683230529966e-04 
   83 KSP Residual norm 6.362177125996e-04 
   84 KSP Residual norm 5.971822394607e-04 
   85 KSP Residual norm 5.563666831991e-04 
   86 KSP Residual norm 5.122378485297e-04 
   87 KSP Residual norm 4.641141819364e-04 
   88 KSP Residual norm 4.127674620018e-04 
   89 KSP Residual norm 3.767940694947e-04 
   90 KSP Residual norm 3.464891353466e-04 
   91 KSP Residual norm 3.328326373470e-04 
   92 KSP Residual norm 3.152057745485e-04 
   93 KSP Residual norm 3.046565182406e-04 
   94 KSP Residual norm 3.006541516596e-04 
   95 KSP Residual norm 2.987345416227e-04 
   96 KSP Residual norm 2.969106149955e-04 
   97 KSP Residual norm 2.959679010657e-04 
   98 KSP Residual norm 2.951910867030e-04 
   99 KSP Residual norm 2.941123180595e-04 
  100 KSP Residual norm 2.926765604516e-04 
  101 KSP Residual norm 2.900410156063e-04 
  102 KSP Residual norm 2.863626926026e-04 
  103 KSP Residual norm 2.810952824278e-04 
  104 KSP Residual norm 2.755878113870e-04 
  105 KSP Residual norm 2.712557488213e-04 
  106 KSP Residual norm 2.679296794394e-04 
  107 KSP Residual norm 2.642026368306e-04 
  108 KSP Residual norm 2.602137324937e-04 
  109 KSP Residual norm 2.541382700235e-04 
  110 KSP Residual norm 2.454344737953e-04 
  111 KSP Residual norm 2.335628910236e-04 
  112 KSP Residual norm 2.168004908786e-04 
  113 KSP Residual norm 1.993544334729e-04 
  114 KSP Residual norm 1.812661079889e-04 
  115 KSP Residual norm 1.614155068826e-04 
  116 KSP Residual norm 1.450176652464e-04 
  117 KSP Residual norm 1.271814682478e-04 
  118 KSP Residual norm 1.114893752684e-04 
  119 KSP Residual norm 1.016403410117e-04 
  120 KSP Residual norm 9.221659791782e-05 
  121 KSP Residual norm 8.791115165806e-05 
  122 KSP Residual norm 8.529594818476e-05 
  123 KSP Residual norm 8.439823024843e-05 
  124 KSP Residual norm 8.432330233595e-05 
  125 KSP Residual norm 8.432313969707e-05 
  126 KSP Residual norm 8.431433381222e-05 
  127 KSP Residual norm 8.424348778499e-05 
  128 KSP Residual norm 8.382806777188e-05 
  129 KSP Residual norm 8.337135217559e-05 
  130 KSP Residual norm 8.306671396773e-05 
  131 KSP Residual norm 8.299046396162e-05 
  132 KSP Residual norm 8.298022748492e-05 
  133 KSP Residual norm 8.296556620179e-05 
  134 KSP Residual norm 8.293318221142e-05 
  135 KSP Residual norm 8.289997195864e-05 
  136 KSP Residual norm 8.288650847465e-05 
  137 KSP Residual norm 8.287793944352e-05 
  138 KSP Residual norm 8.282009713927e-05 
  139 KSP Residual norm 8.231936644200e-05 
  140 KSP Residual norm 8.092917384453e-05 
  141 KSP Residual norm 7.810875275525e-05 
  142 KSP Residual norm 7.372335915695e-05 
  143 KSP Residual norm 6.920873807514e-05 
  144 KSP Residual norm 6.510777151145e-05 
  145 KSP Residual norm 6.142132751717e-05 
  146 KSP Residual norm 5.816161902580e-05 
  147 KSP Residual norm 5.516213050163e-05 
  148 KSP Residual norm 5.242284932570e-05 
  149 KSP Residual norm 4.986057647973e-05 
  150 KSP Residual norm 4.733288055520e-05 
  151 KSP Residual norm 4.601506226200e-05 
  152 KSP Residual norm 4.523121336461e-05 
  153 KSP Residual norm 4.507733286981e-05 
  154 KSP Residual norm 4.507097170060e-05 
  155 KSP Residual norm 4.506961467331e-05 
  156 KSP Residual norm 4.505696152386e-05 
  157 KSP Residual norm 4.501836545656e-05 
  158 KSP Residual norm 4.495626487152e-05 
  159 KSP Residual norm 4.490012973328e-05 
  160 KSP Residual norm 4.480136241417e-05 
  161 KSP Residual norm 4.458312996633e-05 
  162 KSP Residual norm 4.431767440243e-05 
  163 KSP Residual norm 4.407964983681e-05 
  164 KSP Residual norm 4.383992113877e-05 
  165 KSP Residual norm 4.357188317728e-05 
  166 KSP Residual norm 4.319522376936e-05 
  167 KSP Residual norm 4.261206561642e-05 
  168 KSP Residual norm 4.205899613150e-05 
  169 KSP Residual norm 4.138430977126e-05 
  170 KSP Residual norm 4.047346042321e-05 
  171 KSP Residual norm 3.933307539300e-05 
  172 KSP Residual norm 3.819767627804e-05 
  173 KSP Residual norm 3.702517997649e-05 
  174 KSP Residual norm 3.583191921772e-05 
  175 KSP Residual norm 3.458798761651e-05 
  176 KSP Residual norm 3.316083374304e-05 
  177 KSP Residual norm 3.173967896728e-05 
  178 KSP Residual norm 3.016354626789e-05 
  179 KSP Residual norm 2.866779750129e-05 
  180 KSP Residual norm 2.702938196825e-05 
  181 KSP Residual norm 2.618361138696e-05 
  182 KSP Residual norm 2.522495437194e-05 
  183 KSP Residual norm 2.426023897216e-05 
  184 KSP Residual norm 2.355948721850e-05 
  185 KSP Residual norm 2.319684487168e-05 
  186 KSP Residual norm 2.289784420718e-05 
  187 KSP Residual norm 2.267598687579e-05 
  188 KSP Residual norm 2.240641749159e-05 
  189 KSP Residual norm 2.212551730292e-05 
  190 KSP Residual norm 2.170264854541e-05 
  191 KSP Residual norm 2.112756030015e-05 
  192 KSP Residual norm 2.038822399768e-05 
  193 KSP Residual norm 1.962951220169e-05 
  194 KSP Residual norm 1.884493949246e-05 
  195 KSP Residual norm 1.799734026913e-05 
  196 KSP Residual norm 1.722254569779e-05 
  197 KSP Residual norm 1.660423842790e-05 
  198 KSP Residual norm 1.621056066707e-05 
  199 KSP Residual norm 1.591018158943e-05 
  200 KSP Residual norm 1.557926981636e-05 
  201 KSP Residual norm 1.510189268156e-05 
  202 KSP Residual norm 1.440759642871e-05 
  203 KSP Residual norm 1.349458967344e-05 
  204 KSP Residual norm 1.240308276356e-05 
  205 KSP Residual norm 1.118091740335e-05 
  206 KSP Residual norm 9.955874799086e-06 
  207 KSP Residual norm 8.667314209929e-06 
  208 KSP Residual norm 7.389939064566e-06 
  209 KSP Residual norm 6.261620050203e-06 
  210 KSP Residual norm 5.246555512596e-06 
  211 KSP Residual norm 4.721004890515e-06 
  212 KSP Residual norm 4.239837117137e-06 
  213 KSP Residual norm 3.816477467660e-06 
  214 KSP Residual norm 3.501683693390e-06 
  215 KSP Residual norm 3.305190215311e-06 
  216 KSP Residual norm 3.206138813916e-06 
  217 KSP Residual norm 3.174323738476e-06 
  218 KSP Residual norm 3.169528835181e-06 
  219 KSP Residual norm 3.169521851901e-06 
  220 KSP Residual norm 3.165241221371e-06 
  221 KSP Residual norm 3.145015122407e-06 
  222 KSP Residual norm 3.096044377594e-06 
  223 KSP Residual norm 3.018842023196e-06 
  224 KSP Residual norm 2.964634266948e-06 
  225 KSP Residual norm 2.957729966420e-06 
  226 KSP Residual norm 2.953877433784e-06 
  227 KSP Residual norm 2.925464755726e-06 
  228 KSP Residual norm 2.868821700798e-06 
  229 KSP Residual norm 2.782027517637e-06 
  230 KSP Residual norm 2.646127535171e-06 
  231 KSP Residual norm 2.482650898730e-06 
  232 KSP Residual norm 2.309998463228e-06 
  233 KSP Residual norm 2.154086486862e-06 
  234 KSP Residual norm 2.002548899724e-06 
  235 KSP Residual norm 1.885163787377e-06 
  236 KSP Residual norm 1.820671950064e-06 
  237 KSP Residual norm 1.781332450646e-06 
  238 KSP Residual norm 1.751510777527e-06 
  239 KSP Residual norm 1.723392579697e-06 
  240 KSP Residual norm 1.694083934423e-06 
  241 KSP Residual norm 1.677189950467e-06 
  242 KSP Residual norm 1.673111374170e-06 
  243 KSP Residual norm 1.671932556432e-06 
  244 KSP Residual norm 1.670372344822e-06 
  245 KSP Residual norm 1.668281814292e-06 
  246 KSP Residual norm 1.664401756911e-06 
  247 KSP Residual norm 1.655699903088e-06 
  248 KSP Residual norm 1.644879786477e-06 
  249 KSP Residual norm 1.638313410522e-06 
  250 KSP Residual norm 1.634433920668e-06 
  251 KSP Residual norm 1.632288416993e-06 
  252 KSP Residual norm 1.630803349517e-06 
  253 KSP Residual norm 1.629108012043e-06 
  254 KSP Residual norm 1.625738527054e-06 
  255 KSP Residual norm 1.620864125649e-06 
  256 KSP Residual norm 1.616268872652e-06 
  257 KSP Residual norm 1.611801733019e-06 
  258 KSP Residual norm 1.602497312796e-06 
  259 KSP Residual norm 1.575738098257e-06 
  260 KSP Residual norm 1.519104509206e-06 
  261 KSP Residual norm 1.431857168265e-06 
  262 KSP Residual norm 1.338744222140e-06 
  263 KSP Residual norm 1.262050256289e-06 
  264 KSP Residual norm 1.193091353416e-06 
  265 KSP Residual norm 1.139031579278e-06 
  266 KSP Residual norm 1.088471447343e-06 
  267 KSP Residual norm 1.035130328656e-06 
  268 KSP Residual norm 9.777098693226e-07 
  269 KSP Residual norm 9.155430511699e-07 
  270 KSP Residual norm 8.568922899498e-07 
  1 SNES Function norm 1.178751989579e-06 
    0 KSP Residual norm 1.748815715077e-06 
    1 KSP Residual norm 1.624620439432e-06 
    2 KSP Residual norm 1.456422465456e-06 
    3 KSP Residual norm 1.326030517407e-06 
    4 KSP Residual norm 1.134584001178e-06 
    5 KSP Residual norm 9.824370584513e-07 
    6 KSP Residual norm 8.882499872884e-07 
    7 KSP Residual norm 8.249609129094e-07 
    8 KSP Residual norm 7.838632524973e-07 
    9 KSP Residual norm 7.558367537021e-07 
   10 KSP Residual norm 7.352641428558e-07 
   11 KSP Residual norm 7.177890029555e-07 
   12 KSP Residual norm 7.027407189543e-07 
   13 KSP Residual norm 6.870092629448e-07 
   14 KSP Residual norm 6.712782681621e-07 
   15 KSP Residual norm 6.556064942967e-07 
   16 KSP Residual norm 6.413026840947e-07 
   17 KSP Residual norm 6.250492096672e-07 
   18 KSP Residual norm 6.087611627717e-07 
   19 KSP Residual norm 5.930996642010e-07 
   20 KSP Residual norm 5.781788025988e-07 
   21 KSP Residual norm 5.610549350297e-07 
   22 KSP Residual norm 5.401956051331e-07 
   23 KSP Residual norm 5.168528045040e-07 
   24 KSP Residual norm 4.913547375737e-07 
   25 KSP Residual norm 4.653071947085e-07 
   26 KSP Residual norm 4.457206528689e-07 
   27 KSP Residual norm 4.263897635666e-07 
   28 KSP Residual norm 4.072207269506e-07 
   29 KSP Residual norm 3.820129328966e-07 
   30 KSP Residual norm 3.524926042815e-07 
   31 KSP Residual norm 3.348441611280e-07 
   32 KSP Residual norm 3.208234379338e-07 
   33 KSP Residual norm 3.080653564470e-07 
   34 KSP Residual norm 2.969658669658e-07 
   35 KSP Residual norm 2.873838568379e-07 
   36 KSP Residual norm 2.784716738885e-07 
   37 KSP Residual norm 2.682605067361e-07 
   38 KSP Residual norm 2.582627256679e-07 
   39 KSP Residual norm 2.471851510417e-07 
   40 KSP Residual norm 2.364422916301e-07 
   41 KSP Residual norm 2.262205946838e-07 
   42 KSP Residual norm 2.177174666672e-07 
   43 KSP Residual norm 2.119314674770e-07 
   44 KSP Residual norm 2.086939637881e-07 
   45 KSP Residual norm 2.069589862563e-07 
   46 KSP Residual norm 2.051651477225e-07 
   47 KSP Residual norm 2.028925344165e-07 
   48 KSP Residual norm 1.994371382454e-07 
   49 KSP Residual norm 1.960711100594e-07 
   50 KSP Residual norm 1.934148107554e-07 
   51 KSP Residual norm 1.905853161535e-07 
   52 KSP Residual norm 1.867410074738e-07 
   53 KSP Residual norm 1.820712289251e-07 
   54 KSP Residual norm 1.769911614479e-07 
   55 KSP Residual norm 1.726229479830e-07 
   56 KSP Residual norm 1.684625441131e-07 
   57 KSP Residual norm 1.621405643561e-07 
   58 KSP Residual norm 1.531432011704e-07 
   59 KSP Residual norm 1.424389263013e-07 
   60 KSP Residual norm 1.310183091167e-07 
   61 KSP Residual norm 1.242656191701e-07 
   62 KSP Residual norm 1.179240865292e-07 
   63 KSP Residual norm 1.123101523015e-07 
   64 KSP Residual norm 1.054132735465e-07 
   65 KSP Residual norm 9.849627100507e-08 
   66 KSP Residual norm 9.197247982150e-08 
   67 KSP Residual norm 8.638142330865e-08 
   68 KSP Residual norm 8.305351929914e-08 
   69 KSP Residual norm 8.136422438750e-08 
   70 KSP Residual norm 8.002361525426e-08 
   71 KSP Residual norm 7.866116375141e-08 
   72 KSP Residual norm 7.722692838600e-08 
   73 KSP Residual norm 7.544381167910e-08 
   74 KSP Residual norm 7.354404028519e-08 
   75 KSP Residual norm 7.119435855054e-08 
   76 KSP Residual norm 6.867518610770e-08 
   77 KSP Residual norm 6.602410941141e-08 
   78 KSP Residual norm 6.337351249683e-08 
   79 KSP Residual norm 6.080224005735e-08 
   80 KSP Residual norm 5.890231295459e-08 
   81 KSP Residual norm 5.776734981271e-08 
   82 KSP Residual norm 5.681661068406e-08 
   83 KSP Residual norm 5.569417993588e-08 
   84 KSP Residual norm 5.415755657206e-08 
   85 KSP Residual norm 5.233260593106e-08 
   86 KSP Residual norm 5.021186195660e-08 
   87 KSP Residual norm 4.793874505048e-08 
   88 KSP Residual norm 4.567033201383e-08 
   89 KSP Residual norm 4.349813655723e-08 
   90 KSP Residual norm 4.106532278162e-08 
   91 KSP Residual norm 3.953311741290e-08 
   92 KSP Residual norm 3.782548821346e-08 
   93 KSP Residual norm 3.618014164980e-08 
   94 KSP Residual norm 3.473408306997e-08 
   95 KSP Residual norm 3.295298407495e-08 
   96 KSP Residual norm 3.116362330217e-08 
   97 KSP Residual norm 2.964729935371e-08 
   98 KSP Residual norm 2.843092475908e-08 
   99 KSP Residual norm 2.752698696135e-08 
  100 KSP Residual norm 2.677449947220e-08 
  101 KSP Residual norm 2.623140994182e-08 
  102 KSP Residual norm 2.574444699342e-08 
  103 KSP Residual norm 2.522405813298e-08 
  104 KSP Residual norm 2.457253411367e-08 
  105 KSP Residual norm 2.370264147101e-08 
  106 KSP Residual norm 2.262668433438e-08 
  107 KSP Residual norm 2.152259510647e-08 
  108 KSP Residual norm 2.036137970214e-08 
  109 KSP Residual norm 1.909454229993e-08 
  110 KSP Residual norm 1.787445351712e-08 
  111 KSP Residual norm 1.667394021216e-08 
  112 KSP Residual norm 1.559924605520e-08 
  113 KSP Residual norm 1.481283026568e-08 
  114 KSP Residual norm 1.435158447866e-08 
  115 KSP Residual norm 1.414878287792e-08 
  116 KSP Residual norm 1.407393233876e-08 
  117 KSP Residual norm 1.404447743076e-08 
  118 KSP Residual norm 1.403314390900e-08 
  119 KSP Residual norm 1.402764970415e-08 
  120 KSP Residual norm 1.402395757587e-08 
  121 KSP Residual norm 1.402351594557e-08 
  122 KSP Residual norm 1.402351556429e-08 
  123 KSP Residual norm 1.402327577858e-08 
  124 KSP Residual norm 1.402226113265e-08 
  125 KSP Residual norm 1.402020503089e-08 
  126 KSP Residual norm 1.401585146259e-08 
  127 KSP Residual norm 1.400213618138e-08 
  128 KSP Residual norm 1.396738855467e-08 
  129 KSP Residual norm 1.392184576062e-08 
  130 KSP Residual norm 1.386006496081e-08 
  131 KSP Residual norm 1.378213205210e-08 
  132 KSP Residual norm 1.368010344625e-08 
  133 KSP Residual norm 1.353666108482e-08 
  134 KSP Residual norm 1.329698766311e-08 
  135 KSP Residual norm 1.293880223274e-08 
  136 KSP Residual norm 1.237318528647e-08 
  137 KSP Residual norm 1.179161510492e-08 
  138 KSP Residual norm 1.134206678154e-08 
  139 KSP Residual norm 1.099888694383e-08 
  140 KSP Residual norm 1.066259608882e-08 
  141 KSP Residual norm 1.032068569145e-08 
  142 KSP Residual norm 9.954236242876e-09 
  143 KSP Residual norm 9.560911704050e-09 
  144 KSP Residual norm 9.145544588036e-09 
  145 KSP Residual norm 8.738420456253e-09 
  146 KSP Residual norm 8.409259738275e-09 
  147 KSP Residual norm 8.127321438456e-09 
  148 KSP Residual norm 7.898748415471e-09 
  149 KSP Residual norm 7.703864717320e-09 
  150 KSP Residual norm 7.486870295102e-09 
  151 KSP Residual norm 7.330559760179e-09 
  152 KSP Residual norm 7.128688718411e-09 
  153 KSP Residual norm 6.964285684348e-09 
  154 KSP Residual norm 6.785137015993e-09 
  155 KSP Residual norm 6.640351199516e-09 
  156 KSP Residual norm 6.511156182250e-09 
  157 KSP Residual norm 6.423540973011e-09 
  158 KSP Residual norm 6.345750828229e-09 
  159 KSP Residual norm 6.280901222114e-09 
  160 KSP Residual norm 6.207943002423e-09 
  161 KSP Residual norm 6.142867262251e-09 
  162 KSP Residual norm 6.087417947855e-09 
  163 KSP Residual norm 6.034648205969e-09 
  164 KSP Residual norm 5.977087914774e-09 
  165 KSP Residual norm 5.912053869047e-09 
  166 KSP Residual norm 5.836856650401e-09 
  167 KSP Residual norm 5.765552263825e-09 
  168 KSP Residual norm 5.679756114978e-09 
  169 KSP Residual norm 5.563707519195e-09 
  170 KSP Residual norm 5.405011113509e-09 
  171 KSP Residual norm 5.189985799184e-09 
  172 KSP Residual norm 4.908102439596e-09 
  173 KSP Residual norm 4.706174407565e-09 
  174 KSP Residual norm 4.546685282362e-09 
  175 KSP Residual norm 4.435455175596e-09 
  176 KSP Residual norm 4.332523677776e-09 
  177 KSP Residual norm 4.203498118606e-09 
  178 KSP Residual norm 4.058340621504e-09 
  179 KSP Residual norm 3.912110539618e-09 
  180 KSP Residual norm 3.754156391801e-09 
  181 KSP Residual norm 3.673185870075e-09 
  182 KSP Residual norm 3.613029694690e-09 
  183 KSP Residual norm 3.561927013622e-09 
  184 KSP Residual norm 3.500712414082e-09 
  185 KSP Residual norm 3.426672360792e-09 
  186 KSP Residual norm 3.351413672403e-09 
  187 KSP Residual norm 3.271649309378e-09 
  188 KSP Residual norm 3.188154534224e-09 
  189 KSP Residual norm 3.100224427048e-09 
  190 KSP Residual norm 3.010790490331e-09 
  191 KSP Residual norm 2.899860122415e-09 
  192 KSP Residual norm 2.795307627406e-09 
  193 KSP Residual norm 2.656859103650e-09 
  194 KSP Residual norm 2.478450000385e-09 
  195 KSP Residual norm 2.312417828553e-09 
  196 KSP Residual norm 2.135819187250e-09 
  197 KSP Residual norm 1.987345347808e-09 
  198 KSP Residual norm 1.882308049464e-09 
  199 KSP Residual norm 1.824720527859e-09 
  200 KSP Residual norm 1.793394519914e-09 
  201 KSP Residual norm 1.777602981300e-09 
  202 KSP Residual norm 1.767124490662e-09 
  203 KSP Residual norm 1.759459893247e-09 
  204 KSP Residual norm 1.754016523626e-09 
  205 KSP Residual norm 1.750274621995e-09 
  206 KSP Residual norm 1.747607638347e-09 
  207 KSP Residual norm 1.744480654321e-09 
  208 KSP Residual norm 1.741655156718e-09 
  209 KSP Residual norm 1.739290382949e-09 
  210 KSP Residual norm 1.734739656135e-09 
  211 KSP Residual norm 1.731590917307e-09 
  212 KSP Residual norm 1.728201527048e-09 
  213 KSP Residual norm 1.723790712907e-09 
  214 KSP Residual norm 1.713216025690e-09 
  215 KSP Residual norm 1.699328215897e-09 
  216 KSP Residual norm 1.678451508379e-09 
  217 KSP Residual norm 1.657901860631e-09 
  218 KSP Residual norm 1.635934235622e-09 
  219 KSP Residual norm 1.612202345662e-09 
  220 KSP Residual norm 1.567594297131e-09 
  221 KSP Residual norm 1.512642535745e-09 
  222 KSP Residual norm 1.457761909367e-09 
  223 KSP Residual norm 1.408111679788e-09 
  224 KSP Residual norm 1.356076880620e-09 
  225 KSP Residual norm 1.307962235264e-09 
  226 KSP Residual norm 1.266646267389e-09 
  227 KSP Residual norm 1.231345629878e-09 
  228 KSP Residual norm 1.187725842613e-09 
  229 KSP Residual norm 1.141044849990e-09 
  230 KSP Residual norm 1.099737410112e-09 
  231 KSP Residual norm 1.066786535240e-09 
  232 KSP Residual norm 1.030129966054e-09 
  233 KSP Residual norm 9.927435315024e-10 
  234 KSP Residual norm 9.473773524574e-10 
  235 KSP Residual norm 9.089691262591e-10 
  236 KSP Residual norm 8.759516890630e-10 
  237 KSP Residual norm 8.535012892814e-10 
  238 KSP Residual norm 8.308754263917e-10 
  239 KSP Residual norm 8.082502026766e-10 
  240 KSP Residual norm 7.754022974714e-10 
  241 KSP Residual norm 7.572112991966e-10 
  242 KSP Residual norm 7.442390865149e-10 
  243 KSP Residual norm 7.283800222621e-10 
  244 KSP Residual norm 7.073232671234e-10 
  245 KSP Residual norm 6.852558712953e-10 
  246 KSP Residual norm 6.637194484695e-10 
  247 KSP Residual norm 6.457536020838e-10 
  248 KSP Residual norm 6.348852674695e-10 
  249 KSP Residual norm 6.257254774286e-10 
  250 KSP Residual norm 6.158564655167e-10 
  251 KSP Residual norm 6.053446765634e-10 
  252 KSP Residual norm 5.965943242771e-10 
  253 KSP Residual norm 5.889879898109e-10 
  254 KSP Residual norm 5.798722838737e-10 
  255 KSP Residual norm 5.693836862996e-10 
  256 KSP Residual norm 5.572443781008e-10 
  257 KSP Residual norm 5.444693335388e-10 
  258 KSP Residual norm 5.294253467382e-10 
  259 KSP Residual norm 5.111578410599e-10 
  260 KSP Residual norm 4.907811620148e-10 
  261 KSP Residual norm 4.698943264172e-10 
  262 KSP Residual norm 4.516736384835e-10 
  263 KSP Residual norm 4.344099070291e-10 
  264 KSP Residual norm 4.205651379134e-10 
  265 KSP Residual norm 4.094399478436e-10 
  266 KSP Residual norm 4.007111047982e-10 
  267 KSP Residual norm 3.933386490722e-10 
  268 KSP Residual norm 3.859018879113e-10 
  269 KSP Residual norm 3.778293478258e-10 
  270 KSP Residual norm 3.685811548160e-10 
  271 KSP Residual norm 3.629151763847e-10 
  272 KSP Residual norm 3.564839857245e-10 
  273 KSP Residual norm 3.500494837343e-10 
  274 KSP Residual norm 3.431897580586e-10 
  275 KSP Residual norm 3.353564915889e-10 
  276 KSP Residual norm 3.263783522958e-10 
  277 KSP Residual norm 3.192762503760e-10 
  278 KSP Residual norm 3.122084877524e-10 
  279 KSP Residual norm 3.052759627239e-10 
  280 KSP Residual norm 2.980518279803e-10 
  281 KSP Residual norm 2.912438789043e-10 
  282 KSP Residual norm 2.849441080635e-10 
  283 KSP Residual norm 2.782808398333e-10 
  284 KSP Residual norm 2.710684060739e-10 
  285 KSP Residual norm 2.633874185444e-10 
  286 KSP Residual norm 2.553129194120e-10 
  287 KSP Residual norm 2.463101329255e-10 
  288 KSP Residual norm 2.377718753050e-10 
  289 KSP Residual norm 2.297278782962e-10 
  290 KSP Residual norm 2.216396450317e-10 
  291 KSP Residual norm 2.140852142627e-10 
  292 KSP Residual norm 2.058870536742e-10 
  293 KSP Residual norm 1.971167521679e-10 
  294 KSP Residual norm 1.884340628537e-10 
  295 KSP Residual norm 1.791613770296e-10 
  296 KSP Residual norm 1.688633349132e-10 
  297 KSP Residual norm 1.602704561330e-10 
  298 KSP Residual norm 1.541392113128e-10 
  299 KSP Residual norm 1.504896524895e-10 
  300 KSP Residual norm 1.483487627665e-10 
  301 KSP Residual norm 1.471763669796e-10 
  302 KSP Residual norm 1.458511045265e-10 
  303 KSP Residual norm 1.446834440681e-10 
  304 KSP Residual norm 1.422626143627e-10 
  305 KSP Residual norm 1.383237737167e-10 
  306 KSP Residual norm 1.340609077398e-10 
  307 KSP Residual norm 1.295566060370e-10 
  308 KSP Residual norm 1.254740003113e-10 
  309 KSP Residual norm 1.211504870333e-10 
  310 KSP Residual norm 1.174647464843e-10 
  311 KSP Residual norm 1.136882126644e-10 
  312 KSP Residual norm 1.097588691558e-10 
  313 KSP Residual norm 1.041565755251e-10 
  314 KSP Residual norm 9.702232448679e-11 
  315 KSP Residual norm 8.989487487783e-11 
  316 KSP Residual norm 8.190666803367e-11 
  317 KSP Residual norm 7.558821856552e-11 
  318 KSP Residual norm 6.957181301955e-11 
  319 KSP Residual norm 6.447733951682e-11 
  320 KSP Residual norm 6.116286639223e-11 
  321 KSP Residual norm 5.888975914843e-11 
  322 KSP Residual norm 5.764015330302e-11 
  323 KSP Residual norm 5.691868182953e-11 
  324 KSP Residual norm 5.660796243842e-11 
  325 KSP Residual norm 5.653662660669e-11 
  326 KSP Residual norm 5.653621934310e-11 
  327 KSP Residual norm 5.653230800694e-11 
  328 KSP Residual norm 5.653225202211e-11 
  329 KSP Residual norm 5.651621282671e-11 
  330 KSP Residual norm 5.646139775900e-11 
  331 KSP Residual norm 5.644623303628e-11 
  332 KSP Residual norm 5.644527035335e-11 
  333 KSP Residual norm 5.644493130824e-11 
  334 KSP Residual norm 5.644489291162e-11 
  335 KSP Residual norm 5.644466168950e-11 
  336 KSP Residual norm 5.644164456551e-11 
  337 KSP Residual norm 5.640049429673e-11 
  338 KSP Residual norm 5.626701100855e-11 
  339 KSP Residual norm 5.617628568176e-11 
  340 KSP Residual norm 5.610414354098e-11 
  341 KSP Residual norm 5.596333851059e-11 
  342 KSP Residual norm 5.565286541432e-11 
  343 KSP Residual norm 5.515763991401e-11 
  344 KSP Residual norm 5.442401981945e-11 
  345 KSP Residual norm 5.353930669119e-11 
  346 KSP Residual norm 5.271975538256e-11 
  347 KSP Residual norm 5.159715104830e-11 
  348 KSP Residual norm 5.050226665693e-11 
  349 KSP Residual norm 4.886600345226e-11 
  350 KSP Residual norm 4.701723059221e-11 
  351 KSP Residual norm 4.529665357838e-11 
  352 KSP Residual norm 4.321334397810e-11 
  353 KSP Residual norm 4.146970191995e-11 
  354 KSP Residual norm 3.989254451334e-11 
  355 KSP Residual norm 3.833283596463e-11 
  356 KSP Residual norm 3.696920098722e-11 
  357 KSP Residual norm 3.572872386343e-11 
  358 KSP Residual norm 3.466903719194e-11 
  359 KSP Residual norm 3.362401832431e-11 
  360 KSP Residual norm 3.248073550616e-11 
  361 KSP Residual norm 3.183958861807e-11 
  362 KSP Residual norm 3.105403436436e-11 
  363 KSP Residual norm 3.019345053251e-11 
  364 KSP Residual norm 2.915898770368e-11 
  365 KSP Residual norm 2.819668523311e-11 
  366 KSP Residual norm 2.737268496375e-11 
  367 KSP Residual norm 2.674104926751e-11 
  368 KSP Residual norm 2.627610973503e-11 
  369 KSP Residual norm 2.574333353608e-11 
  370 KSP Residual norm 2.523337874295e-11 
  371 KSP Residual norm 2.465908391269e-11 
  372 KSP Residual norm 2.407614993325e-11 
  373 KSP Residual norm 2.348588129431e-11 
  374 KSP Residual norm 2.305938523737e-11 
  375 KSP Residual norm 2.268697414430e-11 
  376 KSP Residual norm 2.227497665060e-11 
  377 KSP Residual norm 2.188318364815e-11 
  378 KSP Residual norm 2.152289382225e-11 
  379 KSP Residual norm 2.108872871665e-11 
  380 KSP Residual norm 2.062952417326e-11 
  381 KSP Residual norm 2.007202573713e-11 
  382 KSP Residual norm 1.941421094079e-11 
  383 KSP Residual norm 1.872833115897e-11 
  384 KSP Residual norm 1.794962359871e-11 
  385 KSP Residual norm 1.714078511398e-11 
  2 SNES Function norm 1.215515204966e-11 
SNES Object: 4 MPI processes
  type: newtonls
  maximum iterations=50, maximum function evaluations=10000
  tolerances: relative=1e-08, absolute=1e-50, solution=1e-08
  total number of linear solver iterations=655
  total number of function evaluations=3
  norm schedule ALWAYS
  Jacobian is built using colored finite differences on a DMDA
  SNESLineSearch Object: 4 MPI processes
    type: bt
      interpolation: cubic
      alpha=1.000000e-04
    maxstep=1.000000e+08, minlambda=1.000000e-12
    tolerances: relative=1.000000e-08, absolute=1.000000e-15, lambda=1.000000e-08
    maximum iterations=40
  KSP Object: 4 MPI processes
    type: gmres
      restart=30, using Classical (unmodified) Gram-Schmidt Orthogonalization with no iterative refinement
      happy breakdown tolerance 1e-30
    maximum iterations=10000, initial guess is zero
    tolerances:  relative=1e-05, absolute=1e-50, divergence=10000.
    left preconditioning
    using PRECONDITIONED norm type for convergence test
  PC Object: 4 MPI processes
    type: bjacobi
      number of blocks = 4
      Local solver information for first block is in the following KSP and PC objects on rank 0:
      Use -ksp_view ::ascii_info_detail to display information for all blocks
    KSP Object: (sub_) 1 MPI process
      type: preonly
      maximum iterations=10000, initial guess is zero
      tolerances:  relative=1e-05, absolute=1e-50, divergence=10000.
      left preconditioning
      using NONE norm type for convergence test
    PC Object: (sub_) 1 MPI process
      type: ilu
        out-of-place factorization
        0 levels of fill
        tolerance for zero pivot 2.22045e-14
        matrix ordering: natural
        factor fill ratio given 1., needed 1.
          Factored matrix follows:
            Mat Object: (sub_) 1 MPI process
              type: seqaij
              rows=9604, cols=9604, bs=4
              package used to perform factorization: petsc
              total: nonzeros=188944, allocated nonzeros=188944
                using I-node routines: found 2401 nodes, limit used is 5
      linear system matrix = precond matrix:
      Mat Object: (sub_) 1 MPI process
        type: seqaij
        rows=9604, cols=9604, bs=4
        total: nonzeros=188944, allocated nonzeros=188944
        total number of mallocs used during MatSetValues calls=0
          using I-node routines: found 2401 nodes, limit used is 5
    linear system matrix = precond matrix:
    Mat Object: 4 MPI processes
      type: mpiaij
      rows=37636, cols=37636, bs=4
      total: nonzeros=746512, allocated nonzeros=746512
      total number of mallocs used during MatSetValues calls=0
Number of SNES iterations = 2
