lid velocity = 0.0016, prandtl # = 1., grashof # = 1.
      Residual norms for fieldsplit_x_velocity_ solve.
      0 KSP Residual norm 7.673330437300e-03 
      1 KSP Residual norm 9.534883443852e-18 
      Residual norms for fieldsplit_y_velocity_ solve.
      0 KSP Residual norm 0.000000000000e+00 
      1 KSP Residual norm 0.000000000000e+00 
      Residual norms for fieldsplit_Omega_ solve.
      0 KSP Residual norm 5.541508584125e-02 
      1 KSP Residual norm 3.431454278279e-02 
      Residual norms for fieldsplit_temperature_ solve.
      0 KSP Residual norm 2.250598646441e-05 
      1 KSP Residual norm 8.011342427635e-19 
    0 KSP Residual norm 7.278449021246e-02 
      Residual norms for fieldsplit_x_velocity_ solve.
      0 KSP Residual norm 1.063041532359e-01 
      1 KSP Residual norm 1.458934228466e-16 
      Residual norms for fieldsplit_y_velocity_ solve.
      0 KSP Residual norm 5.300031061572e-03 
      1 KSP Residual norm 1.041299918395e-17 
      Residual norms for fieldsplit_Omega_ solve.
      0 KSP Residual norm 4.466004064235e-01 
      1 KSP Residual norm 1.355376053260e-01 
      Residual norms for fieldsplit_temperature_ solve.
      0 KSP Residual norm 3.670342625119e-04 
      1 KSP Residual norm 1.261503553911e-17 
    1 KSP Residual norm 5.780150568599e-02 
      Residual norms for fieldsplit_x_velocity_ solve.
      0 KSP Residual norm 1.829144248915e-01 
      1 KSP Residual norm 2.136522294290e-16 
      Residual norms for fieldsplit_y_velocity_ solve.
      0 KSP Residual norm 9.960709019598e-03 
      1 KSP Residual norm 9.186598832933e-18 
      Residual norms for fieldsplit_Omega_ solve.
      0 KSP Residual norm 5.913673300829e-01 
      1 KSP Residual norm 1.060097167255e-01 
      Residual norms for fieldsplit_temperature_ solve.
      0 KSP Residual norm 5.928457171081e-04 
      1 KSP Residual norm 2.192914604536e-17 
    2 KSP Residual norm 5.365776231862e-02 
      Residual norms for fieldsplit_x_velocity_ solve.
      0 KSP Residual norm 2.450749243158e-01 
      1 KSP Residual norm 2.986197063156e-16 
      Residual norms for fieldsplit_y_velocity_ solve.
      0 KSP Residual norm 2.063221741324e-02 
      1 KSP Residual norm 2.065165048593e-17 
      Residual norms for fieldsplit_Omega_ solve.
      0 KSP Residual norm 8.322469970096e-01 
      1 KSP Residual norm 1.277258236451e-01 
      Residual norms for fieldsplit_temperature_ solve.
      0 KSP Residual norm 7.312204028259e-04 
      1 KSP Residual norm 2.782075764179e-17 
    3 KSP Residual norm 3.928726748740e-02 
      Residual norms for fieldsplit_x_velocity_ solve.
      0 KSP Residual norm 1.996596074775e-01 
      1 KSP Residual norm 2.030646459120e-16 
      Residual norms for fieldsplit_y_velocity_ solve.
      0 KSP Residual norm 4.600316966855e-02 
      1 KSP Residual norm 2.454571739624e-17 
      Residual norms for fieldsplit_Omega_ solve.
      0 KSP Residual norm 1.119669098193e+00 
      1 KSP Residual norm 1.619860821662e-01 
      Residual norms for fieldsplit_temperature_ solve.
      0 KSP Residual norm 4.873766042035e-04 
      1 KSP Residual norm 1.614021430750e-17 
    4 KSP Residual norm 2.159610569774e-02 
      Residual norms for fieldsplit_x_velocity_ solve.
      0 KSP Residual norm 1.446788381145e-01 
      1 KSP Residual norm 8.344438611329e-17 
      Residual norms for fieldsplit_y_velocity_ solve.
      0 KSP Residual norm 7.584962618300e-02 
      1 KSP Residual norm 5.122358220350e-17 
      Residual norms for fieldsplit_Omega_ solve.
      0 KSP Residual norm 1.345943805596e+00 
      1 KSP Residual norm 2.127385676997e-01 
      Residual norms for fieldsplit_temperature_ solve.
      0 KSP Residual norm 2.166408645470e-04 
      1 KSP Residual norm 6.889506729478e-18 
    5 KSP Residual norm 1.103140107297e-02 
      Residual norms for fieldsplit_x_velocity_ solve.
      0 KSP Residual norm 1.193626299163e-01 
      1 KSP Residual norm 6.848202372002e-17 
      Residual norms for fieldsplit_y_velocity_ solve.
      0 KSP Residual norm 9.702918552295e-02 
      1 KSP Residual norm 2.955482869663e-17 
      Residual norms for fieldsplit_Omega_ solve.
      0 KSP Residual norm 1.560402798764e+00 
      1 KSP Residual norm 2.492189887193e-01 
      Residual norms for fieldsplit_temperature_ solve.
      0 KSP Residual norm 1.677422086567e-04 
      1 KSP Residual norm 3.979759152062e-18 
    6 KSP Residual norm 5.590376307584e-03 
      Residual norms for fieldsplit_x_velocity_ solve.
      0 KSP Residual norm 1.537770320287e-01 
      1 KSP Residual norm 1.544664739447e-16 
      Residual norms for fieldsplit_y_velocity_ solve.
      0 KSP Residual norm 1.079080895263e-01 
      1 KSP Residual norm 4.955695132505e-17 
      Residual norms for fieldsplit_Omega_ solve.
      0 KSP Residual norm 1.811249686189e+00 
      1 KSP Residual norm 2.798838573080e-01 
      Residual norms for fieldsplit_temperature_ solve.
      0 KSP Residual norm 3.560936872125e-04 
      1 KSP Residual norm 1.322575844875e-17 
    7 KSP Residual norm 2.648431357766e-03 
      Residual norms for fieldsplit_x_velocity_ solve.
      0 KSP Residual norm 1.742914232943e-01 
      1 KSP Residual norm 1.579985684786e-16 
      Residual norms for fieldsplit_y_velocity_ solve.
      0 KSP Residual norm 1.068499747118e-01 
      1 KSP Residual norm 7.193330688293e-17 
      Residual norms for fieldsplit_Omega_ solve.
      0 KSP Residual norm 1.522522097065e+00 
      1 KSP Residual norm 2.641931837745e-01 
      Residual norms for fieldsplit_temperature_ solve.
      0 KSP Residual norm 3.884144761687e-04 
      1 KSP Residual norm 1.295503479990e-17 
    8 KSP Residual norm 1.163474558602e-03 
      Residual norms for fieldsplit_x_velocity_ solve.
      0 KSP Residual norm 1.715830532834e-01 
      1 KSP Residual norm 1.002109576665e-16 
      Residual norms for fieldsplit_y_velocity_ solve.
      0 KSP Residual norm 1.363483091547e-01 
      1 KSP Residual norm 5.923632459291e-17 
      Residual norms for fieldsplit_Omega_ solve.
      0 KSP Residual norm 1.469619033891e+00 
      1 KSP Residual norm 2.400123135398e-01 
      Residual norms for fieldsplit_temperature_ solve.
      0 KSP Residual norm 2.881724364660e-04 
      1 KSP Residual norm 9.524486288743e-18 
    9 KSP Residual norm 6.055164766860e-04 
      Residual norms for fieldsplit_x_velocity_ solve.
      0 KSP Residual norm 1.553355683749e-01 
      1 KSP Residual norm 1.017515038364e-16 
      Residual norms for fieldsplit_y_velocity_ solve.
      0 KSP Residual norm 1.565316395560e-01 
      1 KSP Residual norm 8.189942306594e-17 
      Residual norms for fieldsplit_Omega_ solve.
      0 KSP Residual norm 1.494783153328e+00 
      1 KSP Residual norm 2.340160796495e-01 
      Residual norms for fieldsplit_temperature_ solve.
      0 KSP Residual norm 1.414556653126e-04 
      1 KSP Residual norm 2.414912493283e-19 
   10 KSP Residual norm 3.481737686531e-04 
      Residual norms for fieldsplit_x_velocity_ solve.
      0 KSP Residual norm 1.785012554592e-01 
      1 KSP Residual norm 1.076299906735e-16 
      Residual norms for fieldsplit_y_velocity_ solve.
      0 KSP Residual norm 1.810042491915e-01 
      1 KSP Residual norm 9.864230817145e-17 
      Residual norms for fieldsplit_Omega_ solve.
      0 KSP Residual norm 1.859214308441e+00 
      1 KSP Residual norm 2.747362922478e-01 
      Residual norms for fieldsplit_temperature_ solve.
      0 KSP Residual norm 2.113526444422e-04 
      1 KSP Residual norm 5.751908863455e-18 
   11 KSP Residual norm 1.859559257946e-04 
      Residual norms for fieldsplit_x_velocity_ solve.
      0 KSP Residual norm 1.708473736114e-01 
      1 KSP Residual norm 1.521735867952e-16 
      Residual norms for fieldsplit_y_velocity_ solve.
      0 KSP Residual norm 1.498137960980e-01 
      1 KSP Residual norm 9.147930858526e-17 
      Residual norms for fieldsplit_Omega_ solve.
      0 KSP Residual norm 1.621311800163e+00 
      1 KSP Residual norm 2.687361317148e-01 
      Residual norms for fieldsplit_temperature_ solve.
      0 KSP Residual norm 2.988061680028e-04 
      1 KSP Residual norm 9.100096359727e-18 
   12 KSP Residual norm 1.017711308542e-04 
      Residual norms for fieldsplit_x_velocity_ solve.
      0 KSP Residual norm 1.537256667069e-01 
      1 KSP Residual norm 1.013688459509e-16 
      Residual norms for fieldsplit_y_velocity_ solve.
      0 KSP Residual norm 1.567039332502e-01 
      1 KSP Residual norm 6.750782633048e-17 
      Residual norms for fieldsplit_Omega_ solve.
      0 KSP Residual norm 1.492162029452e+00 
      1 KSP Residual norm 2.491220210836e-01 
      Residual norms for fieldsplit_temperature_ solve.
      0 KSP Residual norm 2.407834751493e-04 
      1 KSP Residual norm 8.106366347952e-18 
   13 KSP Residual norm 5.078600110596e-05 
      Residual norms for fieldsplit_x_velocity_ solve.
      0 KSP Residual norm 1.732733579325e-01 
      1 KSP Residual norm 8.398697901781e-17 
      Residual norms for fieldsplit_y_velocity_ solve.
      0 KSP Residual norm 1.919951472291e-01 
      1 KSP Residual norm 8.680404884329e-17 
      Residual norms for fieldsplit_Omega_ solve.
      0 KSP Residual norm 1.534814111626e+00 
      1 KSP Residual norm 2.652218784852e-01 
      Residual norms for fieldsplit_temperature_ solve.
      0 KSP Residual norm 1.708946073891e-04 
      1 KSP Residual norm 3.196701758450e-18 
   14 KSP Residual norm 2.700522941823e-05 
      Residual norms for fieldsplit_x_velocity_ solve.
      0 KSP Residual norm 1.869200815607e-01 
      1 KSP Residual norm 9.231307951146e-17 
      Residual norms for fieldsplit_y_velocity_ solve.
      0 KSP Residual norm 2.139320742564e-01 
      1 KSP Residual norm 8.973962846815e-17 
      Residual norms for fieldsplit_Omega_ solve.
      0 KSP Residual norm 1.724077933665e+00 
      1 KSP Residual norm 2.795510458262e-01 
      Residual norms for fieldsplit_temperature_ solve.
      0 KSP Residual norm 1.742238503542e-04 
      1 KSP Residual norm 2.491573588423e-18 
   15 KSP Residual norm 1.376643636858e-05 
      Residual norms for fieldsplit_x_velocity_ solve.
      0 KSP Residual norm 1.788485286991e-01 
      1 KSP Residual norm 1.016767348839e-16 
      Residual norms for fieldsplit_y_velocity_ solve.
      0 KSP Residual norm 1.965065735227e-01 
      1 KSP Residual norm 7.606700799013e-17 
      Residual norms for fieldsplit_Omega_ solve.
      0 KSP Residual norm 1.753771532767e+00 
      1 KSP Residual norm 3.077888412765e-01 
      Residual norms for fieldsplit_temperature_ solve.
      0 KSP Residual norm 2.326089170055e-04 
      1 KSP Residual norm 6.961765472694e-18 
   16 KSP Residual norm 6.205546538502e-06 
      Residual norms for fieldsplit_x_velocity_ solve.
      0 KSP Residual norm 1.574943735807e-01 
      1 KSP Residual norm 8.889453300513e-17 
      Residual norms for fieldsplit_y_velocity_ solve.
      0 KSP Residual norm 1.828661125269e-01 
      1 KSP Residual norm 8.605315614089e-17 
      Residual norms for fieldsplit_Omega_ solve.
      0 KSP Residual norm 1.561301898862e+00 
      1 KSP Residual norm 2.834070529381e-01 
      Residual norms for fieldsplit_temperature_ solve.
      0 KSP Residual norm 1.970740095979e-04 
      1 KSP Residual norm 5.858837108380e-18 
   17 KSP Residual norm 2.827051990366e-06 
      Residual norms for fieldsplit_x_velocity_ solve.
      0 KSP Residual norm 1.801493967538e-01 
      1 KSP Residual norm 9.516986388500e-17 
      Residual norms for fieldsplit_y_velocity_ solve.
      0 KSP Residual norm 2.321069355527e-01 
      1 KSP Residual norm 9.709026671099e-17 
      Residual norms for fieldsplit_Omega_ solve.
      0 KSP Residual norm 1.666624607651e+00 
      1 KSP Residual norm 2.879324416139e-01 
      Residual norms for fieldsplit_temperature_ solve.
      0 KSP Residual norm 1.652037375634e-04 
      1 KSP Residual norm 2.354744988215e-18 
   18 KSP Residual norm 1.224071529058e-06 
      Residual norms for fieldsplit_x_velocity_ solve.
      0 KSP Residual norm 1.848709153111e-01 
      1 KSP Residual norm 1.055546945074e-16 
      Residual norms for fieldsplit_y_velocity_ solve.
      0 KSP Residual norm 2.395836566515e-01 
      1 KSP Residual norm 1.092451955920e-16 
      Residual norms for fieldsplit_Omega_ solve.
      0 KSP Residual norm 1.728256724915e+00 
      1 KSP Residual norm 2.766308426949e-01 
      Residual norms for fieldsplit_temperature_ solve.
      0 KSP Residual norm 1.616706303541e-04 
      1 KSP Residual norm 1.325980083113e-18 
   19 KSP Residual norm 5.643498803443e-07 
      Residual norms for fieldsplit_x_velocity_ solve.
      0 KSP Residual norm 5.705918501835e-08 
      1 KSP Residual norm 4.661313993755e-23 
      Residual norms for fieldsplit_y_velocity_ solve.
      0 KSP Residual norm 7.316945975917e-08 
      1 KSP Residual norm 3.950149012316e-23 
      Residual norms for fieldsplit_Omega_ solve.
      0 KSP Residual norm 3.457334957031e-06 
      1 KSP Residual norm 2.039275814446e-06 
      Residual norms for fieldsplit_temperature_ solve.
      0 KSP Residual norm 3.002945386606e-08 
      1 KSP Residual norm 2.801199717250e-22 
    0 KSP Residual norm 4.184582352539e-06 
      Residual norms for fieldsplit_x_velocity_ solve.
      0 KSP Residual norm 2.034200220786e-02 
      1 KSP Residual norm 4.022549703057e-17 
      Residual norms for fieldsplit_y_velocity_ solve.
      0 KSP Residual norm 2.273642502356e-02 
      1 KSP Residual norm 3.334391578403e-17 
      Residual norms for fieldsplit_Omega_ solve.
      0 KSP Residual norm 4.283416159781e-01 
      1 KSP Residual norm 2.036997527245e-01 
      Residual norms for fieldsplit_temperature_ solve.
      0 KSP Residual norm 7.130002502105e-03 
      1 KSP Residual norm 6.979556785023e-17 
    1 KSP Residual norm 2.116786452272e-06 
      Residual norms for fieldsplit_x_velocity_ solve.
      0 KSP Residual norm 7.168228378114e-02 
      1 KSP Residual norm 1.538352127308e-16 
      Residual norms for fieldsplit_y_velocity_ solve.
      0 KSP Residual norm 7.571296146726e-02 
      1 KSP Residual norm 1.477680804480e-16 
      Residual norms for fieldsplit_Omega_ solve.
      0 KSP Residual norm 7.024728724367e-01 
      1 KSP Residual norm 1.365897939385e-01 
      Residual norms for fieldsplit_temperature_ solve.
      0 KSP Residual norm 1.725282709133e-02 
      1 KSP Residual norm 1.553178918250e-16 
    2 KSP Residual norm 1.523536461808e-06 
      Residual norms for fieldsplit_x_velocity_ solve.
      0 KSP Residual norm 1.088415918148e-01 
      1 KSP Residual norm 2.258786719359e-16 
      Residual norms for fieldsplit_y_velocity_ solve.
      0 KSP Residual norm 1.150197785935e-01 
      1 KSP Residual norm 2.139925069471e-16 
      Residual norms for fieldsplit_Omega_ solve.
      0 KSP Residual norm 1.035400165400e+00 
      1 KSP Residual norm 1.600467955235e-01 
      Residual norms for fieldsplit_temperature_ solve.
      0 KSP Residual norm 2.406680320912e-02 
      1 KSP Residual norm 2.166798202707e-16 
    3 KSP Residual norm 1.276094471100e-06 
      Residual norms for fieldsplit_x_velocity_ solve.
      0 KSP Residual norm 1.073446940841e-01 
      1 KSP Residual norm 1.470146119451e-16 
      Residual norms for fieldsplit_y_velocity_ solve.
      0 KSP Residual norm 1.117670790478e-01 
      1 KSP Residual norm 1.622087113773e-16 
      Residual norms for fieldsplit_Omega_ solve.
      0 KSP Residual norm 1.276393847582e+00 
      1 KSP Residual norm 2.226011843840e-01 
      Residual norms for fieldsplit_temperature_ solve.
      0 KSP Residual norm 1.738930636093e-02 
      1 KSP Residual norm 1.499722363220e-16 
    4 KSP Residual norm 8.648419040825e-07 
      Residual norms for fieldsplit_x_velocity_ solve.
      0 KSP Residual norm 1.147928403141e-01 
      1 KSP Residual norm 5.096580100228e-17 
      Residual norms for fieldsplit_y_velocity_ solve.
      0 KSP Residual norm 1.129962997982e-01 
      1 KSP Residual norm 6.007132551863e-17 
      Residual norms for fieldsplit_Omega_ solve.
      0 KSP Residual norm 1.692489481929e+00 
      1 KSP Residual norm 3.075653549243e-01 
      Residual norms for fieldsplit_temperature_ solve.
      0 KSP Residual norm 8.781355928923e-04 
      1 KSP Residual norm 7.745818888913e-18 
    5 KSP Residual norm 5.032315108515e-07 
      Residual norms for fieldsplit_x_velocity_ solve.
      0 KSP Residual norm 1.389684422621e-01 
      1 KSP Residual norm 1.241302442935e-16 
      Residual norms for fieldsplit_y_velocity_ solve.
      0 KSP Residual norm 1.396738031531e-01 
      1 KSP Residual norm 1.405966731805e-16 
      Residual norms for fieldsplit_Omega_ solve.
      0 KSP Residual norm 1.982751368923e+00 
      1 KSP Residual norm 3.682448923086e-01 
      Residual norms for fieldsplit_temperature_ solve.
      0 KSP Residual norm 1.518402108866e-02 
      1 KSP Residual norm 1.312083113632e-16 
    6 KSP Residual norm 2.155739338907e-07 
      Residual norms for fieldsplit_x_velocity_ solve.
      0 KSP Residual norm 1.168160344182e-01 
      1 KSP Residual norm 1.257751371371e-16 
      Residual norms for fieldsplit_y_velocity_ solve.
      0 KSP Residual norm 1.226388104508e-01 
      1 KSP Residual norm 1.310272259189e-16 
      Residual norms for fieldsplit_Omega_ solve.
      0 KSP Residual norm 1.303798173427e+00 
      1 KSP Residual norm 2.666754459455e-01 
      Residual norms for fieldsplit_temperature_ solve.
      0 KSP Residual norm 1.246445180260e-02 
      1 KSP Residual norm 1.176299061591e-16 
    7 KSP Residual norm 1.086333587179e-07 
      Residual norms for fieldsplit_x_velocity_ solve.
      0 KSP Residual norm 1.414219075266e-01 
      1 KSP Residual norm 1.076213784573e-16 
      Residual norms for fieldsplit_y_velocity_ solve.
      0 KSP Residual norm 1.407830642752e-01 
      1 KSP Residual norm 9.465561931326e-17 
      Residual norms for fieldsplit_Omega_ solve.
      0 KSP Residual norm 1.312836096430e+00 
      1 KSP Residual norm 2.388124698948e-01 
      Residual norms for fieldsplit_temperature_ solve.
      0 KSP Residual norm 6.361449174062e-03 
      1 KSP Residual norm 5.739048844153e-17 
    8 KSP Residual norm 5.076993964969e-08 
      Residual norms for fieldsplit_x_velocity_ solve.
      0 KSP Residual norm 1.670513868655e-01 
      1 KSP Residual norm 9.745784356589e-17 
      Residual norms for fieldsplit_y_velocity_ solve.
      0 KSP Residual norm 1.604473767686e-01 
      1 KSP Residual norm 6.730440557607e-17 
      Residual norms for fieldsplit_Omega_ solve.
      0 KSP Residual norm 1.735830323032e+00 
      1 KSP Residual norm 2.954447768017e-01 
      Residual norms for fieldsplit_temperature_ solve.
      0 KSP Residual norm 3.380279075857e-03 
      1 KSP Residual norm 3.275485068464e-17 
    9 KSP Residual norm 2.408555865763e-08 
      Residual norms for fieldsplit_x_velocity_ solve.
      0 KSP Residual norm 1.426426062666e-01 
      1 KSP Residual norm 9.497222026026e-17 
      Residual norms for fieldsplit_y_velocity_ solve.
      0 KSP Residual norm 1.457052999054e-01 
      1 KSP Residual norm 9.723439847590e-17 
      Residual norms for fieldsplit_Omega_ solve.
      0 KSP Residual norm 1.781920948308e+00 
      1 KSP Residual norm 3.094907821560e-01 
      Residual norms for fieldsplit_temperature_ solve.
      0 KSP Residual norm 9.462765457961e-03 
      1 KSP Residual norm 8.869702511031e-17 
   10 KSP Residual norm 1.157308173806e-08 
      Residual norms for fieldsplit_x_velocity_ solve.
      0 KSP Residual norm 1.097747304119e-01 
      1 KSP Residual norm 8.008027403082e-17 
      Residual norms for fieldsplit_y_velocity_ solve.
      0 KSP Residual norm 1.120905504136e-01 
      1 KSP Residual norm 9.158257511083e-17 
      Residual norms for fieldsplit_Omega_ solve.
      0 KSP Residual norm 1.534436469907e+00 
      1 KSP Residual norm 2.709431214985e-01 
      Residual norms for fieldsplit_temperature_ solve.
      0 KSP Residual norm 7.125801085992e-03 
      1 KSP Residual norm 6.876269564331e-17 
   11 KSP Residual norm 6.115565760672e-09 
      Residual norms for fieldsplit_x_velocity_ solve.
      0 KSP Residual norm 1.684821721805e-01 
      1 KSP Residual norm 8.394243758104e-17 
      Residual norms for fieldsplit_y_velocity_ solve.
      0 KSP Residual norm 1.575323873150e-01 
      1 KSP Residual norm 7.964771667582e-17 
      Residual norms for fieldsplit_Omega_ solve.
      0 KSP Residual norm 1.597288205925e+00 
      1 KSP Residual norm 2.756768022812e-01 
      Residual norms for fieldsplit_temperature_ solve.
      0 KSP Residual norm 2.931648272280e-03 
      1 KSP Residual norm 2.553997482030e-17 
   12 KSP Residual norm 3.122694553349e-09 
      Residual norms for fieldsplit_x_velocity_ solve.
      0 KSP Residual norm 1.901786403094e-01 
      1 KSP Residual norm 9.915476872389e-17 
      Residual norms for fieldsplit_y_velocity_ solve.
      0 KSP Residual norm 1.756513293263e-01 
      1 KSP Residual norm 7.554476232173e-17 
      Residual norms for fieldsplit_Omega_ solve.
      0 KSP Residual norm 1.766243915678e+00 
      1 KSP Residual norm 2.819323072051e-01 
      Residual norms for fieldsplit_temperature_ solve.
      0 KSP Residual norm 3.125325543707e-03 
      1 KSP Residual norm 2.828094981767e-17 
   13 KSP Residual norm 1.632832954866e-09 
      Residual norms for fieldsplit_x_velocity_ solve.
      0 KSP Residual norm 1.666775780558e-01 
      1 KSP Residual norm 9.760338961910e-17 
      Residual norms for fieldsplit_y_velocity_ solve.
      0 KSP Residual norm 1.659045429552e-01 
      1 KSP Residual norm 8.676117884227e-17 
      Residual norms for fieldsplit_Omega_ solve.
      0 KSP Residual norm 1.819951798637e+00 
      1 KSP Residual norm 2.861867127487e-01 
      Residual norms for fieldsplit_temperature_ solve.
      0 KSP Residual norm 6.150487113319e-03 
      1 KSP Residual norm 5.816022425442e-17 
   14 KSP Residual norm 8.045424619264e-10 
      Residual norms for fieldsplit_x_velocity_ solve.
      0 KSP Residual norm 1.372935546149e-01 
      1 KSP Residual norm 7.951863052007e-17 
      Residual norms for fieldsplit_y_velocity_ solve.
      0 KSP Residual norm 1.420440684868e-01 
      1 KSP Residual norm 9.809421482413e-17 
      Residual norms for fieldsplit_Omega_ solve.
      0 KSP Residual norm 1.612510417954e+00 
      1 KSP Residual norm 2.662289459816e-01 
      Residual norms for fieldsplit_temperature_ solve.
      0 KSP Residual norm 6.163695510692e-03 
      1 KSP Residual norm 5.970232516663e-17 
   15 KSP Residual norm 4.246908280447e-10 
      Residual norms for fieldsplit_x_velocity_ solve.
      0 KSP Residual norm 1.565462798274e-01 
      1 KSP Residual norm 8.069896648788e-17 
      Residual norms for fieldsplit_y_velocity_ solve.
      0 KSP Residual norm 1.465776680943e-01 
      1 KSP Residual norm 7.443274937690e-17 
      Residual norms for fieldsplit_Omega_ solve.
      0 KSP Residual norm 1.546707716252e+00 
      1 KSP Residual norm 2.534730319721e-01 
      Residual norms for fieldsplit_temperature_ solve.
      0 KSP Residual norm 2.799008678219e-03 
      1 KSP Residual norm 2.615182161168e-17 
   16 KSP Residual norm 2.386411851699e-10 
      Residual norms for fieldsplit_x_velocity_ solve.
      0 KSP Residual norm 2.015364438914e-01 
      1 KSP Residual norm 9.924445125244e-17 
      Residual norms for fieldsplit_y_velocity_ solve.
      0 KSP Residual norm 1.931870621071e-01 
      1 KSP Residual norm 8.233981946781e-17 
      Residual norms for fieldsplit_Omega_ solve.
      0 KSP Residual norm 1.723088405680e+00 
      1 KSP Residual norm 2.875609230447e-01 
      Residual norms for fieldsplit_temperature_ solve.
      0 KSP Residual norm 8.554910095042e-04 
      1 KSP Residual norm 8.122959863785e-18 
   17 KSP Residual norm 1.355886037287e-10 
      Residual norms for fieldsplit_x_velocity_ solve.
      0 KSP Residual norm 1.883294543498e-01 
      1 KSP Residual norm 8.433971025824e-17 
      Residual norms for fieldsplit_y_velocity_ solve.
      0 KSP Residual norm 1.921378068710e-01 
      1 KSP Residual norm 8.638562386570e-17 
      Residual norms for fieldsplit_Omega_ solve.
      0 KSP Residual norm 1.749119601310e+00 
      1 KSP Residual norm 2.773350501416e-01 
      Residual norms for fieldsplit_temperature_ solve.
      0 KSP Residual norm 3.815127640381e-03 
      1 KSP Residual norm 3.769461936546e-17 
   18 KSP Residual norm 8.073039741391e-11 
      Residual norms for fieldsplit_x_velocity_ solve.
      0 KSP Residual norm 1.657882131006e-01 
      1 KSP Residual norm 8.964558166590e-17 
      Residual norms for fieldsplit_y_velocity_ solve.
      0 KSP Residual norm 1.710384226927e-01 
      1 KSP Residual norm 1.078463754242e-16 
      Residual norms for fieldsplit_Omega_ solve.
      0 KSP Residual norm 1.774039573653e+00 
      1 KSP Residual norm 2.908690369206e-01 
      Residual norms for fieldsplit_temperature_ solve.
      0 KSP Residual norm 4.676291046319e-03 
      1 KSP Residual norm 4.133385528059e-17 
   19 KSP Residual norm 3.728984906207e-11 
SNES Object: 1 MPI process
  type: newtonls
  maximum iterations=50, maximum function evaluations=10000
  tolerances: relative=1e-08, absolute=1e-50, solution=1e-08
  total number of linear solver iterations=38
  total number of function evaluations=3
  norm schedule ALWAYS
  Jacobian is built using colored finite differences on a DMDA
  SNESLineSearch Object: 1 MPI process
    type: bt
      interpolation: cubic
      alpha=1.000000e-04
    maxstep=1.000000e+08, minlambda=1.000000e-12
    tolerances: relative=1.000000e-08, absolute=1.000000e-15, lambda=1.000000e-08
    maximum iterations=40
  KSP Object: 1 MPI process
    type: gmres
      restart=30, using Classical (unmodified) Gram-Schmidt Orthogonalization with no iterative refinement
      happy breakdown tolerance 1e-30
    maximum iterations=10000, initial guess is zero
    tolerances:  relative=1e-05, absolute=1e-50, divergence=10000.
    left preconditioning
    using PRECONDITIONED norm type for convergence test
  PC Object: 1 MPI process
    type: fieldsplit
      FieldSplit with MULTIPLICATIVE composition: total splits = 4
      Solver info for each split is in the following KSP objects:
    Split number 0 Defined by IS
    KSP Object: (fieldsplit_x_velocity_) 1 MPI process
      type: preonly
      maximum iterations=10000, initial guess is zero
      tolerances:  relative=1e-05, absolute=1e-50, divergence=10000.
      left preconditioning
      using NONE norm type for convergence test
    PC Object: (fieldsplit_x_velocity_) 1 MPI process
      type: lu
        out-of-place factorization
        tolerance for zero pivot 2.22045e-14
        matrix ordering: nd
        factor fill ratio given 5., needed 4.64959
          Factored matrix follows:
            Mat Object: (fieldsplit_x_velocity_) 1 MPI process
              type: seqaij
              rows=625, cols=625
              package used to perform factorization: petsc
              total: nonzeros=14065, allocated nonzeros=14065
                not using I-node routines
      linear system matrix = precond matrix:
      Mat Object: (fieldsplit_x_velocity_) 1 MPI process
        type: seqaij
        rows=625, cols=625
        total: nonzeros=3025, allocated nonzeros=3025
        total number of mallocs used during MatSetValues calls=0
          not using I-node routines
    Split number 1 Defined by IS
    KSP Object: (fieldsplit_y_velocity_) 1 MPI process
      type: preonly
      maximum iterations=10000, initial guess is zero
      tolerances:  relative=1e-05, absolute=1e-50, divergence=10000.
      left preconditioning
      using NONE norm type for convergence test
    PC Object: (fieldsplit_y_velocity_) 1 MPI process
      type: lu
        out-of-place factorization
        tolerance for zero pivot 2.22045e-14
        matrix ordering: nd
        factor fill ratio given 5., needed 4.64959
          Factored matrix follows:
            Mat Object: (fieldsplit_y_velocity_) 1 MPI process
              type: seqaij
              rows=625, cols=625
              package used to perform factorization: petsc
              total: nonzeros=14065, allocated nonzeros=14065
                not using I-node routines
      linear system matrix = precond matrix:
      Mat Object: (fieldsplit_y_velocity_) 1 MPI process
        type: seqaij
        rows=625, cols=625
        total: nonzeros=3025, allocated nonzeros=3025
        total number of mallocs used during MatSetValues calls=0
          not using I-node routines
    Split number 2 Defined by IS
    KSP Object: (fieldsplit_Omega_) 1 MPI process
      type: preonly
      maximum iterations=10000, initial guess is zero
      tolerances:  relative=1e-05, absolute=1e-50, divergence=10000.
      left preconditioning
      using NONE norm type for convergence test
    PC Object: (fieldsplit_Omega_) 1 MPI process
      type: ilu
        out-of-place factorization
        0 levels of fill
        tolerance for zero pivot 2.22045e-14
        matrix ordering: natural
        factor fill ratio given 1., needed 1.
          Factored matrix follows:
            Mat Object: (fieldsplit_Omega_) 1 MPI process
              type: seqaij
              rows=625, cols=625
              package used to perform factorization: petsc
              total: nonzeros=3025, allocated nonzeros=3025
                not using I-node routines
      linear system matrix = precond matrix:
      Mat Object: (fieldsplit_Omega_) 1 MPI process
        type: seqaij
        rows=625, cols=625
        total: nonzeros=3025, allocated nonzeros=3025
        total number of mallocs used during MatSetValues calls=0
          not using I-node routines
    Split number 3 Defined by IS
    KSP Object: (fieldsplit_temperature_) 1 MPI process
      type: preonly
      maximum iterations=10000, initial guess is zero
      tolerances:  relative=1e-05, absolute=1e-50, divergence=10000.
      left preconditioning
      using NONE norm type for convergence test
    PC Object: (fieldsplit_temperature_) 1 MPI process
      type: lu
        out-of-place factorization
        tolerance for zero pivot 2.22045e-14
        matrix ordering: nd
        factor fill ratio given 5., needed 4.64959
          Factored matrix follows:
            Mat Object: (fieldsplit_temperature_) 1 MPI process
              type: seqaij
              rows=625, cols=625
              package used to perform factorization: petsc
              total: nonzeros=14065, allocated nonzeros=14065
                not using I-node routines
      linear system matrix = precond matrix:
      Mat Object: (fieldsplit_temperature_) 1 MPI process
        type: seqaij
        rows=625, cols=625
        total: nonzeros=3025, allocated nonzeros=3025
        total number of mallocs used during MatSetValues calls=0
          not using I-node routines
    linear system matrix = precond matrix:
    Mat Object: 1 MPI process
      type: seqaij
      rows=2500, cols=2500, bs=4
      total: nonzeros=48400, allocated nonzeros=48400
      total number of mallocs used during MatSetValues calls=0
        using I-node routines: found 625 nodes, limit used is 5
Number of SNES iterations = 2
