  0 SNES VI Function norm 0.0946221 Active lower constraints 202/7417 upper constraints 0/0 Percent of total 0.0214688 Percent of bounded 0.
    0 KSP Residual norm 2.45579 
    1 KSP Residual norm 0.00111623 
    2 KSP Residual norm 1.91557e-05 
  1 SNES VI Function norm 0.0749539 Active lower constraints 1651/4490 upper constraints 0/0 Percent of total 0.17547 Percent of bounded 0.
    0 KSP Residual norm 1.78941 
    1 KSP Residual norm 0.0011744 
    2 KSP Residual norm 4.12359e-05 
    3 KSP Residual norm 3.18117e-06 
  2 SNES VI Function norm 0.0704815 Active lower constraints 760/3661 upper constraints 0/0 Percent of total 0.0807737 Percent of bounded 0.
    0 KSP Residual norm 1.69319 
    1 KSP Residual norm 0.0011092 
    2 KSP Residual norm 4.51126e-05 
    3 KSP Residual norm 3.31828e-06 
  3 SNES VI Function norm 0.0683928 Active lower constraints 360/2829 upper constraints 0/0 Percent of total 0.0382612 Percent of bounded 0.
    0 KSP Residual norm 2.09751 
    1 KSP Residual norm 0.00128103 
    2 KSP Residual norm 6.81e-05 
    3 KSP Residual norm 4.49317e-06 
  4 SNES VI Function norm 0.0648403 Active lower constraints 252/1971 upper constraints 0/0 Percent of total 0.0267829 Percent of bounded 0.
    0 KSP Residual norm 2.85464 
    1 KSP Residual norm 0.00156415 
    2 KSP Residual norm 9.40038e-05 
    3 KSP Residual norm 5.57949e-06 
  5 SNES VI Function norm 0.0579161 Active lower constraints 201/1113 upper constraints 0/0 Percent of total 0.0213625 Percent of bounded 0.
    0 KSP Residual norm 3.50965 
    1 KSP Residual norm 0.00167065 
    2 KSP Residual norm 0.000105145 
    3 KSP Residual norm 6.27444e-06 
  6 SNES VI Function norm 0.0520545 Active lower constraints 187/593 upper constraints 0/0 Percent of total 0.0198746 Percent of bounded 0.
    0 KSP Residual norm 3.84333 
    1 KSP Residual norm 0.00150755 
    2 KSP Residual norm 0.000101863 
    3 KSP Residual norm 6.32307e-06 
  7 SNES VI Function norm 0.043283 Active lower constraints 189/281 upper constraints 0/0 Percent of total 0.0200872 Percent of bounded 0.
    0 KSP Residual norm 3.90429 
    1 KSP Residual norm 0.00126188 
    2 KSP Residual norm 8.47119e-05 
    3 KSP Residual norm 5.35198e-06 
  8 SNES VI Function norm 0.0304302 Active lower constraints 190/190 upper constraints 0/0 Percent of total 0.0201934 Percent of bounded 0.
    0 KSP Residual norm 3.98424 
    1 KSP Residual norm 0.000821766 
    2 KSP Residual norm 4.9938e-05 
    3 KSP Residual norm 2.76058e-06 
  9 SNES VI Function norm 0.028709 Active lower constraints 188/188 upper constraints 0/0 Percent of total 0.0199809 Percent of bounded 0.
    0 KSP Residual norm 1.2755 
    1 KSP Residual norm 0.000267851 
    2 KSP Residual norm 2.2841e-05 
    3 KSP Residual norm 2.49037e-06 
 10 SNES VI Function norm 0.0344213 Active lower constraints 184/184 upper constraints 0/0 Percent of total 0.0195557 Percent of bounded 0.
    0 KSP Residual norm 0.390396 
    1 KSP Residual norm 0.000101377 
    2 KSP Residual norm 1.07026e-05 
    3 KSP Residual norm 1.73674e-07 
 11 SNES VI Function norm 0.0147899 Active lower constraints 194/194 upper constraints 0/0 Percent of total 0.0206186 Percent of bounded 0.
    0 KSP Residual norm 0.0283566 
    1 KSP Residual norm 1.86062e-05 
    2 KSP Residual norm 1.24075e-06 
    3 KSP Residual norm 2.92983e-08 
 12 SNES VI Function norm 1.65716e-05 Active lower constraints 198/198 upper constraints 0/0 Percent of total 0.0210437 Percent of bounded 0.
    0 KSP Residual norm 0.000334875 
    1 KSP Residual norm 4.02147e-07 
    2 KSP Residual norm 1.80667e-08 
    3 KSP Residual norm 3.270e-10 
 13 SNES VI Function norm 5.04244e-09 Active lower constraints 198/198 upper constraints 0/0 Percent of total 0.0210437 Percent of bounded 0.
    0 KSP Residual norm 6.1937e-08 
    1 KSP Residual norm 1.961e-10 
    2 KSP Residual norm < 1.e-11
    3 KSP Residual norm < 1.e-11
 14 SNES VI Function norm 6.57224e-13 Active lower constraints 198/198 upper constraints 0/0 Percent of total 0.0210437 Percent of bounded 0.
Nonlinear solve converged due to CONVERGED_FNORM_RELATIVE iterations 14
