  0 SNES Function norm 2.520250039056e+00
  Linear solve converged due to CONVERGED_RTOL
Explicitly computed eigenvalues
-0.757546 + 0.i
-0.179795 + 0.i
-0.022277 + 0.i
-7.17263e-16 + 0.i
-2.17538e-16 + 0.i
2.42164e-16 + 0.i
0.37477 + 0.i
0.463827 + 0.i
0.527485 + 0.i
0.578375 + 0.i
0.604177 + 0.i
0.888628 + 0.i
1.02556 + 0.i
1.10101 + 0.i
1.15998 + 0.i
1.38218 + 0.i
1.60003 + 0.i
1.96983 + 0.i
2.54695 + 0.i
3.76585 + 0.i
3.86757 + 0.i
4.40337 + 0.i
4.62132 + 0.i
6.90152 + 0.i
  1 SNES Function norm 1.062707088125e+00
  Linear solve converged due to CONVERGED_RTOL
Explicitly computed eigenvalues
-0.0862688 + 0.i
-2.01668e-16 + 0.i
-3.32614e-17 + 0.i
1.63559e-17 + 0.i
0.0624927 + 0.i
0.10117 + 0.i
0.650962 + 0.i
0.65676 + 0.i
0.729924 + 0.i
0.798847 + 0.i
0.816598 + 0.i
0.846957 + 0.i
0.872415 + 0.i
0.923625 + 0.i
1.10477 + 0.i
1.36272 + 0.i
1.39747 + 0.i
1.59298 + 0.i
1.98919 + 0.i
2.91492 + 0.i
3.16722 + 0.i
3.35543 + 0.i
3.62687 + 0.i
6.18582 + 0.i
  2 SNES Function norm 4.325515821171e-01
  Linear solve converged due to CONVERGED_RTOL
Explicitly computed eigenvalues
-0.115657 + 0.i
-0.0815251 + 0.i
-0.057641 + 0.i
-1.12762e-16 + 0.i
1.11823e-16 - 4.00411e-17i
1.11823e-16 + 4.00411e-17i
0.624401 + 0.i
0.713407 + 0.i
0.75094 + 0.i
0.81388 + 0.i
0.829374 + 0.i
0.964326 + 0.i
0.97439 + 0.i
1.07369 + 0.i
1.08962 + 0.i
1.33911 + 0.i
1.42444 + 0.i
1.58841 + 0.i
2.11894 + 0.i
2.96257 + 0.i
2.9936 + 0.i
3.18454 + 0.i
3.71877 + 0.i
3.84071 + 0.i
  3 SNES Function norm 1.239234118263e-01
  Linear solve converged due to CONVERGED_RTOL
Explicitly computed eigenvalues
-0.0267562 + 0.i
-0.00956087 + 0.i
-8.97077e-17 + 0.i
-5.84514e-17 + 0.i
7.85731e-17 + 0.i
0.00439922 + 0.i
0.69803 + 0.i
0.710419 + 0.i
0.748709 + 0.i
0.832359 + 0.i
0.832889 + 0.i
0.912237 + 0.i
0.92221 + 0.i
1.02262 + 0.i
1.02537 + 0.i
1.33408 + 0.i
1.35683 + 0.i
1.55203 + 0.i
2.026 + 0.i
2.93596 + 0.i
3.00762 + 0.i
3.07559 + 0.i
3.63198 + 0.i
3.67617 + 0.i
  4 SNES Function norm 5.352424011097e-03
  Linear solve converged due to CONVERGED_RTOL
Explicitly computed eigenvalues
-5.16111e-05 + 0.i
-7.17277e-17 + 0.i
1.15655e-16 + 0.i
3.15823e-16 + 0.i
0.000279417 + 0.i
0.000547193 + 0.i
0.701679 + 0.i
0.741136 + 0.i
0.74441 + 0.i
0.833332 + 0.i
0.833333 + 0.i
0.912684 + 0.i
0.913278 + 0.i
0.999861 + 0.i
0.999865 + 0.i
1.3332 + 0.i
1.33333 + 0.i
1.53265 + 0.i
1.99997 + 0.i
2.91747 + 0.i
2.92296 + 0.i
3.09882 + 0.i
3.59033 + 0.i
3.59208 + 0.i
  5 SNES Function norm 3.406410388640e-04
  Linear solve converged due to CONVERGED_RTOL
Explicitly computed eigenvalues
-1.4361e-05 + 0.i
-1.20718e-16 + 0.i
2.53979e-16 - 5.22266e-17i
2.53979e-16 + 5.22266e-17i
7.21326e-06 + 0.i
1.76115e-05 + 0.i
0.701834 + 0.i
0.742649 + 0.i
0.742687 + 0.i
0.833333 + 0.i
0.833333 + 0.i
0.913178 + 0.i
0.913203 + 0.i
0.999997 + 0.i
0.999997 + 0.i
1.33333 + 0.i
1.33333 + 0.i
1.53265 + 0.i
2. + 0.i
2.92012 + 0.i
2.92023 + 0.i
3.09885 + 0.i
3.59058 + 0.i
3.59076 + 0.i
  6 SNES Function norm 5.089928410559e-07
  Linear solve converged due to CONVERGED_RTOL
Explicitly computed eigenvalues
-1.53991e-16 + 0.i
3.48157e-16 - 1.44291e-16i
3.48157e-16 + 1.44291e-16i
6.27195e-08 + 0.i
1.06575e-07 + 0.i
2.1467e-07 + 0.i
0.701836 + 0.i
0.742666 + 0.i
0.742666 + 0.i
0.833333 + 0.i
0.833333 + 0.i
0.9132 + 0.i
0.9132 + 0.i
1. + 0.i
1. + 0.i
1.33333 + 0.i
1.33333 + 0.i
1.53265 + 0.i
2. + 0.i
2.92013 + 0.i
2.92013 + 0.i
3.09885 + 0.i
3.59067 + 0.i
3.59067 + 0.i
  7 SNES Function norm 7.021101788159e-12
  Linear solve converged due to CONVERGED_RTOL
Explicitly computed eigenvalues
-8.24228e-13 + 0.i
-2.32008e-16 + 0.i
2.40868e-16 + 0.i
3.3748e-16 + 0.i
3.56782e-13 + 0.i
1.2182e-12 + 0.i
0.701836 + 0.i
0.742666 + 0.i
0.742666 + 0.i
0.833333 + 0.i
0.833333 + 0.i
0.9132 + 0.i
0.9132 + 0.i
1. + 0.i
1. + 0.i
1.33333 + 0.i
1.33333 + 0.i
1.53265 + 0.i
2. + 0.i
2.92013 + 0.i
2.92013 + 0.i
3.09885 + 0.i
3.59067 + 0.i
3.59067 + 0.i
  8 SNES Function norm 2.978149496640e-16
Nonlinear solve converged due to CONVERGED_FNORM_RELATIVE
Number of SNES iterations = 8
