  0 SNES Function norm 6.393276827250e-01
  Linear solve converged due to CONVERGED_RTOL iterations 6
Explicitly computed eigenvalues
-2.5909e-17 + 0.i
4.85587e-16 + 0.i
0.142552 + 0.i
0.210314 + 0.i
0.218494 + 0.i
0.235759 + 0.i
0.274331 + 0.i
0.287279 + 0.i
0.3759 + 0.i
0.398659 + 0.i
0.405532 + 0.i
0.434911 + 0.i
0.445847 + 0.i
0.462298 + 0.i
0.487238 + 0.i
0.579559 + 0.i
0.677271 + 0.i
0.696739 + 0.i
0.697743 + 0.i
0.849337 + 0.i
0.87011 + 0.i
0.973332 + 0.i
1.5 + 0.i
1.5 + 0.i
1.51942 + 0.i
1.53193 + 0.i
1.98364 + 0.i
3.58024 + 0.i
  1 SNES Function norm 2.325941086824e-01
  Linear solve converged due to CONVERGED_RTOL iterations 6
Explicitly computed eigenvalues
-0.0574675 + 0.i
-1.63137e-16 + 0.i
-6.09226e-17 + 0.i
0.136541 + 0.i
0.236801 + 0.i
0.247542 + 0.i
0.274887 + 0.i
0.275636 + 0.i
0.315853 + 0.i
0.366788 + 0.i
0.378955 + 0.i
0.472375 + 0.i
0.520551 + 0.i
0.521077 + 0.i
0.523413 + 0.i
0.554678 + 0.i
0.637039 + 0.i
0.729478 + 0.i
0.764415 + 0.i
0.786919 + 0.i
1.05134 + 0.i
1.06321 + 0.i
1.45775 + 0.i
1.5 + 0.i
1.5 + 0.i
1.50449 + 0.i
1.77838 + 0.i
3.0197 + 0.i
  2 SNES Function norm 2.341174241808e-02
  Linear solve converged due to CONVERGED_RTOL iterations 6
Explicitly computed eigenvalues
-0.00560332 + 0.i
-1.60732e-16 + 0.i
5.3544e-17 + 0.i
0.163855 + 0.i
0.252173 + 0.i
0.255604 + 0.i
0.25603 + 0.i
0.258852 + 0.i
0.357757 + 0.i
0.379488 + 0.i
0.383478 + 0.i
0.49721 + 0.i
0.502721 + 0.i
0.502766 + 0.i
0.50277 + 0.i
0.572884 + 0.i
0.581876 + 0.i
0.699509 + 0.i
0.725918 + 0.i
0.77143 + 0.i
1.00557 + 0.i
1.00568 + 0.i
1.47171 + 0.i
1.47542 + 0.i
1.5 + 0.i
1.5 + 0.i
1.72917 + 0.i
3.09937 + 0.i
  3 SNES Function norm 2.568577338282e-04
  Linear solve converged due to CONVERGED_RTOL iterations 7
Explicitly computed eigenvalues
-6.03894e-05 + 0.i
5.56811e-17 + 3.82493e-17i
5.56811e-17 - 3.82493e-17i
0.166636 + 0.i
0.253509 + 0.i
0.253547 + 0.i
0.257083 + 0.i
0.257115 + 0.i
0.358803 + 0.i
0.384163 + 0.i
0.384209 + 0.i
0.49997 + 0.i
0.50003 + 0.i
0.50003 + 0.i
0.50003 + 0.i
0.576199 + 0.i
0.576299 + 0.i
0.696773 + 0.i
0.723539 + 0.i
0.771286 + 0.i
1.00006 + 0.i
1.00006 + 0.i
1.47335 + 0.i
1.47339 + 0.i
1.5 + 0.i
1.5 + 0.i
1.72871 + 0.i
3.1097 + 0.i
  4 SNES Function norm 3.144511867989e-08
  Linear solve converged due to CONVERGED_RTOL iterations 8
Explicitly computed eigenvalues
-7.51314e-09 + 0.i
-1.97813e-16 + 0.i
-1.38965e-16 + 0.i
0.166667 + 0.i
0.253524 + 0.i
0.253524 + 0.i
0.257095 + 0.i
0.257095 + 0.i
0.358812 + 0.i
0.384217 + 0.i
0.384217 + 0.i
0.5 + 0.i
0.5 + 0.i
0.5 + 0.i
0.5 + 0.i
0.576238 + 0.i
0.576238 + 0.i
0.696743 + 0.i
0.723515 + 0.i
0.771286 + 0.i
1. + 0.i
1. + 0.i
1.47337 + 0.i
1.47337 + 0.i
1.5 + 0.i
1.5 + 0.i
1.72871 + 0.i
3.10982 + 0.i
  5 SNES Function norm 8.068312721310e-16
Nonlinear solve converged due to CONVERGED_FNORM_RELATIVE iterations 5
Number of SNES iterations = 5
