DM Object: hypercubic 1 MPI process
  type: plex
hypercubic in 5 dimensions:
  Number of 0-cells per rank: 2097152
  Number of 5-cells per rank: 10485760
Labels:
  marker: 0 strata with value/size ()
  celltype: 2 strata with value/size (0 (2097152), 1 (10485760))
  depth: 2 strata with value/size (0 (2097152), 1 (10485760))
SharedMemoryMpi:  World communicator of size 1
SharedMemoryMpi:  Node  communicator of size 1
SharedMemoryMpi: SharedMemoryAllocate 1073741824 MMAP anonymous implementation 

__|__|__|__|__|__|__|__|__|__|__|__|__|__|__
__|__|__|__|__|__|__|__|__|__|__|__|__|__|__
__|_ |  |  |  |  |  |  |  |  |  |  |  | _|__
__|_                                    _|__
__|_   GGGG    RRRR    III    DDDD      _|__
__|_  G        R   R    I     D   D     _|__
__|_  G        R   R    I     D    D    _|__
__|_  G  GG    RRRR     I     D    D    _|__
__|_  G   G    R  R     I     D   D     _|__
__|_   GGGG    R   R   III    DDDD      _|__
__|_                                    _|__
__|__|__|__|__|__|__|__|__|__|__|__|__|__|__
__|__|__|__|__|__|__|__|__|__|__|__|__|__|__
  |  |  |  |  |  |  |  |  |  |  |  |  |  |  


Copyright (C) 2015 Peter Boyle, Azusa Yamaguchi, Guido Cossu, Antonin Portelli and other authors

This program is free software; you can redistribute it and/or modify
it under the terms of the GNU General Public License as published by
the Free Software Foundation; either version 2 of the License, or
(at your option) any later version.

This program is distributed in the hope that it will be useful,
but WITHOUT ANY WARRANTY; without even the implied warranty of
MERCHANTABILITY or FITNESS FOR A PARTICULAR PURPOSE.  See the
GNU General Public License for more details.
Current Grid git commit hash=4ea48ef0c4b54b2c2a3c96383d77cf2a9b740161: (HEAD) clean

Grid : Message : ================================================ 
Grid : Message : MPI is initialised and logging filters activated 
Grid : Message : ================================================ 
Grid : Message : Requested 1073741824 byte stencil comms buffers 
Grid : Message : MemoryManager::Init() setting up
Grid : Message : MemoryManager::Init() cache pool for recent host   allocations: SMALL 8 LARGE 2 HUGE 0
Grid : Message : MemoryManager::Init() cache pool for recent device allocations: SMALL 16 LARGE 8 Huge 0
Grid : Message : MemoryManager::Init() cache pool for recent shared allocations: SMALL 16 LARGE 8 Huge 0
Grid : Message : MemoryManager::Init() Unified memory space
Setting gauge to Grid for Ls=16
Grid : Message : 0.149441 s : Loading configuration from /home/rylanor/tools/petsc/ckpoint_lat.4000
Grid : Message : 0.149481 s : * BEGIN_HEADER
Grid : Message : 0.149486 s : * HDR_VERSION = 1.0
Grid : Message : 0.149491 s : * DATATYPE = 4D_SU3_GAUGE
Grid : Message : 0.149493 s : * STORAGE_FORMAT = 1.0
Grid : Message : 0.149495 s : * DIMENSION_1 = 16
Grid : Message : 0.149497 s : * DIMENSION_2 = 16
Grid : Message : 0.149499 s : * DIMENSION_3 = 16
Grid : Message : 0.149501 s : * DIMENSION_4 = 32
Grid : Message : 0.149503 s : * LINK_TRACE = -0.0001426958719
Grid : Message : 0.149505 s : * PLAQUETTE  = 0.5876863045
Grid : Message : 0.149507 s : * BOUNDARY_1 = PERIODIC
Grid : Message : 0.149509 s : * BOUNDARY_2 = PERIODIC
Grid : Message : 0.149511 s : * BOUNDARY_3 = PERIODIC
Grid : Message : 0.149513 s : * BOUNDARY_4 = PERIODIC
Grid : Message : 0.149515 s : * CHECKSUM = 9207c824
Grid : Message : 0.149517 s : * ENSEMBLE_ID = DWF
Grid : Message : 0.149519 s : * ENSEMBLE_LABEL = DWF
Grid : Message : 0.149521 s : * SEQUENCE_NUMBER = 4000
Grid : Message : 0.149523 s : * CREATOR = RBC
Grid : Message : 0.149525 s : * CREATOR_HARDWARE = CU-QCDOC one rack
Grid : Message : 0.149527 s : * CREATION_DATE = Sat Jan 10 16:18:39 1970
Grid : Message : 0.149530 s : * ARCHIVE_DATE = Sat Jan 10 16:18:39 1970
Grid : Message : 0.149532 s : * FLOATING_POINT = IEEE64BIG
Grid : Message : 0.149534 s : * END_HEADER
Grid : Message : 0.168363 s : IOobject: C++ read I/O /home/rylanor/tools/petsc/ckpoint_lat.4000 : 50331648 bytes and offset 540
Grid : Message : 0.175572 s : IOobject:  read  50331648 bytes in 0.004811 s 9977.14 MB/s 
Grid : Message : 0.175802 s : IOobject: endian and checksum overhead 0.002373 s
Grid : Message : 0.183390 s : readLatticeObject: vectorize overhead 0.007351 s
Grid : Message : 0.324229 s : NERSC Configuration /home/rylanor/tools/petsc/ckpoint_lat.4000 checksum 9207c824 header   9207c824
Grid : Message : 0.324384 s : NERSC Configuration /home/rylanor/tools/petsc/ckpoint_lat.4000 plaquette 0.587686 header    0.587686
Grid : Message : 0.324540 s : NERSC Configuration /home/rylanor/tools/petsc/ckpoint_lat.4000 link_trace -0.000142696 header    -0.000142696
Grid : Message : 0.324688 s : NERSC Configuration /home/rylanor/tools/petsc/ckpoint_lat.4000 and plaquette, link trace, and checksum agree
lsites: 131072
  0 KSP Residual norm 4.096059893169e+03 
  1 KSP Residual norm 3.459868465087e+03 
  2 KSP Residual norm 2.936862572571e+03 
  3 KSP Residual norm 2.870505460791e+03 
  4 KSP Residual norm 3.130348158934e+03 
  5 KSP Residual norm 4.406727121786e+03 
  6 KSP Residual norm 7.133915800659e+03 
  7 KSP Residual norm 6.553245877499e+03 
  8 KSP Residual norm 5.582313470732e+03 
  9 KSP Residual norm 9.971613922488e+03 
 10 KSP Residual norm 4.468772011506e+03 
 11 KSP Residual norm 4.993993254632e+03 
 12 KSP Residual norm 7.283682068049e+03 
 13 KSP Residual norm 1.130060335983e+04 
 14 KSP Residual norm 1.543185729991e+04 
 15 KSP Residual norm 1.798201009559e+04 
 16 KSP Residual norm 1.882415089156e+04 
 17 KSP Residual norm 1.862122486333e+04 
 18 KSP Residual norm 1.795892837473e+04 
 19 KSP Residual norm 1.716562344869e+04 
 20 KSP Residual norm 1.639237746394e+04 
 21 KSP Residual norm 1.569972897713e+04 
 22 KSP Residual norm 1.510726007426e+04 
 23 KSP Residual norm 1.461700948437e+04 
 24 KSP Residual norm 1.422358097480e+04 
 25 KSP Residual norm 1.391823919534e+04 
 26 KSP Residual norm 1.369046632396e+04 
 27 KSP Residual norm 1.352853993627e+04 
 28 KSP Residual norm 1.341982609556e+04 
 29 KSP Residual norm 1.335109784871e+04 
 30 KSP Residual norm 1.330901080581e+04 
 31 KSP Residual norm 1.328077070954e+04 
 32 KSP Residual norm 1.325496147014e+04 
 33 KSP Residual norm 1.322244944500e+04 
 34 KSP Residual norm 1.317724337372e+04 
 35 KSP Residual norm 1.311718205169e+04 
 36 KSP Residual norm 1.304435628765e+04 
 37 KSP Residual norm 1.296524943961e+04 
 38 KSP Residual norm 1.289068370798e+04 
 39 KSP Residual norm 1.283573979426e+04 
 40 KSP Residual norm 1.281969142523e+04 
 41 KSP Residual norm 1.286184627098e+04 
 42 KSP Residual norm 1.299676089648e+04 
 43 KSP Residual norm 1.327591354913e+04 
 44 KSP Residual norm 1.378026931425e+04 
 45 KSP Residual norm 1.464338895239e+04 
 46 KSP Residual norm 1.609375992046e+04 
 47 KSP Residual norm 1.852785989650e+04 
 48 KSP Residual norm 2.261669400022e+04 
 49 KSP Residual norm 2.938191525400e+04 
 50 KSP Residual norm 3.993755141017e+04 
 51 KSP Residual norm 5.425502231357e+04 
 52 KSP Residual norm 6.930598584413e+04 
 53 KSP Residual norm 7.993467632910e+04 
 54 KSP Residual norm 8.323304124466e+04 
 55 KSP Residual norm 8.037872663445e+04 
 56 KSP Residual norm 7.427436530174e+04 
 57 KSP Residual norm 6.724060772300e+04 
 58 KSP Residual norm 6.049492899436e+04 
 59 KSP Residual norm 5.448597795484e+04 
 60 KSP Residual norm 4.927921735024e+04 
 61 KSP Residual norm 4.479171572608e+04 
 62 KSP Residual norm 4.090461347640e+04 
 63 KSP Residual norm 3.750780871982e+04 
 64 KSP Residual norm 3.451273548782e+04 
 65 KSP Residual norm 3.185216168962e+04 
 66 KSP Residual norm 2.947594316993e+04 
 67 KSP Residual norm 2.734645051897e+04 
 68 KSP Residual norm 2.543488298604e+04 
 69 KSP Residual norm 2.371862605314e+04 
 70 KSP Residual norm 2.217945474023e+04 
 71 KSP Residual norm 2.080232900971e+04 
 72 KSP Residual norm 1.957457294338e+04 
 73 KSP Residual norm 1.848529250910e+04 
 74 KSP Residual norm 1.752493991710e+04 
 75 KSP Residual norm 1.668497072636e+04 
 76 KSP Residual norm 1.595756525556e+04 
 77 KSP Residual norm 1.533540185824e+04 
 78 KSP Residual norm 1.481147883004e+04 
 79 KSP Residual norm 1.437898578633e+04 
 80 KSP Residual norm 1.403122544383e+04 
 81 KSP Residual norm 1.376158401539e+04 
 82 KSP Residual norm 1.356354427283e+04 
 83 KSP Residual norm 1.343073127581e+04 
 84 KSP Residual norm 1.335697812049e+04 
 85 KSP Residual norm 1.333639855607e+04 
 86 KSP Residual norm 1.336345493259e+04 
 87 KSP Residual norm 1.343301304384e+04 
 88 KSP Residual norm 1.354037910599e+04 
 89 KSP Residual norm 1.368131753031e+04 
 90 KSP Residual norm 1.385205077061e+04 
 91 KSP Residual norm 1.404924416067e+04 
 92 KSP Residual norm 1.426997938164e+04 
 93 KSP Residual norm 1.451172023548e+04 
 94 KSP Residual norm 1.477227400613e+04 
 95 KSP Residual norm 1.504975108716e+04 
 96 KSP Residual norm 1.534252490521e+04 
 97 KSP Residual norm 1.564919356910e+04 
 98 KSP Residual norm 1.596854417332e+04 
 99 KSP Residual norm 1.629952029478e+04 
100 KSP Residual norm 1.664119293591e+04 
101 KSP Residual norm 1.699273497079e+04 
102 KSP Residual norm 1.735339902349e+04 
103 KSP Residual norm 1.772249863149e+04 
104 KSP Residual norm 1.809939250683e+04 
105 KSP Residual norm 1.848347168877e+04 
106 KSP Residual norm 1.887414937693e+04 
107 KSP Residual norm 1.927085323350e+04 
108 KSP Residual norm 1.967301994467e+04 
109 KSP Residual norm 2.008009183093e+04 
110 KSP Residual norm 2.049151529217e+04 
111 KSP Residual norm 2.090674086820e+04 
112 KSP Residual norm 2.132522468724e+04 
113 KSP Residual norm 2.174643106769e+04 
114 KSP Residual norm 2.216983603270e+04 
115 KSP Residual norm 2.259493149462e+04 
116 KSP Residual norm 2.302122986945e+04 
117 KSP Residual norm 2.344826888964e+04 
118 KSP Residual norm 2.387561639875e+04 
119 KSP Residual norm 2.430287493237e+04 
120 KSP Residual norm 2.472968591613e+04 
121 KSP Residual norm 2.515573334212e+04 
122 KSP Residual norm 2.558074681829e+04 
123 KSP Residual norm 2.600450391978e+04 
124 KSP Residual norm 2.642683180489e+04 
125 KSP Residual norm 2.684760808971e+04 
126 KSP Residual norm 2.726676100429e+04 
127 KSP Residual norm 2.768426887691e+04 
128 KSP Residual norm 2.810015901232e+04 
129 KSP Residual norm 2.851450604424e+04 
130 KSP Residual norm 2.892742985139e+04 
131 KSP Residual norm 2.933909313092e+04 
132 KSP Residual norm 2.974969872371e+04 
133 KSP Residual norm 3.015948678276e+04 
134 KSP Residual norm 3.056873187007e+04 
135 KSP Residual norm 3.097774005963e+04 
136 KSP Residual norm 3.138684611468e+04 
137 KSP Residual norm 3.179641079728e+04 
138 KSP Residual norm 3.220681835800e+04 
139 KSP Residual norm 3.261847424314e+04 
140 KSP Residual norm 3.303180304735e+04 
141 KSP Residual norm 3.344724673060e+04 
142 KSP Residual norm 3.386526311041e+04 
143 KSP Residual norm 3.428632463361e+04 
144 KSP Residual norm 3.471091742595e+04 
145 KSP Residual norm 3.513954061335e+04 
146 KSP Residual norm 3.557270590524e+04 
147 KSP Residual norm 3.601093742749e+04 
148 KSP Residual norm 3.645477179143e+04 
149 KSP Residual norm 3.690475838397e+04 
150 KSP Residual norm 3.736145986429e+04 
151 KSP Residual norm 3.782545285264e+04 
152 KSP Residual norm 3.829732879770e+04 
153 KSP Residual norm 3.877769501035e+04 
154 KSP Residual norm 3.926717585283e+04 
155 KSP Residual norm 3.976641407424e+04 
156 KSP Residual norm 4.027607228488e+04 
157 KSP Residual norm 4.079683456366e+04 
158 KSP Residual norm 4.132940819476e+04 
159 KSP Residual norm 4.187452553151e+04 
160 KSP Residual norm 4.243294598717e+04 
161 KSP Residual norm 4.300545815396e+04 
162 KSP Residual norm 4.359288205377e+04 
163 KSP Residual norm 4.419607152516e+04 
164 KSP Residual norm 4.481591675339e+04 
165 KSP Residual norm 4.545334695167e+04 
166 KSP Residual norm 4.610933320352e+04 
167 KSP Residual norm 4.678489147806e+04 
168 KSP Residual norm 4.748108583161e+04 
169 KSP Residual norm 4.819903181094e+04 
170 KSP Residual norm 4.893990007562e+04 
171 KSP Residual norm 4.970492025893e+04 
172 KSP Residual norm 5.049538508895e+04 
173 KSP Residual norm 5.131265479429e+04 
174 KSP Residual norm 5.215816182124e+04 
175 KSP Residual norm 5.303341589238e+04 
176 KSP Residual norm 5.394000943989e+04 
177 KSP Residual norm 5.487962345034e+04 
178 KSP Residual norm 5.585403376208e+04 
179 KSP Residual norm 5.686511786055e+04 
180 KSP Residual norm 5.791486222211e+04 
181 KSP Residual norm 5.900537026267e+04 
182 KSP Residual norm 6.013887095352e+04 
183 KSP Residual norm 6.131772817417e+04 
184 KSP Residual norm 6.254445088007e+04 
185 KSP Residual norm 6.382170417178e+04 
186 KSP Residual norm 6.515232136302e+04 
187 KSP Residual norm 6.653931715601e+04 
188 KSP Residual norm 6.798590204624e+04 
189 KSP Residual norm 6.949549809320e+04 
190 KSP Residual norm 7.107175621100e+04 
191 KSP Residual norm 7.271857515192e+04 
192 KSP Residual norm 7.444012237799e+04 
193 KSP Residual norm 7.624085704090e+04 
194 KSP Residual norm 7.812555531953e+04 
195 KSP Residual norm 8.009933839715e+04 
196 KSP Residual norm 8.216770339869e+04 
197 KSP Residual norm 8.433655765194e+04 
198 KSP Residual norm 8.661225668733e+04 
199 KSP Residual norm 8.900164644879e+04 
200 KSP Residual norm 9.151211025642e+04 
201 KSP Residual norm 9.415162113934e+04 
202 KSP Residual norm 9.692880024895e+04 
203 KSP Residual norm 9.985298216871e+04 
204 KSP Residual norm 1.029342880607e+05 
205 KSP Residual norm 1.061837077351e+05 
206 KSP Residual norm 1.096131918982e+05 
207 KSP Residual norm 1.132357560363e+05 
208 KSP Residual norm 1.170655976293e+05 
209 KSP Residual norm 1.211182286662e+05 
210 KSP Residual norm 1.254106257671e+05 
211 KSP Residual norm 1.299614006097e+05 
212 KSP Residual norm 1.347909938268e+05 
213 KSP Residual norm 1.399218960995e+05 
214 KSP Residual norm 1.453789008438e+05 
215 KSP Residual norm 1.511893936885e+05 
216 KSP Residual norm 1.573836849145e+05 
217 KSP Residual norm 1.639953921890e+05 
218 KSP Residual norm 1.710618823478e+05 
219 KSP Residual norm 1.786247826894e+05 
220 KSP Residual norm 1.867305743377e+05 
221 KSP Residual norm 1.954312827740e+05 
222 KSP Residual norm 2.047852837590e+05 
223 KSP Residual norm 2.148582466859e+05 
224 KSP Residual norm 2.257242421056e+05 
225 KSP Residual norm 2.374670459478e+05 
226 KSP Residual norm 2.501816801052e+05 
227 KSP Residual norm 2.639762378646e+05 
228 KSP Residual norm 2.789740535733e+05 
229 KSP Residual norm 2.953162894091e+05 
230 KSP Residual norm 3.131650287634e+05 
231 KSP Residual norm 3.327069862469e+05 
232 KSP Residual norm 3.541579694385e+05 
233 KSP Residual norm 3.777682580424e+05 
234 KSP Residual norm 4.038291027754e+05 
235 KSP Residual norm 4.326805894513e+05 
236 KSP Residual norm 4.647211628682e+05 
237 KSP Residual norm 5.004191580084e+05 
238 KSP Residual norm 5.403267371005e+05 
239 KSP Residual norm 5.850966682756e+05 
240 KSP Residual norm 6.355023813587e+05 
241 KSP Residual norm 6.924616547302e+05 
242 KSP Residual norm 7.570640443782e+05 
243 KSP Residual norm 8.306016213156e+05 
244 KSP Residual norm 9.146014939074e+05 
245 KSP Residual norm 1.010856552017e+06 
246 KSP Residual norm 1.121447230162e+06 
247 KSP Residual norm 1.248740868958e+06 
248 KSP Residual norm 1.395345146728e+06 
249 KSP Residual norm 1.563976709623e+06 
250 KSP Residual norm 1.757185294844e+06 
251 KSP Residual norm 1.976851113677e+06 
252 KSP Residual norm 2.223362960701e+06 
253 KSP Residual norm 2.494419471812e+06 
254 KSP Residual norm 2.783532767541e+06 
255 KSP Residual norm 3.078608215504e+06 
256 KSP Residual norm 3.361389894163e+06 
257 KSP Residual norm 3.608823322257e+06 
258 KSP Residual norm 3.796976997070e+06 
259 KSP Residual norm 3.906795273109e+06 
260 KSP Residual norm 3.929341478040e+06 
261 KSP Residual norm 3.867892564579e+06 
262 KSP Residual norm 3.735955955411e+06 
263 KSP Residual norm 3.552625800539e+06 
264 KSP Residual norm 3.337711196178e+06 
265 KSP Residual norm 3.108360247630e+06 
266 KSP Residual norm 2.877583967732e+06 
267 KSP Residual norm 2.654206622938e+06 
268 KSP Residual norm 2.443554309888e+06 
269 KSP Residual norm 2.248356245648e+06 
270 KSP Residual norm 2.069574135394e+06 
271 KSP Residual norm 1.907054404375e+06 
272 KSP Residual norm 1.759995434696e+06 
273 KSP Residual norm 1.627261193482e+06 
274 KSP Residual norm 1.507580905560e+06 
275 KSP Residual norm 1.399669757916e+06 
276 KSP Residual norm 1.302297403304e+06 
277 KSP Residual norm 1.214323223909e+06 
278 KSP Residual norm 1.134711154909e+06 
279 KSP Residual norm 1.062532422957e+06 
280 KSP Residual norm 9.969615106539e+05 
281 KSP Residual norm 9.372686424529e+05 
282 KSP Residual norm 8.828107840025e+05 
283 KSP Residual norm 8.330223197441e+05 
284 KSP Residual norm 7.874060574519e+05 
285 KSP Residual norm 7.455248920869e+05 
286 KSP Residual norm 7.069942716974e+05 
287 KSP Residual norm 6.714754978194e+05 
288 KSP Residual norm 6.386698316405e+05 
289 KSP Residual norm 6.083133459229e+05 
290 KSP Residual norm 5.801724492822e+05 
291 KSP Residual norm 5.540400063834e+05 
292 KSP Residual norm 5.297319803102e+05 
293 KSP Residual norm 5.070845289833e+05 
294 KSP Residual norm 4.859514943629e+05 
295 KSP Residual norm 4.662022302994e+05 
296 KSP Residual norm 4.477197217623e+05 
297 KSP Residual norm 4.303989545038e+05 
298 KSP Residual norm 4.141454998894e+05 
299 KSP Residual norm 3.988742846270e+05 
300 KSP Residual norm 3.845085194816e+05 
301 KSP Residual norm 3.709787648154e+05 
302 KSP Residual norm 3.582221140220e+05 
303 KSP Residual norm 3.461814786756e+05 
304 KSP Residual norm 3.348049615681e+05 
305 KSP Residual norm 3.240453058067e+05 
306 KSP Residual norm 3.138594098435e+05 
307 KSP Residual norm 3.042078997591e+05 
308 KSP Residual norm 2.950547513467e+05 
309 KSP Residual norm 2.863669555949e+05 
310 KSP Residual norm 2.781142220530e+05 
311 KSP Residual norm 2.702687153285e+05 
312 KSP Residual norm 2.628048206070e+05 
313 KSP Residual norm 2.556989346461e+05 
314 KSP Residual norm 2.489292791632e+05 
315 KSP Residual norm 2.424757339456e+05 
316 KSP Residual norm 2.363196873603e+05 
317 KSP Residual norm 2.304439022385e+05 
318 KSP Residual norm 2.248323953705e+05 
319 KSP Residual norm 2.194703290663e+05 
320 KSP Residual norm 2.143439134322e+05 
321 KSP Residual norm 2.094403181778e+05 
322 KSP Residual norm 2.047475929130e+05 
323 KSP Residual norm 2.002545950203e+05 
324 KSP Residual norm 1.959509242943e+05 
325 KSP Residual norm 1.918268636386e+05 
326 KSP Residual norm 1.878733251887e+05 
327 KSP Residual norm 1.840818013058e+05 
328 KSP Residual norm 1.804443199464e+05 
329 KSP Residual norm 1.769534039706e+05 
330 KSP Residual norm 1.736020339976e+05 
331 KSP Residual norm 1.703836144631e+05 
332 KSP Residual norm 1.672919425686e+05 
333 KSP Residual norm 1.643211798450e+05 
334 KSP Residual norm 1.614658260864e+05 
335 KSP Residual norm 1.587206954295e+05 
336 KSP Residual norm 1.560808943831e+05 
337 KSP Residual norm 1.535418016290e+05 
338 KSP Residual norm 1.510990494335e+05 
339 KSP Residual norm 1.487485065266e+05 
340 KSP Residual norm 1.464862623196e+05 
341 KSP Residual norm 1.443086123427e+05 
342 KSP Residual norm 1.422120447990e+05 
343 KSP Residual norm 1.401932281371e+05 
344 KSP Residual norm 1.382489995586e+05 
345 KSP Residual norm 1.363763543798e+05 
346 KSP Residual norm 1.345724361776e+05 
347 KSP Residual norm 1.328345276555e+05 
348 KSP Residual norm 1.311600421700e+05 
349 KSP Residual norm 1.295465158648e+05 
350 KSP Residual norm 1.279916003640e+05 
351 KSP Residual norm 1.264930559793e+05 
352 KSP Residual norm 1.250487453917e+05 
353 KSP Residual norm 1.236566277700e+05 
354 KSP Residual norm 1.223147532925e+05 
355 KSP Residual norm 1.210212580405e+05 
356 KSP Residual norm 1.197743592358e+05 
357 KSP Residual norm 1.185723507959e+05 
358 KSP Residual norm 1.174135991828e+05 
359 KSP Residual norm 1.162965395235e+05 
360 KSP Residual norm 1.152196719822e+05 
361 KSP Residual norm 1.141815583656e+05 
362 KSP Residual norm 1.131808189440e+05 
363 KSP Residual norm 1.122161294722e+05 
364 KSP Residual norm 1.112862183970e+05 
365 KSP Residual norm 1.103898642355e+05 
366 KSP Residual norm 1.095258931150e+05 
367 KSP Residual norm 1.086931764598e+05 
368 KSP Residual norm 1.078906288166e+05 
369 KSP Residual norm 1.071172058087e+05 
370 KSP Residual norm 1.063719022079e+05 
371 KSP Residual norm 1.056537501188e+05 
372 KSP Residual norm 1.049618172652e+05 
373 KSP Residual norm 1.042952053731e+05 
374 KSP Residual norm 1.036530486427e+05 
375 KSP Residual norm 1.030345123040e+05 
376 KSP Residual norm 1.024387912502e+05 
377 KSP Residual norm 1.018651087429e+05 
378 KSP Residual norm 1.013127151853e+05 
379 KSP Residual norm 1.007808869583e+05 
380 KSP Residual norm 1.002689253158e+05 
381 KSP Residual norm 9.977615533398e+04 
382 KSP Residual norm 9.930192491328e+04 
383 KSP Residual norm 9.884560382741e+04 
384 KSP Residual norm 9.840658281782e+04 
385 KSP Residual norm 9.798427273011e+04 
386 KSP Residual norm 9.757810368986e+04 
387 KSP Residual norm 9.718752431553e+04 
388 KSP Residual norm 9.681200096588e+04 
389 KSP Residual norm 9.645101702005e+04 
390 KSP Residual norm 9.610407218815e+04 
391 KSP Residual norm 9.577068185057e+04 
392 KSP Residual norm 9.545037642443e+04 
393 KSP Residual norm 9.514270075530e+04 
394 KSP Residual norm 9.484721353311e+04 
395 KSP Residual norm 9.456348673057e+04 
396 KSP Residual norm 9.429110506301e+04 
397 KSP Residual norm 9.402966546842e+04 
398 KSP Residual norm 9.377877660667e+04 
399 KSP Residual norm 9.353805837680e+04 
400 KSP Residual norm 9.330714145156e+04 
401 KSP Residual norm 9.308566682840e+04 
402 KSP Residual norm 9.287328539589e+04 
403 KSP Residual norm 9.266965751524e+04 
404 KSP Residual norm 9.247445261582e+04 
405 KSP Residual norm 9.228734880457e+04 
406 KSP Residual norm 9.210803248833e+04 
407 KSP Residual norm 9.193619800891e+04 
408 KSP Residual norm 9.177154729040e+04 
409 KSP Residual norm 9.161378949827e+04 
410 KSP Residual norm 9.146264071008e+04 
411 KSP Residual norm 9.131782359745e+04 
412 KSP Residual norm 9.117906711917e+04 
413 KSP Residual norm 9.104610622517e+04 
414 KSP Residual norm 9.091868157146e+04 
415 KSP Residual norm 9.079653924575e+04 
416 KSP Residual norm 9.067943050398e+04 
417 KSP Residual norm 9.056711151780e+04 
418 KSP Residual norm 9.045934313290e+04 
419 KSP Residual norm 9.035589063877e+04 
420 KSP Residual norm 9.025652354972e+04 
421 KSP Residual norm 9.016101539766e+04 
422 KSP Residual norm 9.006914353688e+04 
423 KSP Residual norm 8.998068896116e+04 
424 KSP Residual norm 8.989543613337e+04 
425 KSP Residual norm 8.981317282811e+04 
426 KSP Residual norm 8.973368998734e+04 
427 KSP Residual norm 8.965678158920e+04 
428 KSP Residual norm 8.958224453003e+04 
429 KSP Residual norm 8.950987851921e+04 
430 KSP Residual norm 8.943948598646e+04 
431 KSP Residual norm 8.937087200070e+04 
432 KSP Residual norm 8.930384419958e+04 
433 KSP Residual norm 8.923821272821e+04 
434 KSP Residual norm 8.917379018568e+04 
435 KSP Residual norm 8.911039157772e+04 
436 KSP Residual norm 8.904783427378e+04 
437 KSP Residual norm 8.898593796728e+04 
438 KSP Residual norm 8.892452463765e+04 
439 KSP Residual norm 8.886341851367e+04 
440 KSP Residual norm 8.880244603775e+04 
441 KSP Residual norm 8.874143583163e+04 
442 KSP Residual norm 8.868021866431e+04 
443 KSP Residual norm 8.861862742332e+04 
444 KSP Residual norm 8.855649709112e+04 
445 KSP Residual norm 8.849366472807e+04 
446 KSP Residual norm 8.842996946374e+04 
447 KSP Residual norm 8.836525249828e+04 
448 KSP Residual norm 8.829935711524e+04 
449 KSP Residual norm 8.823212870707e+04 
450 KSP Residual norm 8.816341481460e+04 
451 KSP Residual norm 8.809306518122e+04 
452 KSP Residual norm 8.802093182245e+04 
453 KSP Residual norm 8.794686911163e+04 
454 KSP Residual norm 8.787073388196e+04 
455 KSP Residual norm 8.779238554527e+04 
456 KSP Residual norm 8.771168622767e+04 
457 KSP Residual norm 8.762850092229e+04 
458 KSP Residual norm 8.754269765911e+04 
459 KSP Residual norm 8.745414769180e+04 
460 KSP Residual norm 8.736272570173e+04 
461 KSP Residual norm 8.726831001880e+04 
462 KSP Residual norm 8.717078285915e+04 
463 KSP Residual norm 8.707003057938e+04 
464 KSP Residual norm 8.696594394714e+04 
465 KSP Residual norm 8.685841842768e+04 
466 KSP Residual norm 8.674735448601e+04 
467 KSP Residual norm 8.663265790428e+04 
468 KSP Residual norm 8.651424011370e+04 
469 KSP Residual norm 8.639201854052e+04 
470 KSP Residual norm 8.626591696527e+04 
471 KSP Residual norm 8.613586589458e+04 
472 KSP Residual norm 8.600180294454e+04 
473 KSP Residual norm 8.586367323472e+04 
474 KSP Residual norm 8.572142979166e+04 
475 KSP Residual norm 8.557503396069e+04 
476 KSP Residual norm 8.542445582462e+04 
477 KSP Residual norm 8.526967462793e+04 
478 KSP Residual norm 8.511067920492e+04 
479 KSP Residual norm 8.494746840993e+04 
480 KSP Residual norm 8.478005154800e+04 
481 KSP Residual norm 8.460844880385e+04 
482 KSP Residual norm 8.443269166721e+04 
483 KSP Residual norm 8.425282335222e+04 
484 KSP Residual norm 8.406889920862e+04 
485 KSP Residual norm 8.388098712224e+04 
486 KSP Residual norm 8.368916790235e+04 
487 KSP Residual norm 8.349353565310e+04 
488 KSP Residual norm 8.329419812639e+04 
489 KSP Residual norm 8.309127705335e+04 
490 KSP Residual norm 8.288490845158e+04 
491 KSP Residual norm 8.267524290513e+04 
492 KSP Residual norm 8.246244581436e+04 
493 KSP Residual norm 8.224669761262e+04 
494 KSP Residual norm 8.202819394674e+04 
495 KSP Residual norm 8.180714581851e+04 
496 KSP Residual norm 8.158377968401e+04 
497 KSP Residual norm 8.135833750809e+04 
498 KSP Residual norm 8.113107677118e+04 
499 KSP Residual norm 8.090227042572e+04 
500 KSP Residual norm 8.067220679985e+04 
501 KSP Residual norm 8.044118944589e+04 
502 KSP Residual norm 8.020953693152e+04 
503 KSP Residual norm 7.997758257191e+04 
504 KSP Residual norm 7.974567410097e+04 
505 KSP Residual norm 7.951417328065e+04 
506 KSP Residual norm 7.928345544710e+04 
507 KSP Residual norm 7.905390899336e+04 
508 KSP Residual norm 7.882593478809e+04 
509 KSP Residual norm 7.859994553088e+04 
510 KSP Residual norm 7.837636504469e+04 
511 KSP Residual norm 7.815562750666e+04 
512 KSP Residual norm 7.793817661908e+04 
513 KSP Residual norm 7.772446472283e+04 
514 KSP Residual norm 7.751495185606e+04 
515 KSP Residual norm 7.731010476171e+04 
516 KSP Residual norm 7.711039584780e+04 
517 KSP Residual norm 7.691630210522e+04 
518 KSP Residual norm 7.672830398841e+04 
519 KSP Residual norm 7.654688426456e+04 
520 KSP Residual norm 7.637252683813e+04 
521 KSP Residual norm 7.620571555756e+04 
522 KSP Residual norm 7.604693301182e+04 
523 KSP Residual norm 7.589665932506e+04 
524 KSP Residual norm 7.575537095776e+04 
525 KSP Residual norm 7.562353952363e+04 
526 KSP Residual norm 7.550163063153e+04 
527 KSP Residual norm 7.539010276204e+04 
528 KSP Residual norm 7.528940618868e+04 
529 KSP Residual norm 7.519998195374e+04 
530 KSP Residual norm 7.512226090879e+04 
531 KSP Residual norm 7.505666282976e+04 
532 KSP Residual norm 7.500359561662e+04 
533 KSP Residual norm 7.496345458704e+04 
534 KSP Residual norm 7.493662187337e+04 
535 KSP Residual norm 7.492346593167e+04 
536 KSP Residual norm 7.492434117095e+04 
537 KSP Residual norm 7.493958771027e+04 
538 KSP Residual norm 7.496953127048e+04 
539 KSP Residual norm 7.501448320662e+04 
540 KSP Residual norm 7.507474068624e+04 
541 KSP Residual norm 7.515058701782e+04 
542 KSP Residual norm 7.524229213256e+04 
543 KSP Residual norm 7.535011322202e+04 
544 KSP Residual norm 7.547429553272e+04 
545 KSP Residual norm 7.561507331816e+04 
546 KSP Residual norm 7.577267094762e+04 
547 KSP Residual norm 7.594730417006e+04 
548 KSP Residual norm 7.613918153059e+04 
549 KSP Residual norm 7.634850593626e+04 
550 KSP Residual norm 7.657547636681e+04 
551 KSP Residual norm 7.682028972557e+04 
552 KSP Residual norm 7.708314282485e+04 
553 KSP Residual norm 7.736423449965e+04 
554 KSP Residual norm 7.766376784303e+04 
555 KSP Residual norm 7.798195255585e+04 
556 KSP Residual norm 7.831900740370e+04 
557 KSP Residual norm 7.867516277290e+04 
558 KSP Residual norm 7.905066331798e+04 
559 KSP Residual norm 7.944577069233e+04 
560 KSP Residual norm 7.986076635405e+04 
561 KSP Residual norm 8.029595443891e+04 
562 KSP Residual norm 8.075166469245e+04 
563 KSP Residual norm 8.122825545332e+04 
564 KSP Residual norm 8.172611668033e+04 
565 KSP Residual norm 8.224567301574e+04 
566 KSP Residual norm 8.278738687787e+04 
567 KSP Residual norm 8.335176157612e+04 
568 KSP Residual norm 8.393934444225e+04 
569 KSP Residual norm 8.455072997195e+04 
570 KSP Residual norm 8.518656297116e+04 
571 KSP Residual norm 8.584754170235e+04 
572 KSP Residual norm 8.653442102616e+04 
573 KSP Residual norm 8.724801553449e+04 
574 KSP Residual norm 8.798920267168e+04 
575 KSP Residual norm 8.875892584080e+04 
576 KSP Residual norm 8.955819749291e+04 
577 KSP Residual norm 9.038810219730e+04 
578 KSP Residual norm 9.124979969172e+04 
579 KSP Residual norm 9.214452791161e+04 
580 KSP Residual norm 9.307360599835e+04 
581 KSP Residual norm 9.403843728671e+04 
582 KSP Residual norm 9.504051227223e+04 
583 KSP Residual norm 9.608141155961e+04 
584 KSP Residual norm 9.716280879389e+04 
585 KSP Residual norm 9.828647357589e+04 
586 KSP Residual norm 9.945427436452e+04 
587 KSP Residual norm 1.006681813679e+05 
588 KSP Residual norm 1.019302694263e+05 
589 KSP Residual norm 1.032427208890e+05 
590 KSP Residual norm 1.046078284883e+05 
591 KSP Residual norm 1.060279982125e+05 
592 KSP Residual norm 1.075057521814e+05 
593 KSP Residual norm 1.090437315245e+05 
594 KSP Residual norm 1.106446992652e+05 
595 KSP Residual norm 1.123115432108e+05 
596 KSP Residual norm 1.140472788482e+05 
597 KSP Residual norm 1.158550522449e+05 
598 KSP Residual norm 1.177381429514e+05 
599 KSP Residual norm 1.196999669028e+05 
600 KSP Residual norm 1.217440793103e+05 
601 KSP Residual norm 1.238741775374e+05 
602 KSP Residual norm 1.260941039456e+05 
603 KSP Residual norm 1.284078486981e+05 
604 KSP Residual norm 1.308195524998e+05 
605 KSP Residual norm 1.333335092521e+05 
606 KSP Residual norm 1.359541685947e+05 
607 KSP Residual norm 1.386861382990e+05 
608 KSP Residual norm 1.415341864751e+05 
609 KSP Residual norm 1.445032435442e+05 
610 KSP Residual norm 1.475984039231e+05 
611 KSP Residual norm 1.508249273579e+05 
612 KSP Residual norm 1.541882398348e+05 
613 KSP Residual norm 1.576939339891e+05 
614 KSP Residual norm 1.613477689198e+05 
615 KSP Residual norm 1.651556693094e+05 
616 KSP Residual norm 1.691237237369e+05 
617 KSP Residual norm 1.732581820612e+05 
618 KSP Residual norm 1.775654517388e+05 
619 KSP Residual norm 1.820520929332e+05 
620 KSP Residual norm 1.867248122577e+05 
621 KSP Residual norm 1.915904549858e+05 
622 KSP Residual norm 1.966559955546e+05 
623 KSP Residual norm 2.019285261767e+05 
624 KSP Residual norm 2.074152433726e+05 
625 KSP Residual norm 2.131234322280e+05 
626 KSP Residual norm 2.190604481830e+05 
627 KSP Residual norm 2.252336961601e+05 
628 KSP Residual norm 2.316506068430e+05 
629 KSP Residual norm 2.383186099301e+05 
630 KSP Residual norm 2.452451042018e+05 
631 KSP Residual norm 2.524374242597e+05 
632 KSP Residual norm 2.599028038269e+05 
633 KSP Residual norm 2.676483355284e+05 
634 KSP Residual norm 2.756809271168e+05 
635 KSP Residual norm 2.840072541533e+05 
636 KSP Residual norm 2.926337092144e+05 
637 KSP Residual norm 3.015663477580e+05 
638 KSP Residual norm 3.108108308535e+05 
639 KSP Residual norm 3.203723650622e+05 
640 KSP Residual norm 3.302556398359e+05 
641 KSP Residual norm 3.404647628934e+05 
642 KSP Residual norm 3.510031941242e+05 
643 KSP Residual norm 3.618736786640e+05 
644 KSP Residual norm 3.730781798738e+05 
645 KSP Residual norm 3.846178130459e+05 
646 KSP Residual norm 3.964927807323e+05 
647 KSP Residual norm 4.087023106647e+05 
648 KSP Residual norm 4.212445972840e+05 
649 KSP Residual norm 4.341167479359e+05 
650 KSP Residual norm 4.473147348017e+05 
651 KSP Residual norm 4.608333536273e+05 
652 KSP Residual norm 4.746661902765e+05 
653 KSP Residual norm 4.888055960765e+05 
654 KSP Residual norm 5.032426728310e+05 
655 KSP Residual norm 5.179672682638e+05 
656 KSP Residual norm 5.329679825097e+05 
657 KSP Residual norm 5.482321861067e+05 
658 KSP Residual norm 5.637460497564e+05 
659 KSP Residual norm 5.794945859176e+05 
660 KSP Residual norm 5.954617020893e+05 
661 KSP Residual norm 6.116302654204e+05 
662 KSP Residual norm 6.279821780727e+05 
663 KSP Residual norm 6.444984625586e+05 
664 KSP Residual norm 6.611593560822e+05 
665 KSP Residual norm 6.779444127482e+05 
666 KSP Residual norm 6.948326123533e+05 
667 KSP Residual norm 7.118024743673e+05 
668 KSP Residual norm 7.288321756253e+05 
669 KSP Residual norm 7.458996702092e+05 
670 KSP Residual norm 7.629828099859e+05 
671 KSP Residual norm 7.800594642917e+05 
672 KSP Residual norm 7.971076373130e+05 
673 KSP Residual norm 8.141055817939e+05 
674 KSP Residual norm 8.310319078204e+05 
675 KSP Residual norm 8.478656855591e+05 
676 KSP Residual norm 8.645865409821e+05 
677 KSP Residual norm 8.811747437710e+05 
678 KSP Residual norm 8.976112867598e+05 
679 KSP Residual norm 9.138779564492e+05 
680 KSP Residual norm 9.299573942888e+05 
681 KSP Residual norm 9.458331485868e+05 
682 KSP Residual norm 9.614897170540e+05 
683 KSP Residual norm 9.769125801268e+05 
684 KSP Residual norm 9.920882253387e+05 
685 KSP Residual norm 1.007004163109e+06 
686 KSP Residual norm 1.021648934413e+06 
687 KSP Residual norm 1.036012110867e+06 
688 KSP Residual norm 1.050084287810e+06 
689 KSP Residual norm 1.063857071017e+06 
690 KSP Residual norm 1.077323057682e+06 
691 KSP Residual norm 1.090475812346e+06 
692 KSP Residual norm 1.103309838407e+06 
693 KSP Residual norm 1.115820545876e+06 
694 KSP Residual norm 1.128004215992e+06 
695 KSP Residual norm 1.139857963293e+06 
696 KSP Residual norm 1.151379695705e+06 
697 KSP Residual norm 1.162568073171e+06 
698 KSP Residual norm 1.173422465293e+06 
699 KSP Residual norm 1.183942908447e+06 
700 KSP Residual norm 1.194130062729e+06 
701 KSP Residual norm 1.203985169119e+06 
702 KSP Residual norm 1.213510007147e+06 
703 KSP Residual norm 1.222706853333e+06 
704 KSP Residual norm 1.231578440629e+06 
705 KSP Residual norm 1.240127919060e+06 
706 KSP Residual norm 1.248358817700e+06 
707 KSP Residual norm 1.256275008136e+06 
708 KSP Residual norm 1.263880669488e+06 
709 KSP Residual norm 1.271180255071e+06 
710 KSP Residual norm 1.278178460741e+06 
711 KSP Residual norm 1.284880194953e+06 
712 KSP Residual norm 1.291290550534e+06 
713 KSP Residual norm 1.297414778168e+06 
714 KSP Residual norm 1.303258261571e+06 
715 KSP Residual norm 1.308826494325e+06 
716 KSP Residual norm 1.314125058327e+06 
717 KSP Residual norm 1.319159603807e+06 
718 KSP Residual norm 1.323935830860e+06 
719 KSP Residual norm 1.328459472428e+06 
720 KSP Residual norm 1.332736278677e+06 
721 KSP Residual norm 1.336772002699e+06 
722 KSP Residual norm 1.340572387470e+06 
723 KSP Residual norm 1.344143154002e+06 
724 KSP Residual norm 1.347489990620e+06 
725 KSP Residual norm 1.350618543297e+06 
726 KSP Residual norm 1.353534406983e+06 
727 KSP Residual norm 1.356243117857e+06 
728 KSP Residual norm 1.358750146460e+06 
729 KSP Residual norm 1.361060891619e+06 
730 KSP Residual norm 1.363180675138e+06 
731 KSP Residual norm 1.365114737169e+06 
732 KSP Residual norm 1.366868232240e+06 
733 KSP Residual norm 1.368446225863e+06 
734 KSP Residual norm 1.369853691699e+06 
735 KSP Residual norm 1.371095509220e+06 
736 KSP Residual norm 1.372176461825e+06 
737 KSP Residual norm 1.373101235382e+06 
738 KSP Residual norm 1.373874417154e+06 
739 KSP Residual norm 1.374500495063e+06 
740 KSP Residual norm 1.374983857281e+06 
741 KSP Residual norm 1.375328792096e+06 
742 KSP Residual norm 1.375539488043e+06 
743 KSP Residual norm 1.375620034259e+06 
744 KSP Residual norm 1.375574421048e+06 
745 KSP Residual norm 1.375406540631e+06 
746 KSP Residual norm 1.375120188059e+06 
747 KSP Residual norm 1.374719062267e+06 
748 KSP Residual norm 1.374206767259e+06 
749 KSP Residual norm 1.373586813403e+06 
750 KSP Residual norm 1.372862618821e+06 
751 KSP Residual norm 1.372037510864e+06 
752 KSP Residual norm 1.371114727650e+06 
753 KSP Residual norm 1.370097419670e+06 
754 KSP Residual norm 1.368988651438e+06 
755 KSP Residual norm 1.367791403181e+06 
756 KSP Residual norm 1.366508572555e+06 
757 KSP Residual norm 1.365142976394e+06 
758 KSP Residual norm 1.363697352465e+06 
759 KSP Residual norm 1.362174361241e+06 
760 KSP Residual norm 1.360576587669e+06 
761 KSP Residual norm 1.358906542948e+06 
762 KSP Residual norm 1.357166666292e+06 
763 KSP Residual norm 1.355359326691e+06 
764 KSP Residual norm 1.353486824654e+06 
765 KSP Residual norm 1.351551393935e+06 
766 KSP Residual norm 1.349555203251e+06 
767 KSP Residual norm 1.347500357962e+06 
768 KSP Residual norm 1.345388901741e+06 
769 KSP Residual norm 1.343222818215e+06 
770 KSP Residual norm 1.341004032576e+06 
771 KSP Residual norm 1.338734413169e+06 
772 KSP Residual norm 1.336415773045e+06 
773 KSP Residual norm 1.334049871495e+06 
774 KSP Residual norm 1.331638415535e+06 
775 KSP Residual norm 1.329183061382e+06 
776 KSP Residual norm 1.326685415878e+06 
777 KSP Residual norm 1.324147037898e+06 
778 KSP Residual norm 1.321569439714e+06 
779 KSP Residual norm 1.318954088334e+06 
780 KSP Residual norm 1.316302406808e+06 
781 KSP Residual norm 1.313615775498e+06 
782 KSP Residual norm 1.310895533320e+06 
783 KSP Residual norm 1.308142978955e+06 
784 KSP Residual norm 1.305359372025e+06 
785 KSP Residual norm 1.302545934239e+06 
786 KSP Residual norm 1.299703850515e+06 
787 KSP Residual norm 1.296834270061e+06 
788 KSP Residual norm 1.293938307434e+06 
789 KSP Residual norm 1.291017043571e+06 
790 KSP Residual norm 1.288071526784e+06 
791 KSP Residual norm 1.285102773733e+06 
792 KSP Residual norm 1.282111770373e+06 
793 KSP Residual norm 1.279099472865e+06 
794 KSP Residual norm 1.276066808474e+06 
795 KSP Residual norm 1.273014676430e+06 
796 KSP Residual norm 1.269943948768e+06 
797 KSP Residual norm 1.266855471145e+06 
798 KSP Residual norm 1.263750063632e+06 
799 KSP Residual norm 1.260628521481e+06 
800 KSP Residual norm 1.257491615872e+06 
801 KSP Residual norm 1.254340094635e+06 
802 KSP Residual norm 1.251174682952e+06 
803 KSP Residual norm 1.247996084040e+06 
804 KSP Residual norm 1.244804979809e+06 
805 KSP Residual norm 1.241602031504e+06 
806 KSP Residual norm 1.238387880325e+06 
807 KSP Residual norm 1.235163148030e+06 
808 KSP Residual norm 1.231928437520e+06 
809 KSP Residual norm 1.228684333406e+06 
810 KSP Residual norm 1.225431402555e+06 
811 KSP Residual norm 1.222170194625e+06 
812 KSP Residual norm 1.218901242581e+06 
813 KSP Residual norm 1.215625063196e+06 
814 KSP Residual norm 1.212342157533e+06 
815 KSP Residual norm 1.209053011421e+06 
816 KSP Residual norm 1.205758095905e+06 
817 KSP Residual norm 1.202457867692e+06 
818 KSP Residual norm 1.199152769577e+06 
819 KSP Residual norm 1.195843230860e+06 
820 KSP Residual norm 1.192529667748e+06 
821 KSP Residual norm 1.189212483744e+06 
822 KSP Residual norm 1.185892070027e+06 
823 KSP Residual norm 1.182568805819e+06 
824 KSP Residual norm 1.179243058736e+06 
825 KSP Residual norm 1.175915185138e+06 
826 KSP Residual norm 1.172585530462e+06 
827 KSP Residual norm 1.169254429541e+06 
828 KSP Residual norm 1.165922206922e+06 
829 KSP Residual norm 1.162589177172e+06 
830 KSP Residual norm 1.159255645167e+06 
831 KSP Residual norm 1.155921906382e+06 
832 KSP Residual norm 1.152588247167e+06 
833 KSP Residual norm 1.149254945018e+06 
834 KSP Residual norm 1.145922268831e+06 
835 KSP Residual norm 1.142590479162e+06 
836 KSP Residual norm 1.139259828469e+06 
837 KSP Residual norm 1.135930561347e+06 
838 KSP Residual norm 1.132602914763e+06 
839 KSP Residual norm 1.129277118273e+06 
840 KSP Residual norm 1.125953394245e+06 
841 KSP Residual norm 1.122631958065e+06 
842 KSP Residual norm 1.119313018341e+06 
843 KSP Residual norm 1.115996777102e+06 
844 KSP Residual norm 1.112683429988e+06 
845 KSP Residual norm 1.109373166435e+06 
846 KSP Residual norm 1.106066169857e+06 
847 KSP Residual norm 1.102762617821e+06 
848 KSP Residual norm 1.099462682213e+06 
849 KSP Residual norm 1.096166529407e+06 
850 KSP Residual norm 1.092874320420e+06 
851 KSP Residual norm 1.089586211072e+06 
852 KSP Residual norm 1.086302352129e+06 
853 KSP Residual norm 1.083022889457e+06 
854 KSP Residual norm 1.079747964155e+06 
855 KSP Residual norm 1.076477712698e+06 
856 KSP Residual norm 1.073212267069e+06 
857 KSP Residual norm 1.069951754885e+06 
858 KSP Residual norm 1.066696299526e+06 
859 KSP Residual norm 1.063446020255e+06 
860 KSP Residual norm 1.060201032335e+06 
861 KSP Residual norm 1.056961447147e+06 
862 KSP Residual norm 1.053727372296e+06 
863 KSP Residual norm 1.050498911723e+06 
864 KSP Residual norm 1.047276165809e+06 
865 KSP Residual norm 1.044059231475e+06 
866 KSP Residual norm 1.040848202284e+06 
867 KSP Residual norm 1.037643168533e+06 
868 KSP Residual norm 1.034444217349e+06 
869 KSP Residual norm 1.031251432777e+06 
870 KSP Residual norm 1.028064895871e+06 
871 KSP Residual norm 1.024884684775e+06 
872 KSP Residual norm 1.021710874809e+06 
873 KSP Residual norm 1.018543538551e+06 
874 KSP Residual norm 1.015382745907e+06 
875 KSP Residual norm 1.012228564198e+06 
876 KSP Residual norm 1.009081058225e+06 
877 KSP Residual norm 1.005940290343e+06 
878 KSP Residual norm 1.002806320533e+06 
879 KSP Residual norm 9.996792064655e+05 
880 KSP Residual norm 9.965590035702e+05 
881 KSP Residual norm 9.934457650962e+05 
882 KSP Residual norm 9.903395421759e+05 
883 KSP Residual norm 9.872403838845e+05 
884 KSP Residual norm 9.841483372987e+05 
885 KSP Residual norm 9.810634475532e+05 
886 KSP Residual norm 9.779857578965e+05 
887 KSP Residual norm 9.749153097439e+05 
888 KSP Residual norm 9.718521427300e+05 
889 KSP Residual norm 9.687962947593e+05 
890 KSP Residual norm 9.657478020557e+05 
891 KSP Residual norm 9.627066992099e+05 
892 KSP Residual norm 9.596730192263e+05 
893 KSP Residual norm 9.566467935684e+05 
894 KSP Residual norm 9.536280522023e+05 
895 KSP Residual norm 9.506168236400e+05 
896 KSP Residual norm 9.476131349807e+05 
897 KSP Residual norm 9.446170119512e+05 
898 KSP Residual norm 9.416284789454e+05 
899 KSP Residual norm 9.386475590625e+05 
900 KSP Residual norm 9.356742741440e+05 
901 KSP Residual norm 9.327086448102e+05 
902 KSP Residual norm 9.297506904950e+05 
903 KSP Residual norm 9.268004294804e+05 
904 KSP Residual norm 9.238578789295e+05 
905 KSP Residual norm 9.209230549191e+05 
906 KSP Residual norm 9.179959724711e+05 
907 KSP Residual norm 9.150766455831e+05 
908 KSP Residual norm 9.121650872580e+05 
909 KSP Residual norm 9.092613095334e+05 
910 KSP Residual norm 9.063653235094e+05 
911 KSP Residual norm 9.034771393761e+05 
912 KSP Residual norm 9.005967664407e+05 
913 KSP Residual norm 8.977242131527e+05 
914 KSP Residual norm 8.948594871298e+05 
915 KSP Residual norm 8.920025951823e+05 
916 KSP Residual norm 8.891535433370e+05 
917 KSP Residual norm 8.863123368605e+05 
918 KSP Residual norm 8.834789802816e+05 
919 KSP Residual norm 8.806534774139e+05 
920 KSP Residual norm 8.778358313768e+05 
921 KSP Residual norm 8.750260446165e+05 
922 KSP Residual norm 8.722241189267e+05 
923 KSP Residual norm 8.694300554676e+05 
924 KSP Residual norm 8.666438547861e+05 
925 KSP Residual norm 8.638655168337e+05 
926 KSP Residual norm 8.610950409853e+05 
927 KSP Residual norm 8.583324260571e+05 
928 KSP Residual norm 8.555776703232e+05 
929 KSP Residual norm 8.528307715331e+05 
930 KSP Residual norm 8.500917269280e+05 
931 KSP Residual norm 8.473605332564e+05 
932 KSP Residual norm 8.446371867901e+05 
933 KSP Residual norm 8.419216833392e+05 
934 KSP Residual norm 8.392140182666e+05 
935 KSP Residual norm 8.365141865028e+05 
936 KSP Residual norm 8.338221825595e+05 
937 KSP Residual norm 8.311380005434e+05 
938 KSP Residual norm 8.284616341696e+05 
939 KSP Residual norm 8.257930767742e+05 
940 KSP Residual norm 8.231323213270e+05 
941 KSP Residual norm 8.204793604440e+05 
942 KSP Residual norm 8.178341863989e+05 
943 KSP Residual norm 8.151967911353e+05 
944 KSP Residual norm 8.125671662773e+05 
945 KSP Residual norm 8.099453031413e+05 
946 KSP Residual norm 8.073311927461e+05 
947 KSP Residual norm 8.047248258239e+05 
948 KSP Residual norm 8.021261928300e+05 
949 KSP Residual norm 7.995352839532e+05 
950 KSP Residual norm 7.969520891252e+05 
951 KSP Residual norm 7.943765980300e+05 
952 KSP Residual norm 7.918088001135e+05 
953 KSP Residual norm 7.892486845919e+05 
954 KSP Residual norm 7.866962404608e+05 
955 KSP Residual norm 7.841514565036e+05 
956 KSP Residual norm 7.816143212998e+05 
957 KSP Residual norm 7.790848232329e+05 
958 KSP Residual norm 7.765629504986e+05 
959 KSP Residual norm 7.740486911122e+05 
960 KSP Residual norm 7.715420329164e+05 
961 KSP Residual norm 7.690429635880e+05 
962 KSP Residual norm 7.665514706456e+05 
963 KSP Residual norm 7.640675414562e+05 
964 KSP Residual norm 7.615911632421e+05 
965 KSP Residual norm 7.591223230872e+05 
966 KSP Residual norm 7.566610079437e+05 
967 KSP Residual norm 7.542072046384e+05 
968 KSP Residual norm 7.517608998784e+05 
969 KSP Residual norm 7.493220802573e+05 
970 KSP Residual norm 7.468907322611e+05 
971 KSP Residual norm 7.444668422735e+05 
972 KSP Residual norm 7.420503965817e+05 
973 KSP Residual norm 7.396413813816e+05 
974 KSP Residual norm 7.372397827830e+05 
975 KSP Residual norm 7.348455868150e+05 
976 KSP Residual norm 7.324587794304e+05 
977 KSP Residual norm 7.300793465111e+05 
978 KSP Residual norm 7.277072738724e+05 
979 KSP Residual norm 7.253425472680e+05 
980 KSP Residual norm 7.229851523940e+05 
981 KSP Residual norm 7.206350748939e+05 
982 KSP Residual norm 7.182923003622e+05 
983 KSP Residual norm 7.159568143491e+05 
984 KSP Residual norm 7.136286023641e+05 
985 KSP Residual norm 7.113076498804e+05 
986 KSP Residual norm 7.089939423384e+05 
987 KSP Residual norm 7.066874651498e+05 
988 KSP Residual norm 7.043882037008e+05 
989 KSP Residual norm 7.020961433562e+05 
990 KSP Residual norm 6.998112694625e+05 
991 KSP Residual norm 6.975335673514e+05 
992 KSP Residual norm 6.952630223434e+05 
993 KSP Residual norm 6.929996197506e+05 
994 KSP Residual norm 6.907433448800e+05 
995 KSP Residual norm 6.884941830369e+05 
996 KSP Residual norm 6.862521195273e+05 
997 KSP Residual norm 6.840171396615e+05 
998 KSP Residual norm 6.817892287564e+05 
999 KSP Residual norm 6.795683721387e+05 
1000 KSP Residual norm 6.773545551471e+05 
KSP Object: 1 MPI process
  type: bicg
  maximum iterations=1000, initial guess is zero
  tolerances:  relative=1e-12, absolute=1e-50, divergence=10000.
  left preconditioning
  using PRECONDITIONED norm type for convergence test
PC Object: 1 MPI process
  type: none
  linear system matrix = precond matrix:
  Mat Object: 1 MPI process
    type: shell
    rows=25165824, cols=25165824
****************************************************************************************************************************************************************
***                                WIDEN YOUR WINDOW TO 160 CHARACTERS.  Use 'enscript -r -fCourier9' to print this document                                 ***
****************************************************************************************************************************************************************

------------------------------------------------------------------ PETSc Performance Summary: ------------------------------------------------------------------

../ex7 on a arch-aocc-complex-opt named Rylanor with 1 processor, by rylanor Mon Aug 21 18:36:53 2023
Using Petsc Development GIT revision: v3.18.5-1026-ge8fa45ae6b7  GIT Date: 2023-07-24 10:25:21 -0400

                         Max       Max/Min     Avg       Total
Time (sec):           2.633e+03     1.000   2.633e+03
Objects:              1.082e+03     1.000   1.082e+03
Flops:                1.168e+13     1.000   1.168e+13  1.168e+13
Flops/sec:            4.435e+09     1.000   4.435e+09  4.435e+09
Memory (bytes):       5.889e+09     1.000   5.889e+09  5.889e+09
MPI Msg Count:        0.000e+00     0.000   0.000e+00  0.000e+00
MPI Msg Len (bytes):  1.000e+01     1.000   0.000e+00  1.000e+01
MPI Reductions:       5.000e+00     1.000

Flop counting convention: 1 flop = 1 real number operation of type (multiply/divide/add/subtract)
                            e.g., VecAXPY() for real vectors of length N --> 2N flops
                            and VecAXPY() for complex vectors of length N --> 8N flops

Summary of Stages:   ----- Time ------  ----- Flop ------  --- Messages ---  -- Message Lengths --  -- Reductions --
                        Avg     %Total     Avg     %Total    Count   %Total     Avg         %Total    Count   %Total
 0:      Main Stage: 2.6330e+03 100.0%  1.1677e+13 100.0%  0.000e+00   0.0%  0.000e+00      100.0%  5.000e+00 100.0%

------------------------------------------------------------------------------------------------------------------------
See the 'Profiling' chapter of the users' manual for details on interpreting output.
Phase summary info:
   Count: number of times phase was executed
   Time and Flop: Max - maximum over all processors
                  Ratio - ratio of maximum to minimum over all processors
   Mess: number of messages sent
   AvgLen: average message length (bytes)
   Reduct: number of global reductions
   Global: entire computation
   Stage: stages of a computation. Set stages with PetscLogStagePush() and PetscLogStagePop().
      %T - percent time in this phase         %F - percent flop in this phase
      %M - percent messages in this phase     %L - percent message lengths in this phase
      %R - percent reductions in this phase
   Total Mflop/s: 10e-6 * (sum of flop over all processors)/(max time over all processors)
------------------------------------------------------------------------------------------------------------------------
Event                Count      Time (sec)     Flop                              --- Global ---  --- Stage ----  Total
                   Max Ratio  Max     Ratio   Max  Ratio  Mess   AvgLen  Reduct  %T %F %M %L %R  %T %F %M %L %R Mflop/s
------------------------------------------------------------------------------------------------------------------------

--- Event Stage 0: Main Stage

PetscBarrier        1000 1.0 1.2090e+03 1.0 5.03e+12 1.0 0.0e+00 0.0e+00 0.0e+00 46 43  0  0  0  46 43  0  0  0  4163
DMPlexStratify         1 1.0 6.6276e-02 1.0 0.00e+00 0.0 0.0e+00 0.0e+00 0.0e+00  0  0  0  0  0   0  0  0  0  0     0
SFSetGraph             1 1.0 7.3000e-07 1.0 0.00e+00 0.0 0.0e+00 0.0e+00 0.0e+00  0  0  0  0  0   0  0  0  0  0     0
MatMult             1000 1.0 1.1595e+03 1.0 5.03e+12 1.0 0.0e+00 0.0e+00 0.0e+00 44 43  0  0  0  44 43  0  0  0  4341
MatMultTranspose    1000 1.0 1.1334e+03 1.0 5.03e+12 1.0 0.0e+00 0.0e+00 0.0e+00 43 43  0  0  0  43 43  0  0  0  4441
MatView                1 1.0 7.9300e-06 1.0 0.00e+00 0.0 0.0e+00 0.0e+00 0.0e+00  0  0  0  0  0   0  0  0  0  0     0
VecDot              2000 1.0 3.5606e+01 1.0 4.03e+11 1.0 0.0e+00 0.0e+00 0.0e+00  1  3  0  0  0   1  3  0  0  0 11309
VecNorm             1001 1.0 8.7281e+00 1.0 2.02e+11 1.0 0.0e+00 0.0e+00 0.0e+00  0  2  0  0  0   0  2  0  0  0 23089
VecCopy             3006 1.0 6.1352e+01 1.0 0.00e+00 0.0 0.0e+00 0.0e+00 0.0e+00  2  0  0  0  0   2  0  0  0  0     0
VecSet                 1 1.0 5.2855e-03 1.0 0.00e+00 0.0 0.0e+00 0.0e+00 0.0e+00  0  0  0  0  0   0  0  0  0  0     0
VecAXPY             3000 1.0 7.7260e+01 1.0 6.04e+11 1.0 0.0e+00 0.0e+00 0.0e+00  3  5  0  0  0   3  5  0  0  0  7818
VecAYPX             1998 1.0 5.1436e+01 1.0 4.02e+11 1.0 0.0e+00 0.0e+00 0.0e+00  2  3  0  0  0   2  3  0  0  0  7820
VecSetRandom           1 1.0 2.0777e-01 1.0 0.00e+00 0.0 0.0e+00 0.0e+00 0.0e+00  0  0  0  0  0   0  0  0  0  0     0
KSPSetUp               1 1.0 3.3283e-01 1.0 0.00e+00 0.0 0.0e+00 0.0e+00 0.0e+00  0  0  0  0  0   0  0  0  0  0     0
KSPSolve               1 1.0 2.6281e+03 1.0 1.17e+13 1.0 0.0e+00 0.0e+00 0.0e+00 100 100  0  0  0 100 100  0  0  0  4443
PCSetUp                1 1.0 3.3000e-07 1.0 0.00e+00 0.0 0.0e+00 0.0e+00 0.0e+00  0  0  0  0  0   0  0  0  0  0     0
PCApply             2002 1.0 4.2306e+01 1.0 0.00e+00 0.0 0.0e+00 0.0e+00 0.0e+00  2  0  0  0  0   2  0  0  0  0     0

--- Event Stage 1: Unknown

------------------------------------------------------------------------------------------------------------------------

Object Type          Creations   Destructions. Reports information only for process 0.

--- Event Stage 0: Main Stage

           Container     4              4
    Distributed Mesh     4              4
            DM Label    12             12
           Index Set    16             16
             Section     7              7
   Star Forest Graph     8              8
     Discrete System     6              6
           Weak Form     6              6
    GraphPartitioner     1              1
              Matrix     2              2
              Vector  1011           1011
              Viewer     2              1
         PetscRandom     1              1
       Krylov Solver     1              1
      Preconditioner     1              1

--- Event Stage 1: Unknown

========================================================================================================================
Average time to get PetscTime(): 1.8e-08
#PETSc Option Table entries:
--grid 16.16.16.32 # (source: command line)
-dm_plex_box_faces 16,16,16,16,32 # (source: command line)
-dm_plex_dim 5 # (source: command line)
-dm_plex_shape hypercubic # (source: command line)
-dm_view # (source: command line)
-grid_file /home/rylanor/tools/petsc/ckpoint_lat.4000 # (source: command line)
-grid_load_type 3 # (source: command line)
-ksp_atol 1e-50 # (source: command line)
-ksp_max_it 1000 # (source: command line)
-ksp_monitor # (source: command line)
-ksp_rtol 1e-12 # (source: command line)
-ksp_type bicg # (source: command line)
-ksp_view # (source: command line)
-log_view # (source: command line)
-pc_type none # (source: command line)
-run_domain_wall 1 # (source: command line)
-sol_view # (source: command line)
#End of PETSc Option Table entries
Compiled without FORTRAN kernels
Compiled with full precision matrices (default)
sizeof(short) 2 sizeof(int) 4 sizeof(long) 8 sizeof(void*) 8 sizeof(PetscScalar) 16 sizeof(PetscInt) 4
Configure options: --CC=clang --CXX=clang++ --download-blis --download-ctetgen --download-f2cblaslapack --download-hdf5 --download-ks --download-mpich --download-triangle --with-debugging=0 --with-fc=0 CFLAGS="-march=znver4 -Ofast -finline-aggressive -fopenmp" CXXFLAGS="-march=znver4 -Ofast -finline-aggressive -fopenmp" --PETSC_ARCH=arch-aocc-complex-opt --with-scalar-type=complex --download-grid --download-ssl --download-gmp --download-fftw --download-fftw-3 --download-mpfr --download-eigen -download-zlib
-----------------------------------------
Libraries compiled on 2023-08-07 03:35:19 on Rylanor 
Machine characteristics: Linux-5.15.90.1-microsoft-standard-WSL2-x86_64-with-glibc2.35
Using PETSc directory: /home/rylanor/tools/petsc
Using PETSc arch: arch-aocc-complex-opt
-----------------------------------------

Using C compiler: /home/rylanor/tools/petsc/arch-aocc-complex-opt/bin/mpicc -march=znver4 -Ofast -finline-aggressive -fopenmp  
-----------------------------------------

Using include paths: -I/home/rylanor/tools/petsc/include -I/home/rylanor/tools/petsc/arch-aocc-complex-opt/include -I/home/rylanor/tools/petsc/arch-aocc-complex-opt/include/Grid -I/home/rylanor/tools/petsc/arch-aocc-complex-opt/include/eigen3
-----------------------------------------

Using C linker: /home/rylanor/tools/petsc/arch-aocc-complex-opt/bin/mpicc
Using libraries: -Wl,-rpath,/home/rylanor/tools/petsc/arch-aocc-complex-opt/lib -L/home/rylanor/tools/petsc/arch-aocc-complex-opt/lib -lpetsc -Wl,-rpath,/home/rylanor/tools/petsc/arch-aocc-complex-opt/lib -L/home/rylanor/tools/petsc/arch-aocc-complex-opt/lib -lGrid -lfftw3f_mpi -lfftw3f -lfftw3_mpi -lfftw3 -lf2clapack -lf2cblas -lblis -lhdf5_hl -lhdf5 -lks -ltriangle -lm -lz -lctetgen -lmpfr -lgmp -lssl -lcrypto -lX11 -lstdc++
-----------------------------------------

