  0 KSP Residual norm 29.7322 
  1 KSP Residual norm 26.5568 
  2 KSP Residual norm 21.3287 
  3 KSP Residual norm 20.6772 
  4 KSP Residual norm 19.8791 
  5 KSP Residual norm 19.5558 
  6 KSP Residual norm 19.4598 
  7 KSP Residual norm 16.8351 
  8 KSP Residual norm 14.2747 
  9 KSP Residual norm 13.9563 
 10 KSP Residual norm 10.8077 
 11 KSP Residual norm 5.80389 
 12 KSP Residual norm 5.78599 
 13 KSP Residual norm 4.06126 
 14 KSP Residual norm 3.52795 
 15 KSP Residual norm 3.13418 
 16 KSP Residual norm 1.3926 
 17 KSP Residual norm 1.24944 
 18 KSP Residual norm 0.976439 
 19 KSP Residual norm 0.757346 
 20 KSP Residual norm 0.673119 
 21 KSP Residual norm 0.458295 
 22 KSP Residual norm 0.350046 
 23 KSP Residual norm 0.334964 
 24 KSP Residual norm 0.289828 
 25 KSP Residual norm 0.161741 
 26 KSP Residual norm 0.15477 
 27 KSP Residual norm 0.124282 
 28 KSP Residual norm 0.0808965 
 29 KSP Residual norm 0.0803356 
 30 KSP Residual norm 0.0556225 
 31 KSP Residual norm 0.0553 
 32 KSP Residual norm 0.0552832 
 33 KSP Residual norm 0.0533734 
 34 KSP Residual norm 0.0514648 
 35 KSP Residual norm 0.0506371 
 36 KSP Residual norm 0.0457539 
 37 KSP Residual norm 0.035883 
 38 KSP Residual norm 0.0353566 
 39 KSP Residual norm 0.0326352 
Linear solve converged due to CONVERGED_RTOL iterations 39
Error (abs): 0.538837
Error (rel): 0.0295465
