  0 KSP Residual norm 2.191833563229e-02 
    Residual norms for fieldsplit_face_ solve.
    0 KSP Residual norm 5.505093481424e+01 
    1 KSP Residual norm 5.104543276500e-01 
    2 KSP Residual norm 1.319825838899e-02 
    3 KSP Residual norm 2.003797430339e-04 
  1 KSP Residual norm 3.649617171888e-03 
    Residual norms for fieldsplit_face_ solve.
    0 KSP Residual norm 4.470437305380e+02 
    1 KSP Residual norm 8.381365771669e+00 
    2 KSP Residual norm 7.829818220449e-02 
    3 KSP Residual norm 1.146431665624e-03 
  2 KSP Residual norm 1.228774239732e-03 
    Residual norms for fieldsplit_face_ solve.
    0 KSP Residual norm 1.625355147235e+02 
    1 KSP Residual norm 8.613077012858e+00 
    2 KSP Residual norm 7.214514386278e-02 
    3 KSP Residual norm 1.160369660992e-03 
  3 KSP Residual norm 7.064877217779e-04 
    Residual norms for fieldsplit_face_ solve.
    0 KSP Residual norm 1.554393927911e+02 
    1 KSP Residual norm 7.917693653245e+00 
    2 KSP Residual norm 1.397484160508e-01 
    3 KSP Residual norm 1.354782711112e-03 
  4 KSP Residual norm 2.348794067736e-04 
    Residual norms for fieldsplit_face_ solve.
    0 KSP Residual norm 9.168016659424e+01 
    1 KSP Residual norm 5.308154265551e+00 
    2 KSP Residual norm 1.216601067595e-01 
    3 KSP Residual norm 2.705263080335e-03 
    4 KSP Residual norm 8.142947608040e-05 
  5 KSP Residual norm 9.280808505079e-05 
    Residual norms for fieldsplit_face_ solve.
    0 KSP Residual norm 1.065749048008e+02 
    1 KSP Residual norm 2.808974158547e+00 
    2 KSP Residual norm 1.012389954243e-01 
    3 KSP Residual norm 7.690766617176e-03 
    4 KSP Residual norm 9.235735172391e-05 
  6 KSP Residual norm 2.791396340791e-05 
    Residual norms for fieldsplit_face_ solve.
    0 KSP Residual norm 6.137449875582e+01 
    1 KSP Residual norm 1.768686305196e+00 
    2 KSP Residual norm 7.823504533865e-02 
    3 KSP Residual norm 3.760867126532e-03 
    4 KSP Residual norm 6.436821289145e-05 
  7 KSP Residual norm 9.804396281579e-06 
    Residual norms for fieldsplit_face_ solve.
    0 KSP Residual norm 7.429239119124e+01 
    1 KSP Residual norm 2.184274108561e+00 
    2 KSP Residual norm 5.724718148287e-02 
    3 KSP Residual norm 2.559957663935e-03 
    4 KSP Residual norm 8.503694598173e-05 
  8 KSP Residual norm 2.604563643880e-06 
    Residual norms for fieldsplit_face_ solve.
    0 KSP Residual norm 5.831737757865e+01 
    1 KSP Residual norm 2.284289750982e+00 
    2 KSP Residual norm 4.902550295288e-02 
    3 KSP Residual norm 2.476865285602e-03 
    4 KSP Residual norm 8.333571157015e-05 
  9 KSP Residual norm 9.908101696509e-07 
    Residual norms for fieldsplit_face_ solve.
    0 KSP Residual norm 7.070327255478e+01 
    1 KSP Residual norm 1.099209813409e+00 
    2 KSP Residual norm 4.319486666210e-02 
    3 KSP Residual norm 1.700440152906e-03 
    4 KSP Residual norm 4.458157898322e-05 
 10 KSP Residual norm 3.600746650178e-07 
    Residual norms for fieldsplit_face_ solve.
    0 KSP Residual norm 7.218578515230e+01 
    1 KSP Residual norm 2.376590143953e+00 
    2 KSP Residual norm 6.004468957328e-02 
    3 KSP Residual norm 2.320332335225e-03 
    4 KSP Residual norm 7.869859634581e-05 
 11 KSP Residual norm 1.105591918176e-07 
Linear solve converged due to CONVERGED_RTOL iterations 11
