[0] ProcessOptions(): num_species set to number of thermal temps provided (3)
masses:        e= 9.109e-31; ions in proton mass units:    2.000e+00  4.000e+01 ...
charges:       e=-1.602e-19; charges in elementary units:  1.000e+00  1.800e+01
thermal T (K): e= 5.802e+07 i= 5.802e+07 imp= 5.802e+04. v_0= 2.965e+07 n_0= 1.000e+20 t_0= 6.469e-05 domain= 5.000e+00
  0) species-0: charge density= -1.6024250714143e+01 z-momentum=  1.0487119395899e-19 energy=  1.2018267949397e+05
  0) species-1: charge density=  1.6021676653316e+01 z-momentum=  2.2745510477124e-17 energy=  1.2017223215117e+05
  0) species-2: charge density=  2.8838441139703e-03 z-momentum=  2.4792085241974e-23 energy=  1.2016171469691e-03
	  0) Total: charge density=  3.0978328704011e-04, momentum=  2.2850406463168e-17, energy=  2.4035491284676e+05 (m_i[0]/m_e = 3670.94, 116 cells), 1 sub threads
[0] DMGetDMSNES(): Creating new DMSNES
[0] DMGetDMTS(): Creating new DMTS
[0] DMGetDMSNESWrite(): Copying DMSNES due to write
0 TS dt 1e-06 time 0.
[0] DMGetDMKSP(): Creating new DMKSP
    0 SNES Function norm 1.092349433196e-03 
    1 SNES Function norm 1.467645059217e-08 
    2 SNES Function norm 6.754912744526e-12 
  Nonlinear fp_ solve converged due to CONVERGED_FNORM_RELATIVE iterations 2
    0 SNES Function norm 1.092266265729e-03 
    1 SNES Function norm 7.337189560343e-09 
    2 SNES Function norm 1.686707378154e-11 
  Nonlinear fp_ solve converged due to CONVERGED_FNORM_RELATIVE iterations 2
    0 SNES Function norm 1.092307835300e-03 
    1 SNES Function norm 7.338687094668e-09 
    2 SNES Function norm 1.678059466404e-11 
  Nonlinear fp_ solve converged due to CONVERGED_FNORM_RELATIVE iterations 2
[0] TSAdaptChoose_Basic(): Estimated scaled local truncation error 0.0439017, accepting step of size 1e-06
1 TS dt 1.25e-06 time 1e-06
  1) species-0: charge density= -1.6024250714143e+01 z-momentum=  2.4928878787458e-19 energy=  1.2018267949397e+05
  1) species-1: charge density=  1.6021676653316e+01 z-momentum=  1.8494116070372e-17 energy=  1.2017223215083e+05
  1) species-2: charge density=  2.8838441139703e-03 z-momentum=  3.0144854137775e-24 energy=  1.2019641369439e-03
	  1) Total: charge density=  3.0978328703656e-04, momentum=  1.8743407872732e-17, energy=  2.4035491284676e+05 (m_i[0]/m_e = 3670.94, 116 cells), 1 sub threads
