DM Object: Load: DM (with coordinates) 3 MPI processes
  type: plex
Load: DM (with coordinates) in 2 dimensions:
Supports:
[0] Max support size: 3
[0]: 3 ----> 11
[0]: 3 ----> 15
[0]: 4 ----> 11
[0]: 4 ----> 12
[0]: 4 ----> 16
[0]: 5 ----> 13
[0]: 5 ----> 15
[0]: 6 ----> 13
[0]: 6 ----> 14
[0]: 6 ----> 16
[0]: 7 ----> 12
[0]: 7 ----> 17
[0]: 7 ----> 19
[0]: 8 ----> 14
[0]: 8 ----> 18
[0]: 8 ----> 19
[0]: 9 ----> 17
[0]: 9 ----> 20
[0]: 10 ----> 18
[0]: 10 ----> 20
[0]: 11 ----> 0
[0]: 12 ----> 1
[0]: 13 ----> 0
[0]: 14 ----> 1
[0]: 15 ----> 0
[0]: 16 ----> 0
[0]: 16 ----> 1
[0]: 17 ----> 2
[0]: 18 ----> 2
[0]: 19 ----> 1
[0]: 19 ----> 2
[0]: 20 ----> 2
[1] Max support size: 3
[1]: 3 ----> 11
[1]: 3 ----> 12
[1]: 3 ----> 15
[1]: 4 ----> 12
[1]: 4 ----> 16
[1]: 5 ----> 13
[1]: 5 ----> 14
[1]: 5 ----> 15
[1]: 6 ----> 14
[1]: 6 ----> 16
[1]: 7 ----> 17
[1]: 7 ----> 19
[1]: 8 ----> 11
[1]: 8 ----> 17
[1]: 8 ----> 20
[1]: 9 ----> 18
[1]: 9 ----> 19
[1]: 10 ----> 13
[1]: 10 ----> 18
[1]: 10 ----> 20
[1]: 11 ----> 0
[1]: 12 ----> 1
[1]: 13 ----> 0
[1]: 14 ----> 1
[1]: 15 ----> 0
[1]: 15 ----> 1
[1]: 16 ----> 1
[1]: 17 ----> 2
[1]: 18 ----> 2
[1]: 19 ----> 2
[1]: 20 ----> 0
[1]: 20 ----> 2
[2] Max support size: 3
[2]: 4 ----> 14
[2]: 4 ----> 16
[2]: 4 ----> 21
[2]: 5 ----> 15
[2]: 5 ----> 16
[2]: 5 ----> 22
[2]: 6 ----> 14
[2]: 6 ----> 17
[2]: 6 ----> 19
[2]: 7 ----> 17
[2]: 7 ----> 20
[2]: 7 ----> 24
[2]: 8 ----> 15
[2]: 8 ----> 18
[2]: 8 ----> 19
[2]: 9 ----> 18
[2]: 9 ----> 20
[2]: 9 ----> 25
[2]: 10 ----> 21
[2]: 10 ----> 23
[2]: 11 ----> 22
[2]: 11 ----> 23
[2]: 12 ----> 24
[2]: 12 ----> 26
[2]: 13 ----> 25
[2]: 13 ----> 26
[2]: 14 ----> 0
[2]: 15 ----> 0
[2]: 16 ----> 0
[2]: 16 ----> 2
[2]: 17 ----> 1
[2]: 18 ----> 1
[2]: 19 ----> 0
[2]: 19 ----> 1
[2]: 20 ----> 1
[2]: 20 ----> 3
[2]: 21 ----> 2
[2]: 22 ----> 2
[2]: 23 ----> 2
[2]: 24 ----> 3
[2]: 25 ----> 3
[2]: 26 ----> 3
Cones:
[0] Max cone size: 4
[0]: 0 <---- 11 (0)
[0]: 0 <---- 16 (0)
[0]: 0 <---- 13 (-1)
[0]: 0 <---- 15 (-1)
[0]: 1 <---- 12 (0)
[0]: 1 <---- 19 (0)
[0]: 1 <---- 14 (-1)
[0]: 1 <---- 16 (-1)
[0]: 2 <---- 17 (0)
[0]: 2 <---- 20 (0)
[0]: 2 <---- 18 (-1)
[0]: 2 <---- 19 (-1)
[0]: 11 <---- 3 (0)
[0]: 11 <---- 4 (0)
[0]: 12 <---- 4 (0)
[0]: 12 <---- 7 (0)
[0]: 13 <---- 5 (0)
[0]: 13 <---- 6 (0)
[0]: 14 <---- 6 (0)
[0]: 14 <---- 8 (0)
[0]: 15 <---- 3 (0)
[0]: 15 <---- 5 (0)
[0]: 16 <---- 4 (0)
[0]: 16 <---- 6 (0)
[0]: 17 <---- 7 (0)
[0]: 17 <---- 9 (0)
[0]: 18 <---- 8 (0)
[0]: 18 <---- 10 (0)
[0]: 19 <---- 7 (0)
[0]: 19 <---- 8 (0)
[0]: 20 <---- 9 (0)
[0]: 20 <---- 10 (0)
[1] Max cone size: 4
[1]: 0 <---- 11 (0)
[1]: 0 <---- 15 (0)
[1]: 0 <---- 13 (-1)
[1]: 0 <---- 20 (-1)
[1]: 1 <---- 12 (0)
[1]: 1 <---- 16 (0)
[1]: 1 <---- 14 (-1)
[1]: 1 <---- 15 (-1)
[1]: 2 <---- 17 (0)
[1]: 2 <---- 20 (0)
[1]: 2 <---- 18 (-1)
[1]: 2 <---- 19 (-1)
[1]: 11 <---- 8 (0)
[1]: 11 <---- 3 (0)
[1]: 12 <---- 3 (0)
[1]: 12 <---- 4 (0)
[1]: 13 <---- 10 (0)
[1]: 13 <---- 5 (0)
[1]: 14 <---- 5 (0)
[1]: 14 <---- 6 (0)
[1]: 15 <---- 3 (0)
[1]: 15 <---- 5 (0)
[1]: 16 <---- 4 (0)
[1]: 16 <---- 6 (0)
[1]: 17 <---- 7 (0)
[1]: 17 <---- 8 (0)
[1]: 18 <---- 9 (0)
[1]: 18 <---- 10 (0)
[1]: 19 <---- 7 (0)
[1]: 19 <---- 9 (0)
[1]: 20 <---- 8 (0)
[1]: 20 <---- 10 (0)
[2] Max cone size: 4
[2]: 0 <---- 14 (0)
[2]: 0 <---- 19 (0)
[2]: 0 <---- 15 (-1)
[2]: 0 <---- 16 (-1)
[2]: 1 <---- 17 (0)
[2]: 1 <---- 20 (0)
[2]: 1 <---- 18 (-1)
[2]: 1 <---- 19 (-1)
[2]: 2 <---- 21 (0)
[2]: 2 <---- 16 (0)
[2]: 2 <---- 22 (-1)
[2]: 2 <---- 23 (-1)
[2]: 3 <---- 24 (0)
[2]: 3 <---- 26 (0)
[2]: 3 <---- 25 (-1)
[2]: 3 <---- 20 (-1)
[2]: 14 <---- 4 (0)
[2]: 14 <---- 6 (0)
[2]: 15 <---- 5 (0)
[2]: 15 <---- 8 (0)
[2]: 16 <---- 4 (0)
[2]: 16 <---- 5 (0)
[2]: 17 <---- 6 (0)
[2]: 17 <---- 7 (0)
[2]: 18 <---- 8 (0)
[2]: 18 <---- 9 (0)
[2]: 19 <---- 6 (0)
[2]: 19 <---- 8 (0)
[2]: 20 <---- 7 (0)
[2]: 20 <---- 9 (0)
[2]: 21 <---- 10 (0)
[2]: 21 <---- 4 (0)
[2]: 22 <---- 11 (0)
[2]: 22 <---- 5 (0)
[2]: 23 <---- 10 (0)
[2]: 23 <---- 11 (0)
[2]: 24 <---- 7 (0)
[2]: 24 <---- 12 (0)
[2]: 25 <---- 9 (0)
[2]: 25 <---- 13 (0)
[2]: 26 <---- 12 (0)
[2]: 26 <---- 13 (0)
coordinates with 1 fields
  field 0 with 2 components
Process 0:
  (   3) count  2 offset   0 0. 0.
  (   4) count  2 offset   2 0.166667 0.
  (   5) count  2 offset   4 0. 1.
  (   6) count  2 offset   6 0.166667 1.
  (   7) count  2 offset   8 0.333333 0.
  (   8) count  2 offset  10 0.333333 1.
  (   9) count  2 offset  12 0.5 0.
  (  10) count  2 offset  14 0.5 1.
Process 1:
  (   3) count  2 offset   0 0.833333 0.
  (   4) count  2 offset   2 1. 0.
  (   5) count  2 offset   4 0.833333 1.
  (   6) count  2 offset   6 1. 1.
  (   7) count  2 offset   8 0.5 0.
  (   8) count  2 offset  10 0.666667 0.
  (   9) count  2 offset  12 0.5 1.
  (  10) count  2 offset  14 0.666667 1.
Process 2:
  (   4) count  2 offset   0 0.333333 0.
  (   5) count  2 offset   2 0.333333 1.
  (   6) count  2 offset   4 0.5 0.
  (   7) count  2 offset   6 0.666667 0.
  (   8) count  2 offset   8 0.5 1.
  (   9) count  2 offset  10 0.666667 1.
  (  10) count  2 offset  12 0.166667 0.
  (  11) count  2 offset  14 0.166667 1.
  (  12) count  2 offset  16 0.833333 0.
  (  13) count  2 offset  18 0.833333 1.
Labels:
Label 'Face Sets':
[0]: 11 (1)
[0]: 12 (1)
[0]: 17 (1)
[0]: 13 (3)
[0]: 14 (3)
[0]: 18 (3)
[0]: 15 (4)
[1]: 11 (1)
[1]: 12 (1)
[1]: 17 (1)
[1]: 16 (2)
[1]: 13 (3)
[1]: 14 (3)
[1]: 18 (3)
[2]: 14 (1)
[2]: 17 (1)
[2]: 21 (1)
[2]: 24 (1)
[2]: 15 (3)
[2]: 18 (3)
[2]: 22 (3)
[2]: 25 (3)
Label 'celltype':
[0]: 3 (0)
[0]: 4 (0)
[0]: 5 (0)
[0]: 6 (0)
[0]: 7 (0)
[0]: 8 (0)
[0]: 9 (0)
[0]: 10 (0)
[0]: 11 (1)
[0]: 12 (1)
[0]: 13 (1)
[0]: 14 (1)
[0]: 15 (1)
[0]: 16 (1)
[0]: 17 (1)
[0]: 18 (1)
[0]: 19 (1)
[0]: 20 (1)
[0]: 0 (4)
[0]: 1 (4)
[0]: 2 (4)
[1]: 3 (0)
[1]: 4 (0)
[1]: 5 (0)
[1]: 6 (0)
[1]: 7 (0)
[1]: 8 (0)
[1]: 9 (0)
[1]: 10 (0)
[1]: 11 (1)
[1]: 12 (1)
[1]: 13 (1)
[1]: 14 (1)
[1]: 15 (1)
[1]: 16 (1)
[1]: 17 (1)
[1]: 18 (1)
[1]: 19 (1)
[1]: 20 (1)
[1]: 0 (4)
[1]: 1 (4)
[1]: 2 (4)
[2]: 4 (0)
[2]: 5 (0)
[2]: 6 (0)
[2]: 7 (0)
[2]: 8 (0)
[2]: 9 (0)
[2]: 10 (0)
[2]: 11 (0)
[2]: 12 (0)
[2]: 13 (0)
[2]: 14 (1)
[2]: 15 (1)
[2]: 16 (1)
[2]: 17 (1)
[2]: 18 (1)
[2]: 19 (1)
[2]: 20 (1)
[2]: 21 (1)
[2]: 22 (1)
[2]: 23 (1)
[2]: 24 (1)
[2]: 25 (1)
[2]: 26 (1)
[2]: 0 (4)
[2]: 1 (4)
[2]: 2 (4)
[2]: 3 (4)
Label 'marker':
[0]: 3 (1)
[0]: 4 (1)
[0]: 5 (1)
[0]: 6 (1)
[0]: 7 (1)
[0]: 8 (1)
[0]: 9 (1)
[0]: 10 (1)
[0]: 11 (1)
[0]: 12 (1)
[0]: 13 (1)
[0]: 14 (1)
[0]: 15 (1)
[0]: 17 (1)
[0]: 18 (1)
[1]: 3 (1)
[1]: 4 (1)
[1]: 5 (1)
[1]: 6 (1)
[1]: 7 (1)
[1]: 8 (1)
[1]: 9 (1)
[1]: 10 (1)
[1]: 11 (1)
[1]: 12 (1)
[1]: 13 (1)
[1]: 14 (1)
[1]: 16 (1)
[1]: 17 (1)
[1]: 18 (1)
[2]: 4 (1)
[2]: 5 (1)
[2]: 6 (1)
[2]: 7 (1)
[2]: 8 (1)
[2]: 9 (1)
[2]: 10 (1)
[2]: 11 (1)
[2]: 12 (1)
[2]: 13 (1)
[2]: 14 (1)
[2]: 15 (1)
[2]: 17 (1)
[2]: 18 (1)
[2]: 21 (1)
[2]: 22 (1)
[2]: 24 (1)
[2]: 25 (1)
PetscSF Object: 3 MPI processes
  type: basic
  [0] Number of roots=21, leaves=9, remote ranks=1
  [0] 2 <- (2,0)
  [0] 7 <- (2,4)
  [0] 8 <- (2,5)
  [0] 9 <- (2,6)
  [0] 10 <- (2,8)
  [0] 17 <- (2,14)
  [0] 18 <- (2,15)
  [0] 19 <- (2,16)
  [0] 20 <- (2,19)
  [1] Number of roots=21, leaves=9, remote ranks=1
  [1] 2 <- (2,1)
  [1] 7 <- (2,6)
  [1] 8 <- (2,7)
  [1] 9 <- (2,8)
  [1] 10 <- (2,9)
  [1] 17 <- (2,17)
  [1] 18 <- (2,18)
  [1] 19 <- (2,19)
  [1] 20 <- (2,20)
  [2] Number of roots=27, leaves=12, remote ranks=2
  [2] 2 <- (0,1)
  [2] 3 <- (1,0)
  [2] 10 <- (0,4)
  [2] 11 <- (0,6)
  [2] 12 <- (1,3)
  [2] 13 <- (1,5)
  [2] 21 <- (0,12)
  [2] 22 <- (0,14)
  [2] 23 <- (0,16)
  [2] 24 <- (1,11)
  [2] 25 <- (1,13)
  [2] 26 <- (1,15)
  [0] Roots referenced by my leaves, by rank
  [0] 2: 9 edges
  [0]    2 <- 0
  [0]    7 <- 4
  [0]    8 <- 5
  [0]    9 <- 6
  [0]    10 <- 8
  [0]    17 <- 14
  [0]    18 <- 15
  [0]    19 <- 16
  [0]    20 <- 19
  [1] Roots referenced by my leaves, by rank
  [1] 2: 9 edges
  [1]    2 <- 1
  [1]    7 <- 6
  [1]    8 <- 7
  [1]    9 <- 8
  [1]    10 <- 9
  [1]    17 <- 17
  [1]    18 <- 18
  [1]    19 <- 19
  [1]    20 <- 20
  [2] Roots referenced by my leaves, by rank
  [2] 0: 6 edges
  [2]    2 <- 1
  [2]    10 <- 4
  [2]    11 <- 6
  [2]    21 <- 12
  [2]    22 <- 14
  [2]    23 <- 16
  [2] 1: 6 edges
  [2]    3 <- 0
  [2]    12 <- 3
  [2]    13 <- 5
  [2]    24 <- 11
  [2]    25 <- 13
  [2]    26 <- 15
  MultiSF sort=rank-order
PetscSection Object: Load: local section 3 MPI processes
  type not yet set
2 fields
  field 0 with 1 components
Process 0:
  (   0) count  0 offset   0
  (   1) count  0 offset   0
  (   2) count  0 offset   0
  (   3) count  0 offset   0
  (   4) count  0 offset   0
  (   5) count  0 offset   0
  (   6) count  0 offset   0
  (   7) count  0 offset   0
  (   8) count  0 offset   0
  (   9) count  0 offset   0
  (  10) count  2 offset   0
  (  11) count  0 offset   3
  (  12) count  0 offset   3
  (  13) count  0 offset   3
  (  14) count  0 offset   3
  (  15) count  0 offset   3
  (  16) count  0 offset   3
  (  17) count  0 offset   3
  (  18) count  0 offset   3
  (  19) count  0 offset   3
  (  20) count  0 offset   3
Process 1:
  (   0) count  0 offset   0
  (   1) count  0 offset   1
  (   2) count  2 offset   1
  (   3) count  0 offset   3
  (   4) count  0 offset   3
  (   5) count  0 offset   3
  (   6) count  0 offset   3
  (   7) count  0 offset   3
  (   8) count  0 offset   3
  (   9) count  2 offset   3
  (  10) count  0 offset   6
  (  11) count  0 offset   6
  (  12) count  0 offset   6
  (  13) count  0 offset   6
  (  14) count  0 offset   6
  (  15) count  0 offset   6
  (  16) count  0 offset   6
  (  17) count  0 offset   6
  (  18) count  0 offset   6
  (  19) count  0 offset   6
  (  20) count  0 offset   8
Process 2:
  (   0) count  0 offset   0
  (   1) count  2 offset   0
  (   2) count  0 offset   2
  (   3) count  0 offset   2
  (   4) count  0 offset   3
  (   5) count  0 offset   3
  (   6) count  0 offset   3
  (   7) count  0 offset   3
  (   8) count  2 offset   3
  (   9) count  0 offset   6
  (  10) count  0 offset   8
  (  11) count  0 offset   6
  (  12) count  0 offset   6
  (  13) count  0 offset   6
  (  14) count  0 offset   6
  (  15) count  0 offset   6
  (  16) count  0 offset   6
  (  17) count  0 offset   6
  (  18) count  0 offset   6
  (  19) count  0 offset   6
  (  20) count  0 offset   6
  (  21) count  0 offset   8
  (  22) count  0 offset   8
  (  23) count  0 offset   8
  (  24) count  0 offset   8
  (  25) count  0 offset   8
  (  26) count  0 offset   8
  field 1 with 1 components
Process 0:
  (   0) count  0 offset   0
  (   1) count  0 offset   0
  (   2) count  0 offset   0
  (   3) count  0 offset   0
  (   4) count  0 offset   0
  (   5) count  0 offset   0
  (   6) count  0 offset   0
  (   7) count  0 offset   0
  (   8) count  0 offset   0
  (   9) count  0 offset   0
  (  10) count  1 offset   2 constrained 0
  (  11) count  0 offset   3
  (  12) count  0 offset   3
  (  13) count  0 offset   3
  (  14) count  0 offset   3
  (  15) count  0 offset   3
  (  16) count  0 offset   3
  (  17) count  0 offset   3
  (  18) count  0 offset   3
  (  19) count  0 offset   3
  (  20) count  2 offset   3
Process 1:
  (   0) count  1 offset   0
  (   1) count  0 offset   1
  (   2) count  0 offset   3
  (   3) count  0 offset   3
  (   4) count  0 offset   3
  (   5) count  0 offset   3
  (   6) count  0 offset   3
  (   7) count  0 offset   3
  (   8) count  0 offset   3
  (   9) count  1 offset   5 constrained 0
  (  10) count  0 offset   6
  (  11) count  0 offset   6
  (  12) count  0 offset   6
  (  13) count  0 offset   6
  (  14) count  0 offset   6
  (  15) count  0 offset   6
  (  16) count  0 offset   6
  (  17) count  0 offset   6
  (  18) count  0 offset   6
  (  19) count  2 offset   6
  (  20) count  0 offset   8
Process 2:
  (   0) count  0 offset   0
  (   1) count  0 offset   2
  (   2) count  0 offset   2
  (   3) count  1 offset   2
  (   4) count  0 offset   3
  (   5) count  0 offset   3
  (   6) count  0 offset   3
  (   7) count  0 offset   3
  (   8) count  1 offset   5 constrained 0
  (   9) count  0 offset   6
  (  10) count  0 offset   8
  (  11) count  0 offset   6
  (  12) count  0 offset   6
  (  13) count  0 offset   6
  (  14) count  0 offset   6
  (  15) count  0 offset   6
  (  16) count  0 offset   6
  (  17) count  0 offset   6
  (  18) count  0 offset   6
  (  19) count  2 offset   6
  (  20) count  0 offset   6
  (  21) count  0 offset   8
  (  22) count  0 offset   8
  (  23) count  0 offset   8
  (  24) count  0 offset   8
  (  25) count  0 offset   8
  (  26) count  0 offset   8
Vec Object: exampleVec 3 MPI processes
  type: mpi
Process [0]
1.3
1.4
1.5
1.6
1.7
Process [1]
1.2
1.
1.1
1.3
1.4
1.5
1.6
1.7
Process [2]
1.
1.1
1.2
1.3
1.4
1.5
1.6
1.7
PetscSection Object: Load: global section 3 MPI processes
  type not yet set
2 fields
  field 0 with 1 components
Process 0:
  (   0) count  0 offset   0
  (   1) count  0 offset   0
  (   2) count -1 offset  -2
  (   3) count  0 offset   0
  (   4) count  0 offset   0
  (   5) count  0 offset   0
  (   6) count  0 offset   0
  (   7) count -1 offset  -4
  (   8) count -1 offset  -4
  (   9) count -1 offset  -4
  (  10) count -3 offset  -4
  (  11) count  0 offset   0
  (  12) count  0 offset   0
  (  13) count  0 offset   0
  (  14) count  0 offset   0
  (  15) count  0 offset   0
  (  16) count  0 offset   0
  (  17) count -1 offset  -6
  (  18) count -1 offset  -6
  (  19) count -1 offset  -6
  (  20) count -1 offset  -6
Process 1:
  (   0) count  0 offset   0
  (   1) count  0 offset   1
  (   2) count -3 offset  -2
  (   3) count  0 offset   1
  (   4) count  0 offset   1
  (   5) count  0 offset   1
  (   6) count  0 offset   1
  (   7) count -1 offset  -4
  (   8) count -1 offset  -4
  (   9) count -3 offset  -4
  (  10) count -1 offset  -6
  (  11) count  0 offset   1
  (  12) count  0 offset   1
  (  13) count  0 offset   1
  (  14) count  0 offset   1
  (  15) count  0 offset   1
  (  16) count  0 offset   1
  (  17) count -1 offset  -6
  (  18) count -1 offset  -6
  (  19) count -1 offset  -6
  (  20) count -1 offset  -6
Process 2:
  (   0) count  0 offset   1
  (   1) count  2 offset   1
  (   2) count -1 offset  -1
  (   3) count -1 offset  -1
  (   4) count  0 offset   3
  (   5) count  0 offset   3
  (   6) count  0 offset   3
  (   7) count  0 offset   3
  (   8) count  2 offset   3
  (   9) count  0 offset   5
  (  10) count -1 offset  -1
  (  11) count -1 offset  -1
  (  12) count -1 offset  -2
  (  13) count -1 offset  -2
  (  14) count  0 offset   5
  (  15) count  0 offset   5
  (  16) count  0 offset   5
  (  17) count  0 offset   5
  (  18) count  0 offset   5
  (  19) count  0 offset   5
  (  20) count  0 offset   5
  (  21) count -1 offset  -1
  (  22) count -1 offset  -1
  (  23) count -1 offset  -1
  (  24) count -1 offset  -2
  (  25) count -1 offset  -2
  (  26) count -1 offset  -2
  field 1 with 1 components
Process 0:
  (   0) count  0 offset   0
  (   1) count  0 offset   0
  (   2) count -1 offset  -2
  (   3) count  0 offset   0
  (   4) count  0 offset   0
  (   5) count  0 offset   0
  (   6) count  0 offset   0
  (   7) count -1 offset  -4
  (   8) count -1 offset  -4
  (   9) count -1 offset  -4
  (  10) count -2 offset  -6 constrained 0
  (  11) count  0 offset   0
  (  12) count  0 offset   0
  (  13) count  0 offset   0
  (  14) count  0 offset   0
  (  15) count  0 offset   0
  (  16) count  0 offset   0
  (  17) count -1 offset  -6
  (  18) count -1 offset  -6
  (  19) count -1 offset  -6
  (  20) count -3 offset  -6
Process 1:
  (   0) count  1 offset   0
  (   1) count  0 offset   1
  (   2) count -1 offset  -4
  (   3) count  0 offset   1
  (   4) count  0 offset   1
  (   5) count  0 offset   1
  (   6) count  0 offset   1
  (   7) count -1 offset  -4
  (   8) count -1 offset  -4
  (   9) count -2 offset  -6 constrained 0
  (  10) count -1 offset  -6
  (  11) count  0 offset   1
  (  12) count  0 offset   1
  (  13) count  0 offset   1
  (  14) count  0 offset   1
  (  15) count  0 offset   1
  (  16) count  0 offset   1
  (  17) count -1 offset  -6
  (  18) count -1 offset  -6
  (  19) count -3 offset  -6
  (  20) count -1 offset  -6
Process 2:
  (   0) count  0 offset   1
  (   1) count  0 offset   3
  (   2) count -1 offset  -1
  (   3) count -2 offset  -1
  (   4) count  0 offset   3
  (   5) count  0 offset   3
  (   6) count  0 offset   3
  (   7) count  0 offset   3
  (   8) count  1 offset   5 constrained 0
  (   9) count  0 offset   5
  (  10) count -1 offset  -1
  (  11) count -1 offset  -1
  (  12) count -1 offset  -2
  (  13) count -1 offset  -2
  (  14) count  0 offset   5
  (  15) count  0 offset   5
  (  16) count  0 offset   5
  (  17) count  0 offset   5
  (  18) count  0 offset   5
  (  19) count  2 offset   5
  (  20) count  0 offset   5
  (  21) count -1 offset  -1
  (  22) count -1 offset  -1
  (  23) count -1 offset  -1
  (  24) count -1 offset  -2
  (  25) count -1 offset  -2
  (  26) count -1 offset  -2
Vec Object: exampleVec 3 MPI processes
  type: mpi
Process [0]
Process [1]
1.2
Process [2]
1.
1.1
1.3
1.4
1.6
1.7
