 EGADS WARNING: OpenCASCADE 7.5.0 NOT an Authorized Release!
[32;1m Errors on Reading Header Entity N0.5:HeaderSection_FileName[0m
  STEP Reader Info: Using millimetre
 Number of BODIES (nbodies): 1 

   BODY 0 TOPOLOGY SUMMARY 
      Number of SHELLS: 1 
      Number of FACES: 14 
      Number of LOOPS: 14 
      Number of EDGES: 26 
      Number of NODES: 14 

      BODY 0 TOPOLOGY DETAILS 
         SHELL ID: 1 :: sense = 1
           FACE ID: 1 :: sense = -1 
             GEOMETRY CLASS: SURFACE 
             GEOMETRY TYPE:  BSPLINE 

             RANGE (umin, umax) = (0.009805, 0.990196) 
                   (vmin, vmax) = (0.000000, 1.000000) 

             LOOP ID: 1 :: sense = 1
               EDGE ID: 1 :: sense = -1
                 GEOMETRY CLASS: CURVE 
                 GEOMETRY TYPE:  BSPLINE 
                 Peri = 0 :: Range = 0.009805, 0.990196, 0.000000, 0.000000 
                 NODE ID: 1 
                    (x, y, z) = (-3.732071, -65.122507, -1.523202) 
                 NODE ID: 2 
                    (x, y, z) = (-61.516928, -264.236200, -34.928953) 
               EDGE ID: 4 :: sense = 1
                 GEOMETRY CLASS: CURVE 
                 GEOMETRY TYPE:  CIRCLE 
                 Peri = 1 :: Range = 5.236554, 8.378147, 0.000000, 0.000000 
                 NODE ID: 1 
                    (x, y, z) = (-3.732071, -65.122507, -1.523202) 
                 NODE ID: 4 
                    (x, y, z) = (3.718856, -65.122507, 2.784221) 
               EDGE ID: 3 :: sense = 1
                 GEOMETRY CLASS: CURVE 
                 GEOMETRY TYPE:  BSPLINE 
                 Peri = 0 :: Range = 0.009805, 0.990196, 0.000000, 0.000000 
                 NODE ID: 4 
                    (x, y, z) = (3.718856, -65.122507, 2.784221) 
                 NODE ID: 3 
                    (x, y, z) = (61.503713, -264.236200, 36.189972) 
               EDGE ID: 2 :: sense = -1
                 GEOMETRY CLASS: CURVE 
                 GEOMETRY TYPE:  BSPLINE 
                 Peri = 0 :: Range = 0.000000, 1.000000, 0.000000, 0.000000 
                 NODE ID: 2 
                    (x, y, z) = (-61.516928, -264.236200, -34.928953) 
                 NODE ID: 3 
                    (x, y, z) = (61.503713, -264.236200, 36.189972) 
           FACE ID: 2 :: sense = -1 
             GEOMETRY CLASS: SURFACE 
             GEOMETRY TYPE:  TOROIDAL 

             RANGE (umin, umax) = (3.141593, 6.283185) 
                   (vmin, vmax) = (2.630682, 3.141593) 

             LOOP ID: 2 :: sense = 1
               EDGE ID: 5 :: sense = -1
                 GEOMETRY CLASS: CURVE 
                 GEOMETRY TYPE:  CIRCLE 
                 Peri = 1 :: Range = 5.772275, 6.283185, 0.000000, 0.000000 
                 NODE ID: 4 
                    (x, y, z) = (3.718856, -65.122507, 2.784221) 
                 NODE ID: 5 
                    (x, y, z) = (3.544753, -64.352475, 2.683571) 
               EDGE ID: 4 :: sense = -1
                 GEOMETRY CLASS: CURVE 
                 GEOMETRY TYPE:  CIRCLE 
                 Peri = 1 :: Range = 5.236554, 8.378147, 0.000000, 0.000000 
                 NODE ID: 1 
                    (x, y, z) = (-3.732071, -65.122507, -1.523202) 
                 NODE ID: 4 
                    (x, y, z) = (3.718856, -65.122507, 2.784221) 
               EDGE ID: 7 :: sense = 1
                 GEOMETRY CLASS: CURVE 
                 GEOMETRY TYPE:  CIRCLE 
                 Peri = 1 :: Range = 5.772275, 6.283185, 0.000000, 0.000000 
                 NODE ID: 1 
                    (x, y, z) = (-3.732071, -65.122507, -1.523202) 
                 NODE ID: 6 
                    (x, y, z) = (-3.557968, -64.352475, -1.422552) 
               EDGE ID: 6 :: sense = 1
                 GEOMETRY CLASS: CURVE 
                 GEOMETRY TYPE:  CIRCLE 
                 Peri = 1 :: Range = 0.000000, 3.141593, 0.000000, 0.000000 
                 NODE ID: 6 
                    (x, y, z) = (-3.557968, -64.352475, -1.422552) 
                 NODE ID: 5 
                    (x, y, z) = (3.544753, -64.352475, 2.683571) 
           FACE ID: 3 :: sense = -1 
             GEOMETRY CLASS: SURFACE 
             GEOMETRY TYPE:  TOROIDAL 

             RANGE (umin, umax) = (3.141593, 6.283185) 
                   (vmin, vmax) = (3.141593, 3.926991) 

             LOOP ID: 3 :: sense = 1
               EDGE ID: 8 :: sense = -1
                 GEOMETRY CLASS: CURVE 
                 GEOMETRY TYPE:  CIRCLE 
                 Peri = 1 :: Range = 0.000000, 0.785398, 0.000000, 0.000000 
                 NODE ID: 5 
                    (x, y, z) = (3.544753, -64.352475, 2.683571) 
                 NODE ID: 7 
                    (x, y, z) = (5.103397, -60.006031, 3.584632) 
               EDGE ID: 6 :: sense = -1
                 GEOMETRY CLASS: CURVE 
                 GEOMETRY TYPE:  CIRCLE 
                 Peri = 1 :: Range = 0.000000, 3.141593, 0.000000, 0.000000 
                 NODE ID: 6 
                    (x, y, z) = (-3.557968, -64.352475, -1.422552) 
                 NODE ID: 5 
                    (x, y, z) = (3.544753, -64.352475, 2.683571) 
               EDGE ID: 10 :: sense = 1
                 GEOMETRY CLASS: CURVE 
                 GEOMETRY TYPE:  CIRCLE 
                 Peri = 1 :: Range = 0.000000, 0.785398, 0.000000, 0.000000 
                 NODE ID: 6 
                    (x, y, z) = (-3.557968, -64.352475, -1.422552) 
                 NODE ID: 8 
                    (x, y, z) = (-5.116612, -60.006031, -2.323613) 
               EDGE ID: 9 :: sense = 1
                 GEOMETRY CLASS: CURVE 
                 GEOMETRY TYPE:  CIRCLE 
                 Peri = 1 :: Range = 0.000000, 3.141593, 0.000000, 0.000000 
                 NODE ID: 8 
                    (x, y, z) = (-5.116612, -60.006031, -2.323613) 
                 NODE ID: 7 
                    (x, y, z) = (5.103397, -60.006031, 3.584632) 
           FACE ID: 4 :: sense = 1 
             GEOMETRY CLASS: SURFACE 
             GEOMETRY TYPE:  CONICAL 

             RANGE (umin, umax) = (0.000000, 3.141593) 
                   (vmin, vmax) = (0.129996, 6.629790) 

             LOOP ID: 4 :: sense = 1
               EDGE ID: 11 :: sense = -1
                 GEOMETRY CLASS: CURVE 
                 GEOMETRY TYPE:  CIRCLE 
                 Peri = 1 :: Range = 3.141593, 6.283185, 0.000000, 0.000000 
                 NODE ID: 7 
                    (x, y, z) = (5.103397, -60.006031, 3.584632) 
                 NODE ID: 8 
                    (x, y, z) = (-5.116612, -60.006031, -2.323613) 
               EDGE ID: 12 :: sense = 1
                 GEOMETRY CLASS: CURVE 
                 GEOMETRY TYPE:  LINE 
                 Peri = 0 :: Range = 0.129996, 6.629790, 0.000000, 0.000000 
                 NODE ID: 7 
                    (x, y, z) = (5.103397, -60.006031, 3.584632) 
                 NODE ID: 9 
                    (x, y, z) = (9.082390, -55.409982, 5.884910) 
               EDGE ID: 13 :: sense = 1
                 GEOMETRY CLASS: CURVE 
                 GEOMETRY TYPE:  CIRCLE 
                 Peri = 1 :: Range = 3.141593, 6.283185, 0.000000, 0.000000 
                 NODE ID: 9 
                    (x, y, z) = (9.082390, -55.409982, 5.884910) 
                 NODE ID: 10 
                    (x, y, z) = (-9.095605, -55.409982, -4.623891) 
               EDGE ID: 14 :: sense = -1
                 GEOMETRY CLASS: CURVE 
                 GEOMETRY TYPE:  LINE 
                 Peri = 0 :: Range = 0.129996, 6.629790, 0.000000, 0.000000 
                 NODE ID: 8 
                    (x, y, z) = (-5.116612, -60.006031, -2.323613) 
                 NODE ID: 10 
                    (x, y, z) = (-9.095605, -55.409982, -4.623891) 
           FACE ID: 5 :: sense = 1 
             GEOMETRY CLASS: SURFACE 
             GEOMETRY TYPE:  TOROIDAL 

             RANGE (umin, umax) = (0.000000, 3.141593) 
                   (vmin, vmax) = (0.000000, 0.785398) 

             LOOP ID: 5 :: sense = 1
               EDGE ID: 15 :: sense = 1
                 GEOMETRY CLASS: CURVE 
                 GEOMETRY TYPE:  CIRCLE 
                 Peri = 1 :: Range = 3.141593, 6.283185, 0.000000, 0.000000 
                 NODE ID: 11 
                    (x, y, z) = (10.647474, -51.045578, 6.789694) 
                 NODE ID: 12 
                    (x, y, z) = (-10.660690, -51.045578, -5.528676) 
               EDGE ID: 16 :: sense = 1
                 GEOMETRY CLASS: CURVE 
                 GEOMETRY TYPE:  CIRCLE 
                 Peri = 1 :: Range = 3.141593, 3.926991, 0.000000, 0.000000 
                 NODE ID: 12 
                    (x, y, z) = (-10.660690, -51.045578, -5.528676) 
                 NODE ID: 10 
                    (x, y, z) = (-9.095605, -55.409982, -4.623891) 
               EDGE ID: 13 :: sense = -1
                 GEOMETRY CLASS: CURVE 
                 GEOMETRY TYPE:  CIRCLE 
                 Peri = 1 :: Range = 3.141593, 6.283185, 0.000000, 0.000000 
                 NODE ID: 9 
                    (x, y, z) = (9.082390, -55.409982, 5.884910) 
                 NODE ID: 10 
                    (x, y, z) = (-9.095605, -55.409982, -4.623891) 
               EDGE ID: 17 :: sense = -1
                 GEOMETRY CLASS: CURVE 
                 GEOMETRY TYPE:  CIRCLE 
                 Peri = 1 :: Range = 3.141593, 3.926991, 0.000000, 0.000000 
                 NODE ID: 11 
                    (x, y, z) = (10.647474, -51.045578, 6.789694) 
                 NODE ID: 9 
                    (x, y, z) = (9.082390, -55.409982, 5.884910) 
           FACE ID: 6 :: sense = 1 
             GEOMETRY CLASS: SURFACE 
             GEOMETRY TYPE:  CYLINDRICAL 

             RANGE (umin, umax) = (0.000000, 3.141593) 
                   (vmin, vmax) = (47.315371, 77.710749) 

             LOOP ID: 6 :: sense = 1
               EDGE ID: 18 :: sense = -1
                 GEOMETRY CLASS: CURVE 
                 GEOMETRY TYPE:  CIRCLE 
                 Peri = 1 :: Range = 4.188224, 7.329817, 0.000000, 0.000000 
                 NODE ID: 13 
                    (x, y, z) = (-10.660690, -20.650200, -5.528676) 
                 NODE ID: 14 
                    (x, y, z) = (10.647474, -20.650200, 6.789694) 
               EDGE ID: 19 :: sense = 1
                 GEOMETRY CLASS: CURVE 
                 GEOMETRY TYPE:  LINE 
                 Peri = 0 :: Range = 47.315371, 77.710749, 0.000000, 0.000000 
                 NODE ID: 13 
                    (x, y, z) = (-10.660690, -20.650200, -5.528676) 
                 NODE ID: 12 
                    (x, y, z) = (-10.660690, -51.045578, -5.528676) 
               EDGE ID: 15 :: sense = -1
                 GEOMETRY CLASS: CURVE 
                 GEOMETRY TYPE:  CIRCLE 
                 Peri = 1 :: Range = 3.141593, 6.283185, 0.000000, 0.000000 
                 NODE ID: 11 
                    (x, y, z) = (10.647474, -51.045578, 6.789694) 
                 NODE ID: 12 
                    (x, y, z) = (-10.660690, -51.045578, -5.528676) 
               EDGE ID: 20 :: sense = -1
                 GEOMETRY CLASS: CURVE 
                 GEOMETRY TYPE:  LINE 
                 Peri = 0 :: Range = 47.315371, 77.710749, 0.000000, 0.000000 
                 NODE ID: 14 
                    (x, y, z) = (10.647474, -20.650200, 6.789694) 
                 NODE ID: 11 
                    (x, y, z) = (10.647474, -51.045578, 6.789694) 
           FACE ID: 7 :: sense = 1 
             GEOMETRY CLASS: SURFACE 
             GEOMETRY TYPE:  PLANE 

             RANGE (umin, umax) = (-72.269844, 72.269844) 
                   (vmin, vmax) = (-72.269592, 72.269592) 

             LOOP ID: 7 :: sense = 1
               EDGE ID: 2 :: sense = 1
                 GEOMETRY CLASS: CURVE 
                 GEOMETRY TYPE:  BSPLINE 
                 Peri = 0 :: Range = 0.000000, 1.000000, 0.000000, 0.000000 
                 NODE ID: 2 
                    (x, y, z) = (-61.516928, -264.236200, -34.928953) 
                 NODE ID: 3 
                    (x, y, z) = (61.503713, -264.236200, 36.189972) 
               EDGE ID: 21 :: sense = -1
                 GEOMETRY CLASS: CURVE 
                 GEOMETRY TYPE:  BSPLINE 
                 Peri = 0 :: Range = 0.000000, 1.000000, 0.000000, 0.000000 
                 NODE ID: 2 
                    (x, y, z) = (-61.516928, -264.236200, -34.928953) 
                 NODE ID: 3 
                    (x, y, z) = (61.503713, -264.236200, 36.189972) 
           FACE ID: 8 :: sense = -1 
             GEOMETRY CLASS: SURFACE 
             GEOMETRY TYPE:  BSPLINE 

             RANGE (umin, umax) = (0.009805, 0.990196) 
                   (vmin, vmax) = (0.000000, 1.000000) 

             LOOP ID: 8 :: sense = 1
               EDGE ID: 21 :: sense = 1
                 GEOMETRY CLASS: CURVE 
                 GEOMETRY TYPE:  BSPLINE 
                 Peri = 0 :: Range = 0.000000, 1.000000, 0.000000, 0.000000 
                 NODE ID: 2 
                    (x, y, z) = (-61.516928, -264.236200, -34.928953) 
                 NODE ID: 3 
                    (x, y, z) = (61.503713, -264.236200, 36.189972) 
               EDGE ID: 3 :: sense = -1
                 GEOMETRY CLASS: CURVE 
                 GEOMETRY TYPE:  BSPLINE 
                 Peri = 0 :: Range = 0.009805, 0.990196, 0.000000, 0.000000 
                 NODE ID: 4 
                    (x, y, z) = (3.718856, -65.122507, 2.784221) 
                 NODE ID: 3 
                    (x, y, z) = (61.503713, -264.236200, 36.189972) 
               EDGE ID: 22 :: sense = 1
                 GEOMETRY CLASS: CURVE 
                 GEOMETRY TYPE:  CIRCLE 
                 Peri = 1 :: Range = 2.094961, 5.236554, 0.000000, 0.000000 
                 NODE ID: 4 
                    (x, y, z) = (3.718856, -65.122507, 2.784221) 
                 NODE ID: 1 
                    (x, y, z) = (-3.732071, -65.122507, -1.523202) 
               EDGE ID: 1 :: sense = 1
                 GEOMETRY CLASS: CURVE 
                 GEOMETRY TYPE:  BSPLINE 
                 Peri = 0 :: Range = 0.009805, 0.990196, 0.000000, 0.000000 
                 NODE ID: 1 
                    (x, y, z) = (-3.732071, -65.122507, -1.523202) 
                 NODE ID: 2 
                    (x, y, z) = (-61.516928, -264.236200, -34.928953) 
           FACE ID: 9 :: sense = -1 
             GEOMETRY CLASS: SURFACE 
             GEOMETRY TYPE:  TOROIDAL 

             RANGE (umin, umax) = (-0.000000, 3.141593) 
                   (vmin, vmax) = (2.630682, 3.141593) 

             LOOP ID: 9 :: sense = 1
               EDGE ID: 23 :: sense = 1
                 GEOMETRY CLASS: CURVE 
                 GEOMETRY TYPE:  CIRCLE 
                 Peri = 1 :: Range = 3.141593, 6.283185, 0.000000, 0.000000 
                 NODE ID: 5 
                    (x, y, z) = (3.544753, -64.352475, 2.683571) 
                 NODE ID: 6 
                    (x, y, z) = (-3.557968, -64.352475, -1.422552) 
               EDGE ID: 7 :: sense = -1
                 GEOMETRY CLASS: CURVE 
                 GEOMETRY TYPE:  CIRCLE 
                 Peri = 1 :: Range = 5.772275, 6.283185, 0.000000, 0.000000 
                 NODE ID: 1 
                    (x, y, z) = (-3.732071, -65.122507, -1.523202) 
                 NODE ID: 6 
                    (x, y, z) = (-3.557968, -64.352475, -1.422552) 
               EDGE ID: 22 :: sense = -1
                 GEOMETRY CLASS: CURVE 
                 GEOMETRY TYPE:  CIRCLE 
                 Peri = 1 :: Range = 2.094961, 5.236554, 0.000000, 0.000000 
                 NODE ID: 4 
                    (x, y, z) = (3.718856, -65.122507, 2.784221) 
                 NODE ID: 1 
                    (x, y, z) = (-3.732071, -65.122507, -1.523202) 
               EDGE ID: 5 :: sense = 1
                 GEOMETRY CLASS: CURVE 
                 GEOMETRY TYPE:  CIRCLE 
                 Peri = 1 :: Range = 5.772275, 6.283185, 0.000000, 0.000000 
                 NODE ID: 4 
                    (x, y, z) = (3.718856, -65.122507, 2.784221) 
                 NODE ID: 5 
                    (x, y, z) = (3.544753, -64.352475, 2.683571) 
           FACE ID: 10 :: sense = -1 
             GEOMETRY CLASS: SURFACE 
             GEOMETRY TYPE:  TOROIDAL 

             RANGE (umin, umax) = (0.000000, 3.141593) 
                   (vmin, vmax) = (3.141593, 3.926991) 

             LOOP ID: 10 :: sense = 1
               EDGE ID: 11 :: sense = 1
                 GEOMETRY CLASS: CURVE 
                 GEOMETRY TYPE:  CIRCLE 
                 Peri = 1 :: Range = 3.141593, 6.283185, 0.000000, 0.000000 
                 NODE ID: 7 
                    (x, y, z) = (5.103397, -60.006031, 3.584632) 
                 NODE ID: 8 
                    (x, y, z) = (-5.116612, -60.006031, -2.323613) 
               EDGE ID: 10 :: sense = -1
                 GEOMETRY CLASS: CURVE 
                 GEOMETRY TYPE:  CIRCLE 
                 Peri = 1 :: Range = 0.000000, 0.785398, 0.000000, 0.000000 
                 NODE ID: 6 
                    (x, y, z) = (-3.557968, -64.352475, -1.422552) 
                 NODE ID: 8 
                    (x, y, z) = (-5.116612, -60.006031, -2.323613) 
               EDGE ID: 23 :: sense = -1
                 GEOMETRY CLASS: CURVE 
                 GEOMETRY TYPE:  CIRCLE 
                 Peri = 1 :: Range = 3.141593, 6.283185, 0.000000, 0.000000 
                 NODE ID: 5 
                    (x, y, z) = (3.544753, -64.352475, 2.683571) 
                 NODE ID: 6 
                    (x, y, z) = (-3.557968, -64.352475, -1.422552) 
               EDGE ID: 8 :: sense = 1
                 GEOMETRY CLASS: CURVE 
                 GEOMETRY TYPE:  CIRCLE 
                 Peri = 1 :: Range = 0.000000, 0.785398, 0.000000, 0.000000 
                 NODE ID: 5 
                    (x, y, z) = (3.544753, -64.352475, 2.683571) 
                 NODE ID: 7 
                    (x, y, z) = (5.103397, -60.006031, 3.584632) 
           FACE ID: 11 :: sense = 1 
             GEOMETRY CLASS: SURFACE 
             GEOMETRY TYPE:  CONICAL 

             RANGE (umin, umax) = (3.141593, 6.283185) 
                   (vmin, vmax) = (0.129996, 6.629790) 

             LOOP ID: 11 :: sense = 1
               EDGE ID: 12 :: sense = -1
                 GEOMETRY CLASS: CURVE 
                 GEOMETRY TYPE:  LINE 
                 Peri = 0 :: Range = 0.129996, 6.629790, 0.000000, 0.000000 
                 NODE ID: 7 
                    (x, y, z) = (5.103397, -60.006031, 3.584632) 
                 NODE ID: 9 
                    (x, y, z) = (9.082390, -55.409982, 5.884910) 
               EDGE ID: 9 :: sense = -1
                 GEOMETRY CLASS: CURVE 
                 GEOMETRY TYPE:  CIRCLE 
                 Peri = 1 :: Range = 0.000000, 3.141593, 0.000000, 0.000000 
                 NODE ID: 8 
                    (x, y, z) = (-5.116612, -60.006031, -2.323613) 
                 NODE ID: 7 
                    (x, y, z) = (5.103397, -60.006031, 3.584632) 
               EDGE ID: 14 :: sense = 1
                 GEOMETRY CLASS: CURVE 
                 GEOMETRY TYPE:  LINE 
                 Peri = 0 :: Range = 0.129996, 6.629790, 0.000000, 0.000000 
                 NODE ID: 8 
                    (x, y, z) = (-5.116612, -60.006031, -2.323613) 
                 NODE ID: 10 
                    (x, y, z) = (-9.095605, -55.409982, -4.623891) 
               EDGE ID: 24 :: sense = 1
                 GEOMETRY CLASS: CURVE 
                 GEOMETRY TYPE:  CIRCLE 
                 Peri = 1 :: Range = 0.000000, 3.141593, 0.000000, 0.000000 
                 NODE ID: 10 
                    (x, y, z) = (-9.095605, -55.409982, -4.623891) 
                 NODE ID: 9 
                    (x, y, z) = (9.082390, -55.409982, 5.884910) 
           FACE ID: 12 :: sense = 1 
             GEOMETRY CLASS: SURFACE 
             GEOMETRY TYPE:  TOROIDAL 

             RANGE (umin, umax) = (3.141593, 6.283185) 
                   (vmin, vmax) = (0.000000, 0.785398) 

             LOOP ID: 12 :: sense = 1
               EDGE ID: 16 :: sense = -1
                 GEOMETRY CLASS: CURVE 
                 GEOMETRY TYPE:  CIRCLE 
                 Peri = 1 :: Range = 3.141593, 3.926991, 0.000000, 0.000000 
                 NODE ID: 12 
                    (x, y, z) = (-10.660690, -51.045578, -5.528676) 
                 NODE ID: 10 
                    (x, y, z) = (-9.095605, -55.409982, -4.623891) 
               EDGE ID: 25 :: sense = 1
                 GEOMETRY CLASS: CURVE 
                 GEOMETRY TYPE:  CIRCLE 
                 Peri = 1 :: Range = 0.000000, 3.141593, 0.000000, 0.000000 
                 NODE ID: 12 
                    (x, y, z) = (-10.660690, -51.045578, -5.528676) 
                 NODE ID: 11 
                    (x, y, z) = (10.647474, -51.045578, 6.789694) 
               EDGE ID: 17 :: sense = 1
                 GEOMETRY CLASS: CURVE 
                 GEOMETRY TYPE:  CIRCLE 
                 Peri = 1 :: Range = 3.141593, 3.926991, 0.000000, 0.000000 
                 NODE ID: 11 
                    (x, y, z) = (10.647474, -51.045578, 6.789694) 
                 NODE ID: 9 
                    (x, y, z) = (9.082390, -55.409982, 5.884910) 
               EDGE ID: 24 :: sense = -1
                 GEOMETRY CLASS: CURVE 
                 GEOMETRY TYPE:  CIRCLE 
                 Peri = 1 :: Range = 0.000000, 3.141593, 0.000000, 0.000000 
                 NODE ID: 10 
                    (x, y, z) = (-9.095605, -55.409982, -4.623891) 
                 NODE ID: 9 
                    (x, y, z) = (9.082390, -55.409982, 5.884910) 
           FACE ID: 13 :: sense = 1 
             GEOMETRY CLASS: SURFACE 
             GEOMETRY TYPE:  CYLINDRICAL 

             RANGE (umin, umax) = (3.141593, 6.283185) 
                   (vmin, vmax) = (47.315371, 77.710749) 

             LOOP ID: 13 :: sense = 1
               EDGE ID: 19 :: sense = -1
                 GEOMETRY CLASS: CURVE 
                 GEOMETRY TYPE:  LINE 
                 Peri = 0 :: Range = 47.315371, 77.710749, 0.000000, 0.000000 
                 NODE ID: 13 
                    (x, y, z) = (-10.660690, -20.650200, -5.528676) 
                 NODE ID: 12 
                    (x, y, z) = (-10.660690, -51.045578, -5.528676) 
               EDGE ID: 26 :: sense = -1
                 GEOMETRY CLASS: CURVE 
                 GEOMETRY TYPE:  CIRCLE 
                 Peri = 1 :: Range = 1.046631, 4.188224, 0.000000, 0.000000 
                 NODE ID: 14 
                    (x, y, z) = (10.647474, -20.650200, 6.789694) 
                 NODE ID: 13 
                    (x, y, z) = (-10.660690, -20.650200, -5.528676) 
               EDGE ID: 20 :: sense = 1
                 GEOMETRY CLASS: CURVE 
                 GEOMETRY TYPE:  LINE 
                 Peri = 0 :: Range = 47.315371, 77.710749, 0.000000, 0.000000 
                 NODE ID: 14 
                    (x, y, z) = (10.647474, -20.650200, 6.789694) 
                 NODE ID: 11 
                    (x, y, z) = (10.647474, -51.045578, 6.789694) 
               EDGE ID: 25 :: sense = -1
                 GEOMETRY CLASS: CURVE 
                 GEOMETRY TYPE:  CIRCLE 
                 Peri = 1 :: Range = 0.000000, 3.141593, 0.000000, 0.000000 
                 NODE ID: 12 
                    (x, y, z) = (-10.660690, -51.045578, -5.528676) 
                 NODE ID: 11 
                    (x, y, z) = (10.647474, -51.045578, 6.789694) 
           FACE ID: 14 :: sense = 1 
             GEOMETRY CLASS: SURFACE 
             GEOMETRY TYPE:  PLANE 

             RANGE (umin, umax) = (-12.306300, 12.306300) 
                   (vmin, vmax) = (-12.306300, 12.306300) 

             LOOP ID: 14 :: sense = 1
               EDGE ID: 18 :: sense = 1
                 GEOMETRY CLASS: CURVE 
                 GEOMETRY TYPE:  CIRCLE 
                 Peri = 1 :: Range = 4.188224, 7.329817, 0.000000, 0.000000 
                 NODE ID: 13 
                    (x, y, z) = (-10.660690, -20.650200, -5.528676) 
                 NODE ID: 14 
                    (x, y, z) = (10.647474, -20.650200, 6.789694) 
               EDGE ID: 26 :: sense = 1
                 GEOMETRY CLASS: CURVE 
                 GEOMETRY TYPE:  CIRCLE 
                 Peri = 1 :: Range = 1.046631, 4.188224, 0.000000, 0.000000 
                 NODE ID: 14 
                    (x, y, z) = (10.647474, -20.650200, 6.789694) 
                 NODE ID: 13 
                    (x, y, z) = (-10.660690, -20.650200, -5.528676) 


DM Object: CAD Surface (bd_) 1 MPI process
  type: plex
CAD Surface in 2 dimensions:
  Number of 0-cells per rank: 54
  Number of 1-cells per rank: 156
  Number of 2-cells per rank: 104
Labels:
  celltype: 3 strata with value/size (0 (54), 3 (104), 1 (156))
  depth: 3 strata with value/size (0 (54), 1 (156), 2 (104))
  EGADS Body ID: 1 strata with value/size (0 (314))
  EGADS Face ID: 14 strata with value/size (1 (17), 2 (17), 3 (17), 4 (17), 5 (17), 6 (17), 7 (9), 8 (17), 9 (17), 10 (17), 11 (17), 12 (17), 13 (17), 14 (9))
  EGADS Edge ID: 26 strata with value/size (1 (3), 4 (3), 3 (3), 2 (3), 5 (3), 7 (3), 6 (3), 8 (3), 10 (3), 9 (3), 11 (3), 12 (3), 13 (3), 14 (3), 15 (3), 16 (3), 17 (3), 18 (3), 19 (3), 20 (3), 21 (3), 22 (3), 23 (3), 24 (3), 25 (3), 26 (3))
  EGADS Vertex ID: 14 strata with value/size (1 (1), 2 (1), 4 (1), 3 (1), 5 (1), 6 (1), 7 (1), 8 (1), 9 (1), 10 (1), 11 (1), 12 (1), 13 (1), 14 (1))
Label 'EGADS Body ID':
[0]: 0 (0)
[0]: 1 (0)
[0]: 2 (0)
[0]: 3 (0)
[0]: 4 (0)
[0]: 5 (0)
[0]: 6 (0)
[0]: 7 (0)
[0]: 8 (0)
[0]: 9 (0)
[0]: 10 (0)
[0]: 11 (0)
[0]: 12 (0)
[0]: 13 (0)
[0]: 14 (0)
[0]: 15 (0)
[0]: 16 (0)
[0]: 17 (0)
[0]: 18 (0)
[0]: 19 (0)
[0]: 20 (0)
[0]: 21 (0)
[0]: 22 (0)
[0]: 23 (0)
[0]: 24 (0)
[0]: 25 (0)
[0]: 26 (0)
[0]: 27 (0)
[0]: 28 (0)
[0]: 29 (0)
[0]: 30 (0)
[0]: 31 (0)
[0]: 32 (0)
[0]: 33 (0)
[0]: 34 (0)
[0]: 35 (0)
[0]: 36 (0)
[0]: 37 (0)
[0]: 38 (0)
[0]: 39 (0)
[0]: 40 (0)
[0]: 41 (0)
[0]: 42 (0)
[0]: 43 (0)
[0]: 44 (0)
[0]: 45 (0)
[0]: 46 (0)
[0]: 47 (0)
[0]: 48 (0)
[0]: 49 (0)
[0]: 50 (0)
[0]: 51 (0)
[0]: 52 (0)
[0]: 53 (0)
[0]: 54 (0)
[0]: 55 (0)
[0]: 56 (0)
[0]: 57 (0)
[0]: 58 (0)
[0]: 59 (0)
[0]: 60 (0)
[0]: 61 (0)
[0]: 62 (0)
[0]: 63 (0)
[0]: 64 (0)
[0]: 65 (0)
[0]: 66 (0)
[0]: 67 (0)
[0]: 68 (0)
[0]: 69 (0)
[0]: 70 (0)
[0]: 71 (0)
[0]: 72 (0)
[0]: 73 (0)
[0]: 74 (0)
[0]: 75 (0)
[0]: 76 (0)
[0]: 77 (0)
[0]: 78 (0)
[0]: 79 (0)
[0]: 80 (0)
[0]: 81 (0)
[0]: 82 (0)
[0]: 83 (0)
[0]: 84 (0)
[0]: 85 (0)
[0]: 86 (0)
[0]: 87 (0)
[0]: 88 (0)
[0]: 89 (0)
[0]: 90 (0)
[0]: 91 (0)
[0]: 92 (0)
[0]: 93 (0)
[0]: 94 (0)
[0]: 95 (0)
[0]: 96 (0)
[0]: 97 (0)
[0]: 98 (0)
[0]: 99 (0)
[0]: 100 (0)
[0]: 101 (0)
[0]: 102 (0)
[0]: 103 (0)
[0]: 104 (0)
[0]: 105 (0)
[0]: 106 (0)
[0]: 107 (0)
[0]: 108 (0)
[0]: 109 (0)
[0]: 110 (0)
[0]: 111 (0)
[0]: 112 (0)
[0]: 113 (0)
[0]: 114 (0)
[0]: 115 (0)
[0]: 116 (0)
[0]: 117 (0)
[0]: 118 (0)
[0]: 119 (0)
[0]: 120 (0)
[0]: 121 (0)
[0]: 122 (0)
[0]: 123 (0)
[0]: 124 (0)
[0]: 125 (0)
[0]: 126 (0)
[0]: 127 (0)
[0]: 128 (0)
[0]: 129 (0)
[0]: 130 (0)
[0]: 131 (0)
[0]: 132 (0)
[0]: 133 (0)
[0]: 134 (0)
[0]: 135 (0)
[0]: 136 (0)
[0]: 137 (0)
[0]: 138 (0)
[0]: 139 (0)
[0]: 140 (0)
[0]: 141 (0)
[0]: 142 (0)
[0]: 143 (0)
[0]: 144 (0)
[0]: 145 (0)
[0]: 146 (0)
[0]: 147 (0)
[0]: 148 (0)
[0]: 149 (0)
[0]: 150 (0)
[0]: 151 (0)
[0]: 152 (0)
[0]: 153 (0)
[0]: 154 (0)
[0]: 155 (0)
[0]: 156 (0)
[0]: 157 (0)
[0]: 158 (0)
[0]: 159 (0)
[0]: 160 (0)
[0]: 161 (0)
[0]: 162 (0)
[0]: 163 (0)
[0]: 164 (0)
[0]: 165 (0)
[0]: 166 (0)
[0]: 167 (0)
[0]: 168 (0)
[0]: 169 (0)
[0]: 170 (0)
[0]: 171 (0)
[0]: 172 (0)
[0]: 173 (0)
[0]: 174 (0)
[0]: 175 (0)
[0]: 176 (0)
[0]: 177 (0)
[0]: 178 (0)
[0]: 179 (0)
[0]: 180 (0)
[0]: 181 (0)
[0]: 182 (0)
[0]: 183 (0)
[0]: 184 (0)
[0]: 185 (0)
[0]: 186 (0)
[0]: 187 (0)
[0]: 188 (0)
[0]: 189 (0)
[0]: 190 (0)
[0]: 191 (0)
[0]: 192 (0)
[0]: 193 (0)
[0]: 194 (0)
[0]: 195 (0)
[0]: 196 (0)
[0]: 197 (0)
[0]: 198 (0)
[0]: 199 (0)
[0]: 200 (0)
[0]: 201 (0)
[0]: 202 (0)
[0]: 203 (0)
[0]: 204 (0)
[0]: 205 (0)
[0]: 206 (0)
[0]: 207 (0)
[0]: 208 (0)
[0]: 209 (0)
[0]: 210 (0)
[0]: 211 (0)
[0]: 212 (0)
[0]: 213 (0)
[0]: 214 (0)
[0]: 215 (0)
[0]: 216 (0)
[0]: 217 (0)
[0]: 218 (0)
[0]: 219 (0)
[0]: 220 (0)
[0]: 221 (0)
[0]: 222 (0)
[0]: 223 (0)
[0]: 224 (0)
[0]: 225 (0)
[0]: 226 (0)
[0]: 227 (0)
[0]: 228 (0)
[0]: 229 (0)
[0]: 230 (0)
[0]: 231 (0)
[0]: 232 (0)
[0]: 233 (0)
[0]: 234 (0)
[0]: 235 (0)
[0]: 236 (0)
[0]: 237 (0)
[0]: 238 (0)
[0]: 239 (0)
[0]: 240 (0)
[0]: 241 (0)
[0]: 242 (0)
[0]: 243 (0)
[0]: 244 (0)
[0]: 245 (0)
[0]: 246 (0)
[0]: 247 (0)
[0]: 248 (0)
[0]: 249 (0)
[0]: 250 (0)
[0]: 251 (0)
[0]: 252 (0)
[0]: 253 (0)
[0]: 254 (0)
[0]: 255 (0)
[0]: 256 (0)
[0]: 257 (0)
[0]: 258 (0)
[0]: 259 (0)
[0]: 260 (0)
[0]: 261 (0)
[0]: 262 (0)
[0]: 263 (0)
[0]: 264 (0)
[0]: 265 (0)
[0]: 266 (0)
[0]: 267 (0)
[0]: 268 (0)
[0]: 269 (0)
[0]: 270 (0)
[0]: 271 (0)
[0]: 272 (0)
[0]: 273 (0)
[0]: 274 (0)
[0]: 275 (0)
[0]: 276 (0)
[0]: 277 (0)
[0]: 278 (0)
[0]: 279 (0)
[0]: 280 (0)
[0]: 281 (0)
[0]: 282 (0)
[0]: 283 (0)
[0]: 284 (0)
[0]: 285 (0)
[0]: 286 (0)
[0]: 287 (0)
[0]: 288 (0)
[0]: 289 (0)
[0]: 290 (0)
[0]: 291 (0)
[0]: 292 (0)
[0]: 293 (0)
[0]: 294 (0)
[0]: 295 (0)
[0]: 296 (0)
[0]: 297 (0)
[0]: 298 (0)
[0]: 299 (0)
[0]: 300 (0)
[0]: 301 (0)
[0]: 302 (0)
[0]: 303 (0)
[0]: 304 (0)
[0]: 305 (0)
[0]: 306 (0)
[0]: 307 (0)
[0]: 308 (0)
[0]: 309 (0)
[0]: 310 (0)
[0]: 311 (0)
[0]: 312 (0)
[0]: 313 (0)
Label 'EGADS Face ID':
[0]: 0 (1)
[0]: 1 (1)
[0]: 2 (1)
[0]: 3 (1)
[0]: 4 (1)
[0]: 5 (1)
[0]: 6 (1)
[0]: 7 (1)
[0]: 144 (1)
[0]: 158 (1)
[0]: 160 (1)
[0]: 162 (1)
[0]: 164 (1)
[0]: 166 (1)
[0]: 168 (1)
[0]: 170 (1)
[0]: 172 (1)
[0]: 8 (2)
[0]: 9 (2)
[0]: 10 (2)
[0]: 11 (2)
[0]: 12 (2)
[0]: 13 (2)
[0]: 14 (2)
[0]: 15 (2)
[0]: 145 (2)
[0]: 174 (2)
[0]: 176 (2)
[0]: 178 (2)
[0]: 179 (2)
[0]: 180 (2)
[0]: 182 (2)
[0]: 184 (2)
[0]: 186 (2)
[0]: 16 (3)
[0]: 17 (3)
[0]: 18 (3)
[0]: 19 (3)
[0]: 20 (3)
[0]: 21 (3)
[0]: 22 (3)
[0]: 23 (3)
[0]: 146 (3)
[0]: 188 (3)
[0]: 190 (3)
[0]: 192 (3)
[0]: 193 (3)
[0]: 194 (3)
[0]: 196 (3)
[0]: 198 (3)
[0]: 200 (3)
[0]: 24 (4)
[0]: 25 (4)
[0]: 26 (4)
[0]: 27 (4)
[0]: 28 (4)
[0]: 29 (4)
[0]: 30 (4)
[0]: 31 (4)
[0]: 147 (4)
[0]: 202 (4)
[0]: 204 (4)
[0]: 206 (4)
[0]: 208 (4)
[0]: 210 (4)
[0]: 212 (4)
[0]: 214 (4)
[0]: 216 (4)
[0]: 32 (5)
[0]: 33 (5)
[0]: 34 (5)
[0]: 35 (5)
[0]: 36 (5)
[0]: 37 (5)
[0]: 38 (5)
[0]: 39 (5)
[0]: 148 (5)
[0]: 218 (5)
[0]: 220 (5)
[0]: 222 (5)
[0]: 224 (5)
[0]: 226 (5)
[0]: 227 (5)
[0]: 228 (5)
[0]: 230 (5)
[0]: 40 (6)
[0]: 41 (6)
[0]: 42 (6)
[0]: 43 (6)
[0]: 44 (6)
[0]: 45 (6)
[0]: 46 (6)
[0]: 47 (6)
[0]: 149 (6)
[0]: 232 (6)
[0]: 234 (6)
[0]: 236 (6)
[0]: 238 (6)
[0]: 240 (6)
[0]: 241 (6)
[0]: 242 (6)
[0]: 244 (6)
[0]: 48 (7)
[0]: 49 (7)
[0]: 50 (7)
[0]: 51 (7)
[0]: 150 (7)
[0]: 246 (7)
[0]: 247 (7)
[0]: 248 (7)
[0]: 250 (7)
[0]: 52 (8)
[0]: 53 (8)
[0]: 54 (8)
[0]: 55 (8)
[0]: 56 (8)
[0]: 57 (8)
[0]: 58 (8)
[0]: 59 (8)
[0]: 151 (8)
[0]: 252 (8)
[0]: 253 (8)
[0]: 254 (8)
[0]: 255 (8)
[0]: 256 (8)
[0]: 258 (8)
[0]: 260 (8)
[0]: 261 (8)
[0]: 60 (9)
[0]: 61 (9)
[0]: 62 (9)
[0]: 63 (9)
[0]: 64 (9)
[0]: 65 (9)
[0]: 66 (9)
[0]: 67 (9)
[0]: 152 (9)
[0]: 262 (9)
[0]: 264 (9)
[0]: 266 (9)
[0]: 267 (9)
[0]: 268 (9)
[0]: 269 (9)
[0]: 270 (9)
[0]: 271 (9)
[0]: 68 (10)
[0]: 69 (10)
[0]: 70 (10)
[0]: 71 (10)
[0]: 72 (10)
[0]: 73 (10)
[0]: 74 (10)
[0]: 75 (10)
[0]: 153 (10)
[0]: 272 (10)
[0]: 273 (10)
[0]: 274 (10)
[0]: 275 (10)
[0]: 276 (10)
[0]: 277 (10)
[0]: 278 (10)
[0]: 279 (10)
[0]: 76 (11)
[0]: 77 (11)
[0]: 78 (11)
[0]: 79 (11)
[0]: 80 (11)
[0]: 81 (11)
[0]: 82 (11)
[0]: 83 (11)
[0]: 154 (11)
[0]: 280 (11)
[0]: 281 (11)
[0]: 282 (11)
[0]: 283 (11)
[0]: 284 (11)
[0]: 285 (11)
[0]: 286 (11)
[0]: 288 (11)
[0]: 84 (12)
[0]: 85 (12)
[0]: 86 (12)
[0]: 87 (12)
[0]: 88 (12)
[0]: 89 (12)
[0]: 90 (12)
[0]: 91 (12)
[0]: 155 (12)
[0]: 290 (12)
[0]: 291 (12)
[0]: 292 (12)
[0]: 294 (12)
[0]: 296 (12)
[0]: 297 (12)
[0]: 298 (12)
[0]: 299 (12)
[0]: 92 (13)
[0]: 93 (13)
[0]: 94 (13)
[0]: 95 (13)
[0]: 96 (13)
[0]: 97 (13)
[0]: 98 (13)
[0]: 99 (13)
[0]: 156 (13)
[0]: 300 (13)
[0]: 301 (13)
[0]: 302 (13)
[0]: 304 (13)
[0]: 306 (13)
[0]: 307 (13)
[0]: 308 (13)
[0]: 309 (13)
[0]: 100 (14)
[0]: 101 (14)
[0]: 102 (14)
[0]: 103 (14)
[0]: 157 (14)
[0]: 310 (14)
[0]: 311 (14)
[0]: 312 (14)
[0]: 313 (14)
Label 'EGADS Edge ID':
[0]: 118 (1)
[0]: 159 (1)
[0]: 161 (1)
[0]: 121 (4)
[0]: 163 (4)
[0]: 165 (4)
[0]: 120 (3)
[0]: 167 (3)
[0]: 169 (3)
[0]: 119 (2)
[0]: 171 (2)
[0]: 173 (2)
[0]: 122 (5)
[0]: 175 (5)
[0]: 177 (5)
[0]: 124 (7)
[0]: 181 (7)
[0]: 183 (7)
[0]: 123 (6)
[0]: 185 (6)
[0]: 187 (6)
[0]: 125 (8)
[0]: 189 (8)
[0]: 191 (8)
[0]: 127 (10)
[0]: 195 (10)
[0]: 197 (10)
[0]: 126 (9)
[0]: 199 (9)
[0]: 201 (9)
[0]: 128 (11)
[0]: 203 (11)
[0]: 205 (11)
[0]: 129 (12)
[0]: 207 (12)
[0]: 209 (12)
[0]: 130 (13)
[0]: 211 (13)
[0]: 213 (13)
[0]: 131 (14)
[0]: 215 (14)
[0]: 217 (14)
[0]: 132 (15)
[0]: 219 (15)
[0]: 221 (15)
[0]: 133 (16)
[0]: 223 (16)
[0]: 225 (16)
[0]: 134 (17)
[0]: 229 (17)
[0]: 231 (17)
[0]: 135 (18)
[0]: 233 (18)
[0]: 235 (18)
[0]: 136 (19)
[0]: 237 (19)
[0]: 239 (19)
[0]: 137 (20)
[0]: 243 (20)
[0]: 245 (20)
[0]: 138 (21)
[0]: 249 (21)
[0]: 251 (21)
[0]: 139 (22)
[0]: 257 (22)
[0]: 259 (22)
[0]: 140 (23)
[0]: 263 (23)
[0]: 265 (23)
[0]: 141 (24)
[0]: 287 (24)
[0]: 289 (24)
[0]: 142 (25)
[0]: 293 (25)
[0]: 295 (25)
[0]: 143 (26)
[0]: 303 (26)
[0]: 305 (26)
DM CAD Mesh: Surface Area = 7.758129e+04 Volume = 1.492089e+06
 EGADS Info: 159 Objects, 234 Reference in Use (of 393) at Close!
