PetscSection Object: 1 MPI processes
  type not yet set
3 fields
  field 0 with 1 components
Process 0:
  (   0) count  0 offset   0
  (   1) count  0 offset   2
  (   2) count  0 offset   4
  (   3) count  0 offset   6
  (   4) count  0 offset   8
  (   5) count  0 offset  10
  (   6) count  0 offset  12
  (   7) count  0 offset  14
  (   8) count  1 offset  16 constrained 0
  (   9) count  1 offset  17 constrained 0
  (  10) count  1 offset  18 constrained 0
  (  11) count  1 offset  19 constrained 0
  (  12) count  1 offset  20
  (  13) count  1 offset  21 constrained 0
  (  14) count  1 offset  22 constrained 0
  (  15) count  1 offset  23 constrained 0
  (  16) count  1 offset  24 constrained 0
  (  17) count  0 offset  25
  (  18) count  0 offset  26
  (  19) count  0 offset  27
  (  20) count  0 offset  28
  (  21) count  0 offset  29
  (  22) count  0 offset  30
  (  23) count  0 offset  31
  (  24) count  0 offset  32
  (  25) count  0 offset  33
  (  26) count  0 offset  34
  (  27) count  0 offset  35
  (  28) count  0 offset  36
  (  29) count  0 offset  37
  (  30) count  0 offset  38
  (  31) count  0 offset  39
  (  32) count  0 offset  40
  field 1 with 2 components
Process 0:
  (   0) count  2 offset   0
  (   1) count  2 offset   2
  (   2) count  2 offset   4
  (   3) count  2 offset   6
  (   4) count  2 offset   8
  (   5) count  2 offset  10
  (   6) count  2 offset  12
  (   7) count  2 offset  14
  (   8) count  0 offset  17
  (   9) count  0 offset  18
  (  10) count  0 offset  19
  (  11) count  0 offset  20
  (  12) count  0 offset  21
  (  13) count  0 offset  22
  (  14) count  0 offset  23
  (  15) count  0 offset  24
  (  16) count  0 offset  25
  (  17) count  0 offset  25
  (  18) count  0 offset  26
  (  19) count  0 offset  27
  (  20) count  0 offset  28
  (  21) count  0 offset  29
  (  22) count  0 offset  30
  (  23) count  0 offset  31
  (  24) count  0 offset  32
  (  25) count  0 offset  33
  (  26) count  0 offset  34
  (  27) count  0 offset  35
  (  28) count  0 offset  36
  (  29) count  0 offset  37
  (  30) count  0 offset  38
  (  31) count  0 offset  39
  (  32) count  0 offset  40
  field 2 with 1 components
Process 0:
  (   0) count  0 offset   2
  (   1) count  0 offset   4
  (   2) count  0 offset   6
  (   3) count  0 offset   8
  (   4) count  0 offset  10
  (   5) count  0 offset  12
  (   6) count  0 offset  14
  (   7) count  0 offset  16
  (   8) count  0 offset  17
  (   9) count  0 offset  18
  (  10) count  0 offset  19
  (  11) count  0 offset  20
  (  12) count  0 offset  21
  (  13) count  0 offset  22
  (  14) count  0 offset  23
  (  15) count  0 offset  24
  (  16) count  0 offset  25
  (  17) count  1 offset  25
  (  18) count  1 offset  26
  (  19) count  1 offset  27
  (  20) count  1 offset  28
  (  21) count  1 offset  29
  (  22) count  1 offset  30
  (  23) count  1 offset  31
  (  24) count  1 offset  32
  (  25) count  1 offset  33
  (  26) count  1 offset  34
  (  27) count  1 offset  35
  (  28) count  1 offset  36
  (  29) count  1 offset  37
  (  30) count  1 offset  38
  (  31) count  1 offset  39
  (  32) count  1 offset  40
[0] DMPlexGetFieldType_Internal(): Could not classify VTK output type of section field 2 "w"
